Drill Listing
=============
Drill: .01024  Tool: 1  Feed: 95  Speed: 300
X 1024400  Y 1049100
X 1011800  Y 1049100
X 1018100  Y 1049100
X 1020472  Y 1118503
X 1003700  Y 1120400
X 1020472  Y 1127952
X 1003800  Y 1129500
X 1020472  Y 1136614
X 1003500  Y 1138600
X 1020472  Y 1145669
X 1003700  Y 1147600
X 1011417  Y 1152362
X 1007900  Y 1161300
X 1046500  Y 1183300
X 1030905  Y 1175787
X 1047800  Y 1175500
X 1032480  Y 1173228
X 1046259  Y 1173228
X 1047834  Y 1170669
X 1030905  Y 1170669
X 1046259  Y 1168110
X 1032480  Y 1168110
X 1046300  Y 1158600
X 1041535  Y 1140354
X 1043503  Y 1136614
X 1031200  Y 1130600
X 1037600  Y 1127400
X 1039173  Y 1125196
X 1034842  Y 1123031
X 1036900  Y 1118503
X 1028937  Y 1114370
X 1041535  Y 1109251
X 1043503  Y 1107283
X 1039173  Y 1094291
X 1030700  Y 1049200
X 1059251  Y 1020275
X 1076600  Y 1023200
X 1062992  Y 1025787
X 1073100  Y 1028600
X 1066900  Y 1030300
X 1075700  Y 1030900
X 1069600  Y 1031000
X 1061700  Y 1031000
X 1067000  Y 1033000
X 1062000  Y 1033700
X 1064800  Y 1034600
X 1053543  Y 1036614
X 1056300  Y 1037000
X 1065900  Y 1037300
X 1073622  Y 1049409
X 1056496  Y 1051377
X 1077952  Y 1055905
X 1056500  Y 1056200
X 1063385  Y 1062401
X 1058800  Y 1069900
X 1057700  Y 1073600
X 1056200  Y 1076000
X 1066535  Y 1091141
X 1064960  Y 1093700
X 1055511  Y 1094291
X 1066929  Y 1096259
X 1057677  Y 1098031
X 1057000  Y 1109300
X 1064800  Y 1109300
X 1060039  Y 1136811
X 1063600  Y 1149400
X 1072440  Y 1151771
X 1066929  Y 1152165
X 1069685  Y 1152362
X 1070275  Y 1158858
X 1076181  Y 1185039
X 1072244  Y 1187007
X 1074212  Y 1188976
X 1070275  Y 1190944
X 1070669  Y 1234645
X 1087795  Y 1258661
X 1090157  Y 1255511
X 1087795  Y 1252362
X 1090157  Y 1249212
X 1087795  Y 1246062
X 1090157  Y 1242913
X 1087795  Y 1239763
X 1090157  Y 1236614
X 1087795  Y 1233464
X 1090157  Y 1230314
X 1087795  Y 1220866
X 1090157  Y 1217716
X 1087795  Y 1214566
X 1090157  Y 1211417
X 1087795  Y 1208267
X 1090157  Y 1205118
X 1087795  Y 1201968
X 1090157  Y 1198818
X 1087795  Y 1195669
X 1090157  Y 1192519
X 1092716  Y 1190551
X 1091535  Y 1180905
X 1095472  Y 1180905
X 1099409  Y 1180905
X 1085629  Y 1180708
X 1087598  Y 1178740
X 1097440  Y 1178740
X 1093503  Y 1178740
X 1086417  Y 1167519
X 1083661  Y 1165551
X 1086811  Y 1162007
X 1086614  Y 1151968
X 1083464  Y 1151377
X 1090600  Y 1141300
X 1086600  Y 1136800
X 1089300  Y 1134100
X 1087900  Y 1129800
X 1083500  Y 1129300
X 1090400  Y 1127700
X 1088200  Y 1125800
X 1086500  Y 1123100
X 1083500  Y 1121500
X 1085800  Y 1119900
X 1086000  Y 1109900
X 1083900  Y 1107900
X 1083900  Y 1105200
X 1083900  Y 1102500
X 1100600  Y 1098800
X 1096259  Y 1098228
X 1097440  Y 1094881
X 1083900  Y 1094700
X 1091400  Y 1083700
X 1102165  Y 1083661
X 1088582  Y 1083661
X 1080300  Y 1083400
X 1084100  Y 1082100
X 1101100  Y 1080000
X 1092300  Y 1079600
X 1095900  Y 1078500
X 1097000  Y 1074500
X 1100400  Y 1061200
X 1086811  Y 1059251
X 1090157  Y 1059251
X 1100200  Y 1058500
X 1103100  Y 1054700
X 1096062  Y 1047637
X 1089763  Y 1045866
X 1100200  Y 1037300
X 1082400  Y 1037200
X 1095669  Y 1036614
X 1086100  Y 1036600
X 1080900  Y 1034800
X 1083858  Y 1034645
X 1101574  Y 1034645
X 1097637  Y 1034645
X 1088500  Y 1034000
X 1095700  Y 1031800
X 1079200  Y 1031100
X 1091500  Y 1029300
X 1097600  Y 1023100
X 1122834  Y 1020275
X 1119685  Y 1020275
X 1108300  Y 1026800
X 1109400  Y 1029500
X 1119300  Y 1033900
X 1127200  Y 1034600
X 1111300  Y 1036600
X 1119700  Y 1036600
X 1115000  Y 1036600
X 1107600  Y 1036900
X 1103900  Y 1037100
X 1127100  Y 1045000
X 1123300  Y 1045100
X 1108858  Y 1045669
X 1107500  Y 1061300
X 1126000  Y 1071100
X 1126300  Y 1073800
X 1113800  Y 1075300
X 1112700  Y 1080000
X 1125000  Y 1081692
X 1123031  Y 1083661
X 1126968  Y 1083661
X 1119094  Y 1083661
X 1109100  Y 1083700
X 1109000  Y 1105300
X 1107283  Y 1115944
X 1105314  Y 1155118
X 1123031  Y 1178740
X 1113188  Y 1178740
X 1120078  Y 1178740
X 1109251  Y 1178740
X 1105314  Y 1178740
X 1117125  Y 1178740
X 1115157  Y 1180708
X 1125000  Y 1180708
X 1126968  Y 1183267
X 1119291  Y 1192519
X 1121653  Y 1195669
X 1119291  Y 1198818
X 1121653  Y 1201968
X 1119291  Y 1205118
X 1121653  Y 1211417
X 1119291  Y 1214566
X 1121653  Y 1217716
X 1119291  Y 1220866
X 1121653  Y 1230314
X 1119291  Y 1233464
X 1121653  Y 1236614
X 1119291  Y 1239763
X 1121653  Y 1242913
X 1119291  Y 1246062
X 1121653  Y 1249212
X 1119291  Y 1252362
X 1121653  Y 1255511
X 1119291  Y 1258661
X 1142400  Y 1260400
X 1131900  Y 1258700
X 1145700  Y 1257200
X 1134500  Y 1255700
X 1142900  Y 1254700
X 1131900  Y 1253000
X 1134800  Y 1250000
X 1145500  Y 1249500
X 1139400  Y 1246100
X 1133000  Y 1243100
X 1131900  Y 1239400
X 1142900  Y 1239000
X 1145600  Y 1236300
X 1134300  Y 1236000
X 1131700  Y 1233300
X 1142900  Y 1233300
X 1145275  Y 1230314
X 1134300  Y 1230300
X 1142800  Y 1221800
X 1131889  Y 1220866
X 1145800  Y 1218600
X 1134251  Y 1217716
X 1142900  Y 1216100
X 1131889  Y 1214566
X 1145300  Y 1212200
X 1134251  Y 1211417
X 1131900  Y 1209400
X 1145400  Y 1207500
X 1133200  Y 1205700
X 1142000  Y 1204300
X 1138000  Y 1201800
X 1145300  Y 1201800
X 1134100  Y 1196900
X 1142200  Y 1195500
X 1131400  Y 1194300
X 1145700  Y 1193900
X 1134500  Y 1191200
X 1145500  Y 1189200
X 1134842  Y 1186614
X 1138700  Y 1185400
X 1136200  Y 1184000
X 1130900  Y 1183600
X 1128900  Y 1181400
X 1149800  Y 1167200
X 1146100  Y 1166500
X 1153400  Y 1165500
X 1148622  Y 1164566
X 1151400  Y 1163600
X 1131500  Y 1157900
X 1146653  Y 1083661
X 1134842  Y 1083661
X 1150590  Y 1083661
X 1142716  Y 1083661
X 1138779  Y 1083661
X 1130905  Y 1083661
X 1132874  Y 1081692
X 1136811  Y 1081692
X 1148622  Y 1081692
X 1128937  Y 1081692
X 1140748  Y 1081692
X 1144685  Y 1081692
X 1152600  Y 1079200
X 1135039  Y 1071850
X 1138779  Y 1064566
X 1133070  Y 1062204
X 1129133  Y 1062204
X 1131496  Y 1059448
X 1150500  Y 1051400
X 1142700  Y 1050000
X 1138600  Y 1049600
X 1144881  Y 1045669
X 1131102  Y 1045472
X 1132283  Y 1036614
X 1140944  Y 1036614
X 1135039  Y 1036614
X 1137795  Y 1036614
X 1129133  Y 1036614
X 1143700  Y 1036614
X 1149500  Y 1036600
X 1152200  Y 1035600
X 1138582  Y 1020275
X 1151181  Y 1020275
X 1160629  Y 1020275
X 1162800  Y 1034700
X 1157500  Y 1037200
X 1159300  Y 1041800
X 1166929  Y 1042913
X 1154300  Y 1048200
X 1156300  Y 1054400
X 1155500  Y 1058100
X 1160000  Y 1072000
X 1157900  Y 1080300
X 1156692  Y 1085826
X 1167500  Y 1099900
X 1167500  Y 1103600
X 1174200  Y 1106200
X 1172600  Y 1108500
X 1167400  Y 1119100
X 1153937  Y 1119488
X 1168700  Y 1121800
X 1167519  Y 1124212
X 1169685  Y 1126181
X 1167500  Y 1129500
X 1167500  Y 1133200
X 1171600  Y 1136000
X 1156496  Y 1139763
X 1171800  Y 1140000
X 1156496  Y 1142913
X 1167519  Y 1143897
X 1167519  Y 1147834
X 1167500  Y 1150600
X 1167100  Y 1153300
X 1156300  Y 1159100
X 1172637  Y 1167716
X 1175393  Y 1167913
X 1178100  Y 1168600
X 1174803  Y 1190551
X 1157900  Y 1192600
X 1155511  Y 1195669
X 1157874  Y 1198818
X 1155511  Y 1201968
X 1157874  Y 1205118
X 1155511  Y 1208267
X 1157874  Y 1211417
X 1155511  Y 1214566
X 1157874  Y 1217716
X 1155511  Y 1220866
X 1157874  Y 1230314
X 1155511  Y 1233464
X 1157874  Y 1236614
X 1155511  Y 1239763
X 1157874  Y 1242913
X 1155511  Y 1246062
X 1157874  Y 1249212
X 1155511  Y 1252362
X 1157874  Y 1255511
X 1155511  Y 1258661
X 1187007  Y 1258661
X 1199606  Y 1258661
X 1189370  Y 1255511
X 1199606  Y 1255511
X 1199600  Y 1252500
X 1187007  Y 1252362
X 1199600  Y 1249800
X 1189370  Y 1249212
X 1187007  Y 1246062
X 1189370  Y 1242913
X 1187007  Y 1239763
X 1189370  Y 1236614
X 1202000  Y 1235400
X 1187007  Y 1233464
X 1199100  Y 1233000
X 1189370  Y 1230314
X 1202000  Y 1229700
X 1186811  Y 1220866
X 1199606  Y 1220866
X 1199606  Y 1217716
X 1189370  Y 1217716
X 1201200  Y 1214600
X 1187007  Y 1214566
X 1199400  Y 1212500
X 1189370  Y 1211417
X 1202000  Y 1209800
X 1187007  Y 1208267
X 1189370  Y 1205118
X 1198900  Y 1203600
X 1187007  Y 1201968
X 1199400  Y 1199200
X 1189370  Y 1198818
X 1199600  Y 1196500
X 1187007  Y 1195669
X 1189370  Y 1192519
X 1184000  Y 1180600
X 1191929  Y 1180511
X 1195866  Y 1180511
X 1199803  Y 1180511
X 1187992  Y 1180511
X 1193897  Y 1178543
X 1189960  Y 1178543
X 1197834  Y 1178543
X 1201771  Y 1178543
X 1180800  Y 1168800
X 1195078  Y 1168110
X 1197834  Y 1168110
X 1190600  Y 1166400
X 1184100  Y 1165400
X 1192300  Y 1164300
X 1188100  Y 1164200
X 1201000  Y 1156700
X 1196300  Y 1156700
X 1202755  Y 1144488
X 1193897  Y 1133858
X 1197800  Y 1132600
X 1195866  Y 1114370
X 1199803  Y 1112401
X 1189566  Y 1110433
X 1186023  Y 1090944
X 1201800  Y 1090600
X 1197400  Y 1050300
X 1183300  Y 1049500
X 1202600  Y 1048900
X 1183100  Y 1044200
X 1202400  Y 1044200
X 1196900  Y 1042100
X 1180511  Y 1039763
X 1183070  Y 1037992
X 1182874  Y 1031496
X 1193503  Y 1020866
X 1223900  Y 1090900
X 1214173  Y 1090944
X 1211220  Y 1090944
X 1221653  Y 1101968
X 1227362  Y 1101968
X 1217716  Y 1101968
X 1209645  Y 1104133
X 1217519  Y 1106496
X 1205708  Y 1108464
X 1213582  Y 1109448
X 1211614  Y 1112401
X 1209645  Y 1114370
X 1225393  Y 1120866
X 1219685  Y 1124212
X 1215551  Y 1126181
X 1207677  Y 1128346
X 1203740  Y 1130314
X 1210629  Y 1137992
X 1217519  Y 1151771
X 1206496  Y 1152362
X 1203937  Y 1153740
X 1217519  Y 1154527
X 1203937  Y 1156692
X 1217519  Y 1157283
X 1217519  Y 1160039
X 1217519  Y 1162795
X 1217519  Y 1165551
X 1219488  Y 1178543
X 1223425  Y 1178543
X 1215551  Y 1178543
X 1205708  Y 1178543
X 1227362  Y 1178543
X 1217519  Y 1180511
X 1225393  Y 1180511
X 1203740  Y 1180511
X 1221456  Y 1180511
X 1208700  Y 1191000
X 1208900  Y 1195400
X 1203600  Y 1201700
X 1209800  Y 1203300
X 1208000  Y 1205300
X 1213700  Y 1230800
X 1216700  Y 1233100
X 1218700  Y 1236811
X 1220669  Y 1240354
X 1203600  Y 1242200
X 1223228  Y 1243307
X 1220866  Y 1246653
X 1226377  Y 1248622
X 1241535  Y 1240944
X 1239566  Y 1238976
X 1241535  Y 1237007
X 1239566  Y 1235039
X 1241535  Y 1233070
X 1230300  Y 1204200
X 1238582  Y 1203543
X 1235826  Y 1203543
X 1233070  Y 1203543
X 1234100  Y 1168400
X 1237800  Y 1167700
X 1234100  Y 1165700
X 1232500  Y 1162200
X 1252559  Y 1152559
X 1230300  Y 1151200
X 1245078  Y 1148425
X 1230314  Y 1146456
X 1230300  Y 1143700
X 1233000  Y 1137300
X 1243897  Y 1137007
X 1242716  Y 1134448
X 1241535  Y 1131889
X 1240354  Y 1129330
X 1239173  Y 1126771
X 1237992  Y 1124212
X 1236811  Y 1121653
X 1235629  Y 1119094
X 1229330  Y 1118897
X 1233267  Y 1103937
X 1237204  Y 1103937
X 1231299  Y 1101968
X 1235236  Y 1101968
X 1250393  Y 1100590
X 1250393  Y 1097637
X 1250393  Y 1092913
X 1251574  Y 1067716
X 1236500  Y 1065800
X 1278740  Y 1095669
X 1287007  Y 1095669
X 1265157  Y 1105118
X 1265157  Y 1111811
X 1269685  Y 1114960
X 1257480  Y 1126771
X 1255314  Y 1151181
X 1309645  Y 1200984
X 1319488  Y 1198622
X 1304330  Y 1183464
X 1312401  Y 1172244
X 1317460  Y 1170078
X 1305511  Y 1153149
X 1323622  Y 1153149
X 1322834  Y 1150000

Drill: .01181  Tool: 2  Feed: 95  Speed: 300
X 1011811  Y 1035100
X 1018110  Y 1035100
X 1024409  Y 1035100
X 1004800  Y 1057500
X 1005000  Y 1077500
X 1015000  Y 1113500
X 1022500  Y 1113600
X 1020472  Y 1121653
X 1028100  Y 1128100
X 1020472  Y 1130905
X 1023000  Y 1134100
X 1020300  Y 1139800
X 1024300  Y 1140400
X 1020472  Y 1148818
X 1025100  Y 1151500
X 1024300  Y 1156700
X 1014700  Y 1165400
X 1028149  Y 1191338
X 1028149  Y 1233858
X 1041338  Y 1259842
X 1044881  Y 1255118
X 1045100  Y 1240100
X 1039763  Y 1184645
X 1047800  Y 1179400
X 1046300  Y 1162500
X 1052600  Y 1160100
X 1040900  Y 1159300
X 1029200  Y 1145700
X 1038300  Y 1141800
X 1045000  Y 1141500
X 1047600  Y 1136600
X 1035300  Y 1130600
X 1044600  Y 1121100
X 1048300  Y 1118100
X 1045500  Y 1113500
X 1039200  Y 1112600
X 1042100  Y 1103700
X 1048228  Y 1102952
X 1039500  Y 1101100
X 1052755  Y 1091338
X 1035700  Y 1089800
X 1041000  Y 1089800
X 1036900  Y 1082600
X 1044443  Y 1078961
X 1049015  Y 1069094
X 1039600  Y 1057500
X 1040748  Y 1038188
X 1030708  Y 1035100
X 1047500  Y 1024000
X 1056400  Y 1033000
X 1070900  Y 1034900
X 1077000  Y 1036400
X 1062000  Y 1037300
X 1056500  Y 1060100
X 1060500  Y 1061800
X 1059100  Y 1065900
X 1063385  Y 1066141
X 1073818  Y 1072440
X 1061600  Y 1072600
X 1066900  Y 1074900
X 1069800  Y 1082800
X 1058267  Y 1091338
X 1072440  Y 1093700
X 1071456  Y 1108858
X 1060900  Y 1109500
X 1062992  Y 1114173
X 1059055  Y 1114173
X 1070866  Y 1114173
X 1066929  Y 1114173
X 1054300  Y 1114200
X 1056200  Y 1120000
X 1073000  Y 1122100
X 1072900  Y 1127600
X 1072300  Y 1132000
X 1071800  Y 1137600
X 1063900  Y 1141900
X 1072637  Y 1141929
X 1055500  Y 1142000
X 1071300  Y 1145400
X 1072047  Y 1155708
X 1054700  Y 1163700
X 1072000  Y 1167300
X 1076771  Y 1168110
X 1074803  Y 1196850
X 1074803  Y 1200787
X 1074803  Y 1204724
X 1059000  Y 1205000
X 1074803  Y 1208661
X 1070078  Y 1213976
X 1074803  Y 1224015
X 1074803  Y 1227165
X 1070669  Y 1237795
X 1074803  Y 1244094
X 1074803  Y 1248031
X 1074803  Y 1253937
X 1074803  Y 1257874
X 1087795  Y 1227165
X 1090551  Y 1224015
X 1081700  Y 1172400
X 1100393  Y 1163779
X 1092125  Y 1158267
X 1103400  Y 1151400
X 1087401  Y 1143897
X 1085400  Y 1132900
X 1083300  Y 1125400
X 1089700  Y 1115200
X 1083900  Y 1098600
X 1092125  Y 1098425
X 1088779  Y 1098228
X 1101300  Y 1094900
X 1083200  Y 1086000
X 1097300  Y 1083400
X 1083464  Y 1078740
X 1087598  Y 1078740
X 1093100  Y 1075700
X 1102100  Y 1074700
X 1081102  Y 1073818
X 1083858  Y 1059055
X 1101000  Y 1050300
X 1092600  Y 1034200
X 1086100  Y 1030900
X 1086600  Y 1025400
X 1103800  Y 1031000
X 1115400  Y 1032600
X 1109300  Y 1033100
X 1123600  Y 1036600
X 1104700  Y 1045500
X 1123600  Y 1049300
X 1106700  Y 1050700
X 1108900  Y 1058300
X 1104800  Y 1058500
X 1125000  Y 1077700
X 1108100  Y 1079100
X 1118600  Y 1079800
X 1105708  Y 1083070
X 1113000  Y 1083900
X 1125000  Y 1094300
X 1106000  Y 1097900
X 1111200  Y 1097900
X 1118897  Y 1098425
X 1106800  Y 1102000
X 1123700  Y 1125900
X 1115100  Y 1131100
X 1112992  Y 1138188
X 1121100  Y 1150800
X 1113000  Y 1160500
X 1104500  Y 1164000
X 1111200  Y 1165200
X 1120500  Y 1167300
X 1126300  Y 1167800
X 1114300  Y 1167800
X 1112204  Y 1185039
X 1122047  Y 1185039
X 1108267  Y 1185039
X 1118110  Y 1185039
X 1121653  Y 1224015
X 1119094  Y 1227165
X 1141600  Y 1250800
X 1135500  Y 1246100
X 1141700  Y 1242900
X 1135900  Y 1241900
X 1138582  Y 1227165
X 1138582  Y 1224015
X 1141700  Y 1210200
X 1136900  Y 1207600
X 1134100  Y 1201800
X 1142200  Y 1199400
X 1138100  Y 1194000
X 1141600  Y 1188500
X 1131700  Y 1178700
X 1148400  Y 1178200
X 1138100  Y 1167800
X 1132874  Y 1166338
X 1144685  Y 1163779
X 1129600  Y 1163300
X 1140000  Y 1152500
X 1131500  Y 1149600
X 1144685  Y 1148818
X 1151181  Y 1148818
X 1149000  Y 1145000
X 1141300  Y 1139800
X 1140000  Y 1128000
X 1135039  Y 1119291
X 1132677  Y 1112401
X 1141500  Y 1111000
X 1147000  Y 1111000
X 1136000  Y 1111000
X 1140000  Y 1104000
X 1134000  Y 1103700
X 1141900  Y 1100600
X 1137800  Y 1099300
X 1133700  Y 1098400
X 1152500  Y 1095000
X 1148100  Y 1094900
X 1144000  Y 1094400
X 1147700  Y 1077800
X 1153200  Y 1074700
X 1146600  Y 1050200
X 1140700  Y 1046500
X 1150900  Y 1046100
X 1129133  Y 1020275
X 1148031  Y 1020275
X 1141732  Y 1020275
X 1135433  Y 1020275
X 1154330  Y 1020275
X 1161800  Y 1037400
X 1153900  Y 1040500
X 1174200  Y 1044900
X 1158700  Y 1045700
X 1170500  Y 1049800
X 1176700  Y 1054900
X 1172800  Y 1063600
X 1159000  Y 1067000
X 1156400  Y 1070100
X 1173200  Y 1075100
X 1164566  Y 1079527
X 1154500  Y 1082400
X 1171000  Y 1084800
X 1162401  Y 1088582
X 1177165  Y 1090354
X 1156800  Y 1090700
X 1165500  Y 1091200
X 1173300  Y 1096700
X 1156299  Y 1100590
X 1172047  Y 1102559
X 1175984  Y 1102559
X 1156800  Y 1106300
X 1168700  Y 1108500
X 1156299  Y 1111033
X 1175700  Y 1113100
X 1156800  Y 1116300
X 1172100  Y 1117600
X 1156299  Y 1122244
X 1156600  Y 1128200
X 1172047  Y 1132086
X 1175984  Y 1132086
X 1168200  Y 1138100
X 1177700  Y 1138300
X 1175196  Y 1143897
X 1171062  Y 1143897
X 1154900  Y 1145900
X 1175196  Y 1148031
X 1171259  Y 1148031
X 1156800  Y 1155200
X 1175393  Y 1157283
X 1171456  Y 1157283
X 1156800  Y 1162000
X 1167200  Y 1162700
X 1156800  Y 1169700
X 1160200  Y 1179700
X 1158070  Y 1224015
X 1155511  Y 1227165
X 1200800  Y 1239300
X 1187007  Y 1227165
X 1189370  Y 1224015
X 1199500  Y 1184400
X 1181800  Y 1173700
X 1187200  Y 1168600
X 1200787  Y 1168110
X 1179200  Y 1164300
X 1181300  Y 1146800
X 1183200  Y 1139700
X 1188900  Y 1136400
X 1197800  Y 1128700
X 1183800  Y 1125000
X 1190100  Y 1122100
X 1181800  Y 1114400
X 1185826  Y 1106299
X 1201968  Y 1106299
X 1191732  Y 1106299
X 1180000  Y 1098400
X 1195800  Y 1090900
X 1181102  Y 1090354
X 1191100  Y 1087400
X 1191000  Y 1080900
X 1196600  Y 1076574
X 1186600  Y 1075100
X 1186700  Y 1068400
X 1202900  Y 1063200
X 1187100  Y 1058300
X 1199800  Y 1054900
X 1180300  Y 1052000
X 1179600  Y 1046200
X 1198600  Y 1045900
X 1200000  Y 1037100
X 1180708  Y 1035826
X 1197637  Y 1032677
X 1181300  Y 1023000
X 1203300  Y 1013600
X 1197200  Y 1012000
X 1183500  Y 1011600
X 1200200  Y 1009800
X 1187200  Y 1009600
X 1202500  Y 1007700
X 1204300  Y 1010600
X 1227500  Y 1016600
X 1206200  Y 1017800
X 1220600  Y 1023500
X 1216400  Y 1027300
X 1224300  Y 1028300
X 1206200  Y 1029800
X 1227400  Y 1035100
X 1226000  Y 1041000
X 1215400  Y 1042800
X 1227800  Y 1047200
X 1217100  Y 1048000
X 1205000  Y 1052100
X 1213000  Y 1053400
X 1206700  Y 1060800
X 1207100  Y 1068900
X 1219400  Y 1076500
X 1209200  Y 1077400
X 1215700  Y 1079200
X 1226200  Y 1081000
X 1224700  Y 1085100
X 1212900  Y 1087200
X 1206200  Y 1090100
X 1219500  Y 1091800
X 1213385  Y 1106299
X 1208464  Y 1136023
X 1206299  Y 1142322
X 1225200  Y 1167700
X 1221100  Y 1168500
X 1217716  Y 1168503
X 1207500  Y 1187100
X 1204100  Y 1193300
X 1225400  Y 1195100
X 1207500  Y 1199300
X 1203600  Y 1205900
X 1205900  Y 1209700
X 1211900  Y 1211700
X 1206299  Y 1224015
X 1212400  Y 1225000
X 1206299  Y 1227165
X 1214800  Y 1236700
X 1206500  Y 1242100
X 1215000  Y 1243700
X 1203500  Y 1246400
X 1206800  Y 1255900
X 1229133  Y 1255905
X 1250200  Y 1222400
X 1242500  Y 1189700
X 1247400  Y 1167700
X 1239400  Y 1164600
X 1236100  Y 1162200
X 1241700  Y 1159800
X 1249409  Y 1144291
X 1230200  Y 1140100
X 1249400  Y 1135600
X 1249100  Y 1129300
X 1250393  Y 1118110
X 1245700  Y 1113600
X 1250393  Y 1113582
X 1250393  Y 1110039
X 1239300  Y 1106700
X 1250393  Y 1105511
X 1245800  Y 1105500
X 1241500  Y 1096500
X 1237204  Y 1086614
X 1230300  Y 1084900
X 1246300  Y 1081400
X 1250400  Y 1080300
X 1230300  Y 1079900
X 1244500  Y 1058400
X 1231700  Y 1055700
X 1232000  Y 1041000
X 1231000  Y 1022500
X 1242200  Y 1021100
X 1230500  Y 1011700
X 1230400  Y 1007700
X 1274600  Y 1054700
X 1266338  Y 1058464
X 1259448  Y 1090551
X 1253600  Y 1090600
X 1256500  Y 1093400
X 1261023  Y 1094881
X 1275787  Y 1095669
X 1265600  Y 1097400
X 1266000  Y 1101500
X 1266900  Y 1117800
X 1271400  Y 1117900
X 1270600  Y 1123400
X 1268700  Y 1174000
X 1272800  Y 1175200
X 1260629  Y 1202755
X 1291732  Y 1202755
X 1298400  Y 1162400
X 1296100  Y 1156700
X 1300000  Y 1122834
X 1287204  Y 1122834
X 1282900  Y 1120900
X 1291700  Y 1117400
X 1281299  Y 1115748
X 1297100  Y 1111200
X 1288976  Y 1110629
X 1285433  Y 1110629
X 1301181  Y 1109842
X 1291732  Y 1108661
X 1291732  Y 1105511
X 1292519  Y 1101968
X 1292519  Y 1098818
X 1300000  Y 1094881
X 1299000  Y 1070000
X 1289173  Y 1058858
X 1299000  Y 1055000
X 1316000  Y 1058500
X 1324212  Y 1062007
X 1324015  Y 1089763
X 1319881  Y 1089763
X 1312795  Y 1095472
X 1309448  Y 1095472
X 1325787  Y 1097440
X 1314960  Y 1102362
X 1305905  Y 1107283
X 1316400  Y 1110000
X 1316535  Y 1116535
X 1325984  Y 1118700
X 1317900  Y 1120700
X 1307700  Y 1150000
X 1317519  Y 1166732
X 1315700  Y 1193600
X 1308900  Y 1194300
X 1304330  Y 1195275
X 1315000  Y 1197700
X 1304300  Y 1204000

Drill: .01969  Tool: 3  Feed: 95  Speed: 300
X 1037000  Y 1074500
X 1097637  Y 1128346
X 1037007  Y 1191732
X 1037007  Y 1233661
X 1274015  Y 1138188
X 1267716  Y 1135433
X 1274015  Y 1132677
X 1276377  Y 1084251
X 1265748  Y 1083267
X 1273425  Y 1079330
X 1256500  Y 1064500
X 1268897  Y 1047244
X 1292716  Y 1047244
X 1307283  Y 1079330
X 1307283  Y 1084645
X 1321850  Y 1125787
X 1306692  Y 1132677
X 1306692  Y 1138188
X 1289370  Y 1178500
X 1289370  Y 1185000

Drill: .03937  Tool: 4  Feed: 197  Speed: 550
X 1251574  Y 1211023
X 1251574  Y 1231496
X 1261417  Y 1231496
X 1271259  Y 1231496
X 1281102  Y 1231496
X 1271259  Y 1211023
X 1281102  Y 1211023
X 1261417  Y 1211023

Drill: .04  Tool: 5  Feed: 139  Speed: 550
X 1007874  Y 1170472
X 1017874  Y 1170472
X 1007874  Y 1180472
X 1017874  Y 1180472
X 1007874  Y 1190472
X 1017874  Y 1190472
X 1007874  Y 1200472
X 1017874  Y 1200472
X 1007874  Y 1210472
X 1017874  Y 1210472
X 1007874  Y 1220472
X 1017874  Y 1220472
X 1065748  Y 1259291
X 1055748  Y 1259291
X 1065748  Y 1249291
X 1055748  Y 1249291
X 1065748  Y 1239291
X 1055748  Y 1239291
X 1065748  Y 1229291
X 1055748  Y 1229291
X 1065748  Y 1219291
X 1055748  Y 1219291
X 1065748  Y 1209291
X 1055748  Y 1209291
X 1065748  Y 1199291
X 1055748  Y 1199291
X 1065748  Y 1189291
X 1055748  Y 1189291
X 1065748  Y 1179291
X 1055748  Y 1179291
X 1065748  Y 1169291
X 1055748  Y 1169291

Drill: .1378  Tool: 6  Feed: 35  Speed: 794
X 1017322  Y 1094488
X 1230905  Y 1221259
X 1316141  Y 1248425
X 1301771  Y 1221259

Drill: .1378  Tool: 7  Feed: 35  Speed: 794
X 1017322  Y 1248425
X 1316141  Y 1033070

End of Listing
