(---------------------------------------------------------------------)
(                                                                     )
(    NC DRILL Log                                                     )
(                                                                     )
(    Drawing          : DS280BR810_QSFP_0819_PCB.brd                  )
(    Software Version : 16.5S043                                      )
(    Date/Time        : Wed Aug 19 17:25:42 2015                      )
(                                                                     )
(---------------------------------------------------------------------)



 Processing NC Parameters file ...

 NC PARAMETERS
 -------------

 FORMAT   		2.3
 MACHINE-OFFSET		x:0.000000	y:0.000000
 FEEDRATE		1
 COORDINATES		ABSOLUTE
 OUTPUT-UNITS		ENGLISH
 TOOL-ORDER		INCREASING
 REPEAT-CODES		YES
 SUPPRESS-LEAD-ZEROES	NO
 SUPPRESS-TRAIL-ZEROES	NO
 SUPPRESS-EQUAL		NO
 TOOL-SELECT		NO
 HEADER			none
 LEADER			12
 CODE			ASCII
 SEPARATE		NO
 OPTIMIZE_DRILLING	NO
 ENHANCED_EXCELLON	NO
 SCALE			1.000000

 WARNING: Design precision is greater than that of the drill output file data.
          Data rounding errors are very possible.


 Drill files being output to directory 'F:/HJ' ...



     'DS280BR810_QSFP_0819_PCB-1-12.drl' created for holes connecting TOP and BOTTOM
     -------------------------------------------------------------------------------

           Num     Size      +/- Tolerance     Plating   Quantity

            1.   8.0000    0.0000/  0.0000      PLATED        174
            2.  10.0000    0.0000/  0.0000      PLATED        474
            3.  14.5700    2.0000/  2.0000      PLATED        152
            4.  22.0500    2.0000/  2.0000      PLATED          6
            5.  40.0000    3.0000/  3.0000      PLATED        157
            6.  41.3400    2.0000/  2.0000      PLATED         20
            7.  98.4300    2.0000/  2.0000      PLATED          4
            8. 130.0000    3.0000/  3.0000      PLATED          4
            9. 255.0000    3.0000/  3.0000      PLATED          3
           10.  35.4300    2.0000/  0.0000  NON_PLATED          4

     ---- Total holes:                                        998

     ---- Total head travel:              37.34 feet (11.38 meters)




     'DS280BR810_QSFP_0819_PCB-bd-12-10.drl' created for backdrilling of holes from layer 12 to layer 10
     ---------------------------------------------------------------------------------------------------

           Num     Size      +/- Tolerance     Plating   Quantity

            1.   8.0000    0.0000/  0.0000      PLATED         32
            2.  14.5700    2.0000/  2.0000      PLATED         32

     ---- Total holes:                                         64

     ---- Total head travel:              2.37 feet (0.72 meters)

