A!LAYER_SORT!LAYER_SUBCLASS!LAYER_ARTWORK!LAYER_USE!LAYER_CONDUCTOR!LAYER_DIELECTRIC_CONSTANT!LAYER_ELECTRICAL_CONDUCTIVITY!LAYER_MATERIAL!LAYER_SHIELD_LAYER!LAYER_THERMAL_CONDUCTIVITY!LAYER_THICKNESS!LAYER_TYPE!LAYER_LOSS_TANGENT!LAYER_FUNCTION_TYPE!
J!C:/Users/Prometheus/Downloads/Downloads/Dell Latitude 5480  5488 CDM70 LA-E081P LA-E082P R1.0/Dell Latitude 5480  5488 CDM70 LA-E081P LA-E082P R1.1.brd!Tue Mar 19 17:06:49 2024!-24000.00!-16212.60!24000.00!15787.40!0.01!mils!D:/2016/LE081/1107/BR14U_UMA_MB_A00_20161107-1.NET!47.679921 mil!10!UP TO DATE!
S!000000!!!!NO!1.000000!0 mho/cm!AIR!NO!!0 mil!SURFACE!0!SURFACE!
S!000001!!!!NO!4.500000!0 mho/cm!FR-4!!!0.5 mil!DIELECTRIC!0.035!DIELECTRIC!
S!000002!TOP!POSITIVE!!YES!4.500000!595900 mho/cm!COPPER!NO!!1.600000 mil!CONDUCTOR!0!CONDUCTOR!
S!000003!!!!NO!4.500000!0 mho/cm!FR-4!!!2.600000 mil!DIELECTRIC!0.035!DIELECTRIC!
S!000004!GND1!POSITIVE!EMBEDDED_PLANE!YES!4.500000!595900 mho/cm!COPPER!YES!!1.250000 mil!PLANE!0.035!PLANE!
S!000005!!!!NO!4.500000!0 mho/cm!FR-4!!!3.870000 mil!DIELECTRIC!0.035!DIELECTRIC!
S!000006!IN1!POSITIVE!!YES!4.500000!595900 mho/cm!COPPER!NO!!1.250000 mil!CONDUCTOR!0.035!CONDUCTOR!
S!000007!!!!NO!4.500000!0 mho/cm!FR-4!!!4.300000 mil!DIELECTRIC!0.035!DIELECTRIC!
S!000008!GND2!POSITIVE!EMBEDDED_PLANE!YES!4.500000!595900 mho/cm!COPPER!YES!!1.250000 mil!PLANE!0.035!PLANE!
S!000009!!!!NO!4.500000!0 mho/cm!FR-4!!!3.870000 mil!DIELECTRIC!0.035!DIELECTRIC!
S!000010!IN2!POSITIVE!!YES!4.500000!595900 mho/cm!COPPER!NO!!1.250000 mil!CONDUCTOR!0.035!CONDUCTOR!
S!000011!!!!NO!4.500000!0 mho/cm!FR-4!!!4.200000 mil!DIELECTRIC!0.035!DIELECTRIC!
S!000012!IN3!POSITIVE!!YES!4.500000!595900 mho/cm!COPPER!NO!!1.250000 mil!CONDUCTOR!0.035!CONDUCTOR!
S!000013!!!!NO!4.500000!0 mho/cm!FR-4!!!3.870000 mil!DIELECTRIC!0.035!DIELECTRIC!
S!000014!VCC!POSITIVE!EMBEDDED_PLANE!YES!4.500000!595900 mho/cm!COPPER!YES!!1.250000 mil!PLANE!0.035!PLANE!
S!000015!!!!NO!4.500000!0 mho/cm!FR-4!!!4.300000 mil!DIELECTRIC!0.035!DIELECTRIC!
S!000016!IN4!POSITIVE!!YES!4.500000!595900 mho/cm!COPPER!NO!!1.250000 mil!CONDUCTOR!0.035!CONDUCTOR!
S!000017!!!!NO!4.500000!0 mho/cm!FR-4!!!3.870000 mil!DIELECTRIC!0.035!DIELECTRIC!
S!000018!GND3!POSITIVE!EMBEDDED_PLANE!YES!4.500000!595900 mho/cm!COPPER!YES!!1.250000 mil!PLANE!0.035!PLANE!
S!000019!!!!NO!4.500000!0 mho/cm!FR-4!!!2.600000 mil!DIELECTRIC!0.035!DIELECTRIC!
S!000020!BOTTOM!POSITIVE!!YES!4.500000!595900 mho/cm!COPPER!NO!!1.600000 mil!CONDUCTOR!0!CONDUCTOR!
S!000021!!!!NO!4.500000!0 mho/cm!FR-4!!!0.5 mil!DIELECTRIC!0.035!DIELECTRIC!
S!000022!!!!NO!1.000000!0 mho/cm!AIR!NO!!0 mil!SURFACE!0!SURFACE!
