NAME!usage!drillToolSize!holeCounterType!holeCounterDiameter!holeCounterDepth!holeCounterTolerance!holeCounterAngle!drillNonStandard
R71X134-NPM!Smd!!nil!0.0!0.0!0.0 0.0!0!nil!
R20X22-NPM!Smd!!nil!0.0!0.0!0.0 0.0!0!nil!
PAD43X118R-NPM!Smd!!nil!0.0!0.0!0.0 0.0!0!nil!
PAD43X118L-NPM!Smd!!nil!0.0!0.0!0.0 0.0!0!nil!
R20X12-NPM!Smd!!nil!0.0!0.0!0.0 0.0!0!nil!
O12X35!Smd!!nil!0.0!0.0!0.0 0.0!0!nil!
R53X106-NPM!Smd!!nil!0.0!0.0!0.0 0.0!0!nil!
30RDFLAT-NPM!Smd!!nil!0.0!0.0!0.0 0.0!0!nil!
R51X79MP47X79!Smd!!nil!0.0!0.0!0.0 0.0!0!nil!
R37X83MP33X83!Smd!!nil!0.0!0.0!0.0 0.0!0!nil!
R16X83MP12X81!Smd!!nil!0.0!0.0!0.0 0.0!0!nil!
O31X10!Smd!!nil!0.0!0.0!0.0 0.0!0!nil!
O10X13P5!Smd!!nil!0.0!0.0!0.0 0.0!0!nil!
C12!Smd!!nil!0.0!0.0!0.0 0.0!0!nil!
C13!Smd!!nil!0.0!0.0!0.0 0.0!0!nil!
C14!Smd!!nil!0.0!0.0!0.0 0.0!0!nil!
C13-5!Smd!!nil!0.0!0.0!0.0 0.0!0!nil!
O11X89!Smd!!nil!0.0!0.0!0.0 0.0!0!nil!
C40D40N!Through!!nil!0.0!0.0!0.0 0.0!0!nil!
R91X51!Smd!!nil!0.0!0.0!0.0 0.0!0!nil!
R47X126!Smd!!nil!0.0!0.0!0.0 0.0!0!nil!
O10X51!Smd!!nil!0.0!0.0!0.0 0.0!0!nil!
R185X106-NPM!Smd!!nil!0.0!0.0!0.0 0.0!0!nil!
C35D35N!Through!!nil!0.0!0.0!0.0 0.0!0!nil!
O31X65!Smd!!nil!0.0!0.0!0.0 0.0!0!nil!
R55X57!Smd!!nil!0.0!0.0!0.0 0.0!0!nil!
O53X31!Smd!!nil!0.0!0.0!0.0 0.0!0!nil!
R57X55!Smd!!nil!0.0!0.0!0.0 0.0!0!nil!
C32D20!Through!!nil!0.0!0.0!0.0 0.0!0!nil!
O71X110D31X71!Slot!!nil!0.0!0.0!0.0 0.0!0!nil!
O55X124D31X100!Slot!!nil!0.0!0.0!0.0 0.0!0!nil!
O35X43!Smd!!nil!0.0!0.0!0.0 0.0!0!nil!
R49X71!Smd!!nil!0.0!0.0!0.0 0.0!0!nil!
R48X45!Smd!!nil!0.0!0.0!0.0 0.0!0!nil!
R37X55!Smd!!nil!0.0!0.0!0.0 0.0!0!nil!
R49X55!Smd!!nil!0.0!0.0!0.0 0.0!0!nil!
R41X55!Smd!!nil!0.0!0.0!0.0 0.0!0!nil!
R51X40!Smd!!nil!0.0!0.0!0.0 0.0!0!nil!
R35X32!Smd!!nil!0.0!0.0!0.0 0.0!0!nil!
C31D31N!Through!!nil!0.0!0.0!0.0 0.0!0!nil!
S67-NPM!Smd!!nil!0.0!0.0!0.0 0.0!0!nil!
R16X61!Smd!!nil!0.0!0.0!0.0 0.0!0!nil!
R8X27!Smd!!nil!0.0!0.0!0.0 0.0!0!nil!
O35X94!Smd!!nil!0.0!0.0!0.0 0.0!0!nil!
R63X98!Smd!!nil!0.0!0.0!0.0 0.0!0!nil!
C71D71N!Through!!nil!0.0!0.0!0.0 0.0!0!nil!
O26X10!Smd!!nil!0.0!0.0!0.0 0.0!0!nil!
O25X66!Smd!!nil!0.0!0.0!0.0 0.0!0!nil!
O63X20!Smd!!nil!0.0!0.0!0.0 0.0!0!nil!
R94X63PM94X62!Smd!!nil!0.0!0.0!0.0 0.0!0!nil!
O17X24!Smd!!nil!0.0!0.0!0.0 0.0!0!nil!
O20X58!Smd!!nil!0.0!0.0!0.0 0.0!0!nil!
O20X38!Smd!!nil!0.0!0.0!0.0 0.0!0!nil!
O22X31!Smd!!nil!0.0!0.0!0.0 0.0!0!nil!
O16X31!Smd!!nil!0.0!0.0!0.0 0.0!0!nil!
O21X47!Smd!!nil!0.0!0.0!0.0 0.0!0!nil!
O39X98!Smd!!nil!0.0!0.0!0.0 0.0!0!nil!
C65D35!Through!!nil!0.0!0.0!0.0 0.0!0!nil!
O15X53!Smd!!nil!0.0!0.0!0.0 0.0!0!nil!
R55X47!Smd!!nil!0.0!0.0!0.0 0.0!0!nil!
R35X48!Smd!!nil!0.0!0.0!0.0 0.0!0!nil!
O31X63!Smd!!nil!0.0!0.0!0.0 0.0!0!nil!
R83X118!Smd!!nil!0.0!0.0!0.0 0.0!0!nil!
R14X22!Smd!!nil!0.0!0.0!0.0 0.0!0!nil!
O31X39!Smd!!nil!0.0!0.0!0.0 0.0!0!nil!
PAD43X118R!Smd!!nil!0.0!0.0!0.0 0.0!0!nil!
PAD43X118L!Smd!!nil!0.0!0.0!0.0 0.0!0!nil!
PAD43X79R!Smd!!nil!0.0!0.0!0.0 0.0!0!nil!
PAD43X79L!Smd!!nil!0.0!0.0!0.0 0.0!0!nil!
PAD43X39L!Smd!!nil!0.0!0.0!0.0 0.0!0!nil!
PAD43X39R!Smd!!nil!0.0!0.0!0.0 0.0!0!nil!
R18X28!Smd!!nil!0.0!0.0!0.0 0.0!0!nil!
R24X57!Smd!!nil!0.0!0.0!0.0 0.0!0!nil!
S31!Smd!!nil!0.0!0.0!0.0 0.0!0!nil!
R20X30!Smd!!nil!0.0!0.0!0.0 0.0!0!nil!
R39X71!Smd!!nil!0.0!0.0!0.0 0.0!0!nil!
30RDFLAT!Smd!!nil!0.0!0.0!0.0 0.0!0!nil!
R53X106!Smd!!nil!0.0!0.0!0.0 0.0!0!nil!
TPC12!Smd!!nil!0.0!0.0!0.0 0.0!0!nil!
SMD40M80!Smd!!nil!0.0!0.0!0.0 0.0!0!nil!
R28X12!Smd!!nil!0.0!0.0!0.0 0.0!0!nil!
R98X35-NPM!Smd!!nil!0.0!0.0!0.0 0.0!0!nil!
O10X32M8X30!Smd!!nil!0.0!0.0!0.0 0.0!0!nil!
O8X30!Smd!!nil!0.0!0.0!0.0 0.0!0!nil!
R59X35-NPM!Smd!!nil!0.0!0.0!0.0 0.0!0!nil!
O10X35!Smd!!nil!0.0!0.0!0.0 0.0!0!nil!
R16X31!Smd!!nil!0.0!0.0!0.0 0.0!0!nil!
O24X93!Smd!!nil!0.0!0.0!0.0 0.0!0!nil!
O12X61!Smd!!nil!0.0!0.0!0.0 0.0!0!nil!
R47X108!Smd!!nil!0.0!0.0!0.0 0.0!0!nil!
O12X69!Smd!!nil!0.0!0.0!0.0 0.0!0!nil!
C43D43N!Through!!nil!0.0!0.0!0.0 0.0!0!nil!
C63D63N!Through!!nil!0.0!0.0!0.0 0.0!0!nil!
R138X181!Smd!!nil!0.0!0.0!0.0 0.0!0!nil!
O12X43!Smd!!nil!0.0!0.0!0.0 0.0!0!nil!
R39X79!Smd!!nil!0.0!0.0!0.0 0.0!0!nil!
R51X132!Smd!!nil!0.0!0.0!0.0 0.0!0!nil!
O31X75!Smd!!nil!0.0!0.0!0.0 0.0!0!nil!
O61X97D31X67!Slot!!nil!0.0!0.0!0.0 0.0!0!nil!
O61X132D31X102!Slot!!nil!0.0!0.0!0.0 0.0!0!nil!
O62X15!Smd!!nil!0.0!0.0!0.0 0.0!0!nil!
O28X35!Smd!!nil!0.0!0.0!0.0 0.0!0!nil!
R150X157!Smd!!nil!0.0!0.0!0.0 0.0!0!nil!
R75X110!Smd!!nil!0.0!0.0!0.0 0.0!0!nil!
R35X98!Smd!!nil!0.0!0.0!0.0 0.0!0!nil!
R61X73!Smd!!nil!0.0!0.0!0.0 0.0!0!nil!
R53X26!Smd!!nil!0.0!0.0!0.0 0.0!0!nil!
R191X132!Smd!!nil!0.0!0.0!0.0 0.0!0!nil!
S55!Smd!!nil!0.0!0.0!0.0 0.0!0!nil!
O35X31!Smd!!nil!0.0!0.0!0.0 0.0!0!nil!
O20X22!Smd!!nil!0.0!0.0!0.0 0.0!0!nil!
C51D35!Through!!nil!0.0!0.0!0.0 0.0!0!nil!
C55D39!Through!!nil!0.0!0.0!0.0 0.0!0!nil!
O58X124D28X94!Slot!!nil!0.0!0.0!0.0 0.0!0!nil!
O10X55!Smd!!nil!0.0!0.0!0.0 0.0!0!nil!
R51X55!Smd!!nil!0.0!0.0!0.0 0.0!0!nil!
O65X43D49X28OFF4!Slot!!nil!0.0!0.0!0.0 0.0!0!nil!
O65X43D49X28OFF-4!Slot!!nil!0.0!0.0!0.0 0.0!0!nil!
O47X91D24X75!Slot!!nil!0.0!0.0!0.0 0.0!0!nil!
O11X35!Smd!!nil!0.0!0.0!0.0 0.0!0!nil!
O11X31!Smd!!nil!0.0!0.0!0.0 0.0!0!nil!
SHAPE51X106D28X59!Slot!!nil!0.0!0.0!0.0 0.0!0!nil!
O39X71D24X55!Slot!!nil!0.0!0.0!0.0 0.0!0!nil!
O20X12!Smd!!nil!0.0!0.0!0.0 0.0!0!nil!
O16X12!Smd!!nil!0.0!0.0!0.0 0.0!0!nil!
O12X20!Smd!!nil!0.0!0.0!0.0 0.0!0!nil!
R94X114!Smd!!nil!0.0!0.0!0.0 0.0!0!nil!
R59X39-NPM!Smd!!nil!0.0!0.0!0.0 0.0!0!nil!
O10X41!Smd!!nil!0.0!0.0!0.0 0.0!0!nil!
R100X22-NPM!Smd!!nil!0.0!0.0!0.0 0.0!0!nil!
R100X41-NPM!Smd!!nil!0.0!0.0!0.0 0.0!0!nil!
O18X20!Smd!!nil!0.0!0.0!0.0 0.0!0!nil!
S106-NPM!Smd!!nil!0.0!0.0!0.0 0.0!0!nil!
O41X10!Smd!!nil!0.0!0.0!0.0 0.0!0!nil!
S83-NPM!Smd!!nil!0.0!0.0!0.0 0.0!0!nil!
R146X343-NPM!Smd!!nil!0.0!0.0!0.0 0.0!0!nil!
O35X8!Smd!!nil!0.0!0.0!0.0 0.0!0!nil!
S173-NPM!Smd!!nil!0.0!0.0!0.0 0.0!0!nil!
SHAPE93X85-NPM!Smd!!nil!0.0!0.0!0.0 0.0!0!nil!
O17X28!Smd!!nil!0.0!0.0!0.0 0.0!0!nil!
O8X39!Smd!!nil!0.0!0.0!0.0 0.0!0!nil!
O39X8!Smd!!nil!0.0!0.0!0.0 0.0!0!nil!
C38D28!Through!!nil!0.0!0.0!0.0 0.0!0!nil!
O43X114D31X102!Slot!!nil!0.0!0.0!0.0 0.0!0!nil!
O35X51!Smd!!nil!0.0!0.0!0.0 0.0!0!nil!
SHAPE68X181!Smd!!nil!0.0!0.0!0.0 0.0!0!nil!
O18X37!Smd!!nil!0.0!0.0!0.0 0.0!0!nil!
R89X59-NPM!Smd!!nil!0.0!0.0!0.0 0.0!0!nil!
O40X60!Smd!!nil!0.0!0.0!0.0 0.0!0!nil!
R94X110!Smd!!nil!0.0!0.0!0.0 0.0!0!nil!
S118-NPM!Smd!!nil!0.0!0.0!0.0 0.0!0!nil!
O41X8!Smd!!nil!0.0!0.0!0.0 0.0!0!nil!
O8X41!Smd!!nil!0.0!0.0!0.0 0.0!0!nil!
R12X45!Smd!!nil!0.0!0.0!0.0 0.0!0!nil!
O12X38!Smd!!nil!0.0!0.0!0.0 0.0!0!nil!
C44D28!Through!!nil!0.0!0.0!0.0 0.0!0!nil!
O61X109D31X79!Slot!!nil!0.0!0.0!0.0 0.0!0!nil!
O61X101D31X71!Slot!!nil!0.0!0.0!0.0 0.0!0!nil!
O33X87!Smd!!nil!0.0!0.0!0.0 0.0!0!nil!
SHAPE118X244L!Smd!!nil!0.0!0.0!0.0 0.0!0!nil!
SHAPE118X244R!Smd!!nil!0.0!0.0!0.0 0.0!0!nil!
O28X39!Smd!!nil!0.0!0.0!0.0 0.0!0!nil!
C47D28!Through!!nil!0.0!0.0!0.0 0.0!0!nil!
O51X94D28X71!Slot!!nil!0.0!0.0!0.0 0.0!0!nil!
S101-NPM!Smd!!nil!0.0!0.0!0.0 0.0!0!nil!
S138-NPM!Smd!!nil!0.0!0.0!0.0 0.0!0!nil!
C10!Smd!!nil!0.0!0.0!0.0 0.0!0!nil!
O12X37!Smd!!nil!0.0!0.0!0.0 0.0!0!nil!
R65X55!Smd!!nil!0.0!0.0!0.0 0.0!0!nil!
R24X31!Smd!!nil!0.0!0.0!0.0 0.0!0!nil!
R93X138!Smd!!nil!0.0!0.0!0.0 0.0!0!nil!
R85X110!Smd!!nil!0.0!0.0!0.0 0.0!0!nil!
O10X31!Smd!!nil!0.0!0.0!0.0 0.0!0!nil!
R61X35-NPM!Smd!!nil!0.0!0.0!0.0 0.0!0!nil!
SHAPE93X138L!Smd!!nil!0.0!0.0!0.0 0.0!0!nil!
SHAPE93X138R!Smd!!nil!0.0!0.0!0.0 0.0!0!nil!
R30X20-NPM!Smd!!nil!0.0!0.0!0.0 0.0!0!nil!
O20X39!Smd!!nil!0.0!0.0!0.0 0.0!0!nil!
R47X67!Smd!!nil!0.0!0.0!0.0 0.0!0!nil!
R18X20!Smd!!nil!0.0!0.0!0.0 0.0!0!nil!
S39!Smd!!nil!0.0!0.0!0.0 0.0!0!nil!
O8X35!Smd!!nil!0.0!0.0!0.0 0.0!0!nil!
R159X87-NPM!Smd!!nil!0.0!0.0!0.0 0.0!0!nil!
SHAPE89X35-U!Smd!!nil!0.0!0.0!0.0 0.0!0!nil!
SHAPE89X35-D!Smd!!nil!0.0!0.0!0.0 0.0!0!nil!
SHAPE137X203-NPM!Smd!!nil!0.0!0.0!0.0 0.0!0!nil!
O76X33!Smd!!nil!0.0!0.0!0.0 0.0!0!nil!
O26X33!Smd!!nil!0.0!0.0!0.0 0.0!0!nil!
O35X10!Smd!!nil!0.0!0.0!0.0 0.0!0!nil!
S63!Smd!!nil!0.0!0.0!0.0 0.0!0!nil!
SHAPE30X18-L!Smd!!nil!0.0!0.0!0.0 0.0!0!nil!
SHAPE58X70-S!Smd!!nil!0.0!0.0!0.0 0.0!0!nil!
R20X22!Smd!!nil!0.0!0.0!0.0 0.0!0!nil!
R25X35!Smd!!nil!0.0!0.0!0.0 0.0!0!nil!
R15X14MP13X12!Smd!!nil!0.0!0.0!0.0 0.0!0!nil!
SMD41X91!Smd!!nil!0.0!0.0!0.0 0.0!0!nil!
R40X70!Smd!!nil!0.0!0.0!0.0 0.0!0!nil!
D43N!Through!!nil!0.0!0.0!0.0 0.0!0!nil!
D28N!Through!!nil!0.0!0.0!0.0 0.0!0!nil!
D35N!Through!!nil!0.0!0.0!0.0 0.0!0!nil!
R40X65!Smd!!nil!0.0!0.0!0.0 0.0!0!nil!
R32X55!Smd!!nil!0.0!0.0!0.0 0.0!0!nil!
D157!Through!!nil!0.0!0.0!0.0 0.0!0!nil!
D98!Through!!nil!0.0!0.0!0.0 0.0!0!nil!
D91!Through!!nil!0.0!0.0!0.0 0.0!0!nil!
D87!Through!!nil!0.0!0.0!0.0 0.0!0!nil!
D102X142!Slot!!nil!0.0!0.0!0.0 0.0!0!nil!
D150!Through!!nil!0.0!0.0!0.0 0.0!0!nil!
D126!Through!!nil!0.0!0.0!0.0 0.0!0!nil!
D118!Through!!nil!0.0!0.0!0.0 0.0!0!nil!
SHAPE1506X616-NPM!Smd!!nil!0.0!0.0!0.0 0.0!0!nil!
R13X14M11X12!Smd!!nil!0.0!0.0!0.0 0.0!0!nil!
VIA18D8ANT38!Through!!nil!0.0!0.0!0.0 0.0!0!nil!
TPC20X4TM50!Smd!!nil!0.0!0.0!0.0 0.0!0!nil!
TPC20X4BM50!Smd!!nil!0.0!0.0!0.0 0.0!0!nil!
TPC20X3P5BM50!Smd!!nil!0.0!0.0!0.0 0.0!0!nil!
TPC20X3P5TM50!Smd!!nil!0.0!0.0!0.0 0.0!0!nil!
TPC16B-OSP!Smd!!nil!0.0!0.0!0.0 0.0!0!nil!
VIA20D10!Through!!nil!0.0!0.0!0.0 0.0!0!nil!
TPC12TM50-OSP!Smd!!nil!0.0!0.0!0.0 0.0!0!nil!
TPC12BM50-OSP!Smd!!nil!0.0!0.0!0.0 0.0!0!nil!
TPC16T-OSP!Smd!!nil!0.0!0.0!0.0 0.0!0!nil!
TPC12T-OSP!Smd!!nil!0.0!0.0!0.0 0.0!0!nil!
TPC18D8B-OSP!Through!!nil!0.0!0.0!0.0 0.0!0!nil!
TPC12B-OSP!Smd!!nil!0.0!0.0!0.0 0.0!0!nil!
TPC18D8T-OSP!Through!!nil!0.0!0.0!0.0 0.0!0!nil!
VIA18D8!Through!!nil!0.0!0.0!0.0 0.0!0!nil!
