A!REFDES!PART_NUMBER!ROOM!VALUE!
J!C:/Users/Prometheus/Downloads/Downloads/Dell Latitude 5480  5488 CDM70 LA-E081P LA-E082P R1.0/Dell Latitude 5480  5488 CDM70 LA-E081P LA-E082P R1.1.brd!Tue Mar 19 17:06:49 2024!-24000.00!-16212.60!24000.00!15787.40!0.01!mils!D:/2016/LE081/1107/BR14U_UMA_MB_A00_20161107-1.NET!47.679921 mil!10!UP TO DATE!
S!RI50!!ETY-ROOM!0_0402_5%!
S!RI49!!ETY-ROOM!0_0402_5%!
S!RI48!!ETY-ROOM!0_0402_5%!
S!RI47!!ETY-ROOM!0_0402_5%!
S!RI30!!ETY-ROOM!0_0402_5%!
S!RI29!!ETY-ROOM!0_0402_5%!
S!RI28!!ETY-ROOM!0_0402_5%!
S!RI27!!ETY-ROOM!0_0402_5%!
S!PR948!!!16.5K_0402_1%!
S!PL602!!CPU_CORE!9A Z80 10M 1812_2P!
S!PJP901!!CHARGER!PAD-OPEN 4X4M!
S!LV9!!HDMI!HCM1012GH900BP_4P!
S!LV6!!HDMI!HCM1012GH900BP_4P!
S!LV3!!HDMI!HCM1012GH900BP_4P!
S!LV12!!HDMI!HCM1012GH900BP_4P!
S!JAPS1!!CPU!ACES_50506-01841-P01!
S!CI32!!JUSB1!150U_B2_6.3VM_R35M!
S!UE2!!ETY-ROOM!MCP23008T-E-ML_QFN20_4X4!
S!RE79!!CPU XDP!4.3K_0402_5%!
S!RE77!!KBC!1.69K_0402_1%!
S!PR960!!!0_0402_5%!
S!PR951!!!0_0402_5%!
S!PR949!!!0_0402_5%!
S!PR947!!ETY-ROOM!0_0402_5%!
S!PR946!!PWR_CHARGER!0_0402_5%!
S!PR942!!PWR_CHARGER!0_0402_5%!
S!PR941!!PWR_CHARGER!0_0402_5%!
S!PR939!!PWR_CHARGER!0_0402_5%!
S!PR936!!ETY-ROOM!0_0402_5%!
S!PR935!!ETY-ROOM!0_0402_5%!
S!PR929!!CHARGER!0_0402_5%!
S!PR928!!ETY-ROOM!0_0402_5%!
S!PR926!!ETY-ROOM!0_0402_5%!
S!PR922!!ETY-ROOM!0_0402_5%!
S!PR920!!ETY-ROOM!0_0402_5%!
S!PR679!!ETY-ROOM!0_0402_5%!
S!PR671!!ETY-ROOM!0_0402_5%!
S!PR659!!ETY-ROOM!0_0402_5%!
S!PR625!!ETY-ROOM!0_0402_5%!
S!PR620!!ETY-ROOM!0_0402_5%!
S!PR616!!ETY-ROOM!0_0402_5%!
S!PR614!!ETY-ROOM!0_0402_5%!
S!PR606!!!0_0402_5%!
S!PR603!!ETY-ROOM!0_0402_5%!
S!PR602!!ETY-ROOM!0_0402_5%!
S!PR513!!ETY-ROOM!0_0402_5%!
S!PR504!!ETY-ROOM!0_0402_5%!
S!PR426!!ETY-ROOM!0_0402_5%!
S!PR425!!ETY-ROOM!0_0402_5%!
S!PR423!!ETY-ROOM!0_0402_5%!
S!PR406!!ETY-ROOM!0_0402_5%!
S!PR402!!ETY-ROOM!0_0402_5%!
S!PR312!!ETY-ROOM!0_0402_5%!
S!PR29!!P_SELECTOR!0_0402_5%!
S!PR26!!P_USBA!0_0402_5%!
S!PR25!!P_DCIN!0_0402_5%!
S!PR23!!ETY-ROOM!0_0402_5%!
S!PR22!!P_DCIN!0_0402_5%!
S!PR210!!ETY-ROOM!0_0402_5%!
S!PR21!!P_DCIN!0_0402_5%!
S!PR208!!ETY-ROOM!0_0402_5%!
S!PR20!!ETY-ROOM!0_0402_5%!
S!PR19!!P_DCIN!0_0402_5%!
S!PR1257!!!0_0402_5%!
S!PR1250!!P_DCIN!0_0402_5%!
S!PR1245!!P_USBB!0_0402_5%!
S!PR1244!!P_USBB!0_0402_5%!
S!PR1243!!ETY-ROOM!0_0402_5%!
S!PR1242!!P_USBB!0_0402_5%!
S!PR1241!!P_USBB!0_0402_5%!
S!PR1238!!P_DCIN!0_0402_5%!
S!PR1225!!P_SELECTOR!0_0402_5%!
S!PR1223!!P_DCIN!0_0402_5%!
S!PR1221!!P_USBA!0_0402_5%!
S!PR1220!!P_DCIN!0_0402_5%!
S!PR1218!!P_DCIN!0_0402_5%!
S!PR1216!!P_DCIN!0_0402_5%!
S!PR1215!!P_DCIN!0_0402_5%!
S!PR1211!!P_DCIN!0_0402_5%!
S!PR120!!ETY-ROOM!0_0402_5%!
S!PR119!!ETY-ROOM!0_0402_5%!
S!PR114!!ETY-ROOM!0_0402_5%!
S!PR105!!ETY-ROOM!0_0402_5%!
S!PR104!!ETY-ROOM!0_0402_5%!
S!RZ89!!!0_0402_5%!
S!RZ87!!USH!0_0402_5%!
S!RZ85!!ETY-ROOM!0_0402_5%!
S!RZ70!!ETY-ROOM!0_0402_5%!
S!RZ64!!ETY-ROOM!0_0402_5%!
S!RZ61!!TPM!0_0402_5%!
S!RZ56!!WLAN!0_0402_5%!
S!RZ363!!!0_0402_5%!
S!RZ347!!ETY-ROOM!0_0402_5%!
S!RZ346!!ETY-ROOM!0_0402_5%!
S!RZ345!!ETY-ROOM!0_0402_5%!
S!RZ29!!KBTP!0_0402_5%!
S!RZ26!!KBTP!0_0402_5%!
S!RZ120!!+VCC_SFR_OC!0_0402_5%!
S!RT99!!PD!0_0402_5%!
S!RT93!!PD!0_0402_5%!
S!RT92!!PD!0_0402_5%!
S!RT90!!PD!0_0402_5%!
S!RT89!!PD!0_0402_5%!
S!RT83!!PD!0_0402_5%!
S!RT73!!PD!0_0402_5%!
S!RT72!!PD!0_0402_5%!
S!RT70!!PD!0_0402_5%!
S!RT69!!PD!0_0402_5%!
S!RT63!!PD!0_0402_5%!
S!RT60!!PD!0_0402_5%!
S!RT59!!PD!0_0402_5%!
S!RT58!!PD!0_0402_5%!
S!RT57!!PD!0_0402_5%!
S!RT56!!PD!0_0402_5%!
S!RT55!!PD!0_0402_5%!
S!RT54!!PD!0_0402_5%!
S!RT380!!!0_0402_5%!
S!RT246!!PS8740!0_0402_5%!
S!RT123!!TBT!0_0402_5%!
S!RT122!!TBT!0_0402_5%!
S!RT121!!TBT!0_0402_5%!
S!RT120!!TBT!0_0402_5%!
S!RT109!!PD!0_0402_5%!
S!RT108!!PD!0_0402_5%!
S!RT105!!PD!0_0402_5%!
S!RT104!!PD!0_0402_5%!
S!RR9!!ETY-ROOM!0_0402_5%!
S!RR8!!ETY-ROOM!0_0402_5%!
S!RR7!!ETY-ROOM!0_0402_5%!
S!RR6!!ETY-ROOM!0_0402_5%!
S!RR5!!RTS5242!0_0402_5%!
S!RR10!!ETY-ROOM!0_0402_5%!
S!RN99!!ETY-ROOM!0_0402_5%!
S!RN82!!SATA EXPRESS!0_0402_5%!
S!RN81!!SATA EXPRESS!0_0402_5%!
S!RN78!!SATA EXPRESS!0_0402_5%!
S!RN77!!SATA EXPRESS!0_0402_5%!
S!RL7!!LAN!0_0402_5%!
S!RL34!!LAN!0_0402_5%!
S!RL3!!LAN!0_0402_5%!
S!RI81!!!0_0402_5%!
S!RE90!!UZ8!0_0402_5%!
S!RE59!!KBC!0_0402_5%!
S!RE515!!!0_0402_5%!
S!RE364!!ETY-ROOM!0_0402_5%!
S!RE360!!ETY-ROOM!0_0402_5%!
S!RE34!!KBC!0_0402_5%!
S!RE32!!ETY-ROOM!0_0402_5%!
S!RE318!!ETY-ROOM!0_0402_5%!
S!RE30!!KBC!0_0402_5%!
S!RE290!!ETY-ROOM!0_0402_5%!
S!RE275!!ETY-ROOM!0_0402_5%!
S!RD9!!MEMORY!0_0402_5%!
S!RD7!!MEMORY!0_0402_5%!
S!RD5!!MEMORY!0_0402_5%!
S!RD25!!MEMORY!0_0402_5%!
S!RD22!!MEMORY!0_0402_5%!
S!RD21!!MEMORY!0_0402_5%!
S!RD12!!MEMORY!0_0402_5%!
S!RC62!!CPU!0_0402_5%!
S!RC41!!SPI ROM!0_0402_5%!
S!RC40!!SPI ROM!0_0402_5%!
S!RC38!!SPI ROM!0_0402_5%!
S!RC378!!CPU!0_0402_5%!
S!RC377!!CPU!0_0402_5%!
S!RC376!!CPU!0_0402_5%!
S!RC375!!CPU!0_0402_5%!
S!RC374!!CPU!0_0402_5%!
S!RC373!!CPU!0_0402_5%!
S!RC37!!ETY-ROOM!0_0402_5%!
S!RC36!!SPI ROM!0_0402_5%!
S!RC35!!SPI ROM!0_0402_5%!
S!RC34!!SPI ROM!0_0402_5%!
S!RC337!!ETY-ROOM!0_0402_5%!
S!RC33!!SPI ROM!0_0402_5%!
S!RC328!!ETY-ROOM!0_0402_5%!
S!RC325!!CPU!0_0402_5%!
S!RC308!!ETY-ROOM!0_0402_5%!
S!RC307!!ETY-ROOM!0_0402_5%!
S!RC306!!ETY-ROOM!0_0402_5%!
S!RC305!!ETY-ROOM!0_0402_5%!
S!RC304!!ETY-ROOM!0_0402_5%!
S!RC303!!ETY-ROOM!0_0402_5%!
S!RC302!!ETY-ROOM!0_0402_5%!
S!RC301!!ETY-ROOM!0_0402_5%!
S!RC300!!ETY-ROOM!0_0402_5%!
S!RC296!!CPU!0_0402_5%!
S!RC290!!CPU!0_0402_5%!
S!RC244!!CPU!0_0402_5%!
S!RC235!!ETY-ROOM!0_0402_5%!
S!RC231!!ETY-ROOM!0_0402_5%!
S!RC230!!ETY-ROOM!0_0402_5%!
S!RC229!!ETY-ROOM!0_0402_5%!
S!RC228!!ETY-ROOM!0_0402_5%!
S!RC221!!CPU!0_0402_5%!
S!RC214!!ETY-ROOM!0_0402_5%!
S!RC212!!CPU!0_0402_5%!
S!RC173!!ETY-ROOM!0_0402_5%!
S!RC171!!ETY-ROOM!0_0402_5%!
S!RC170!!ETY-ROOM!0_0402_5%!
S!RA54!!UZ8!0_0402_5%!
S!RA48!!UZ8!0_0402_5%!
S!RA37!!ETY-ROOM!0_0402_5%!
S!RA36!!ETY-ROOM!0_0402_5%!
S!RA35!!ETY-ROOM!0_0402_5%!
S!PU903!!ETY-ROOM!MC74VHC1G08DFT2G_SC70-5!
S!PU1200!!PCH!MC74VHC1G08DFT2G_SC70-5!
S!PU1!!PCH!MC74VHC1G08DFT2G_SC70-5!
S!CMOS1!!CPU!SHORT PADS~D!
S!PL901!!ETY-ROOM!1UH_6.6A_20%_5X5X3_M!
S!PD905!!!BAT54CW-7-F SOT-323!
S!PD1801!!ETY-ROOM!BAT54CW-7-F SOT-323!
S!LA9!!CODEC!BLM15PD800SN1D_2P!
S!LA8!!CODEC!BLM15PD800SN1D_2P!
S!LA7!!CODEC!BLM15PD800SN1D_2P!
S!LA6!!CODEC!BLM15PD800SN1D_2P!
S!PU612!!!CSD97396Q4M_VSON8_3P5X4P5!
S!PU610!!!CSD97396Q4M_VSON8_3P5X4P5!
S!PU402!!ETY-ROOM!TPS62134DRGT_QFN16_3X3!
S!PU401!!ETY-ROOM!TPS62134CRGT_QFN16_3X3!
S!PR932!!ETY-ROOM!105K_0402_1%!
S!PR636!!CPU_CORE!665_0402_1%!
S!PR630!!ETY-ROOM!2.49K_0402_1%!
S!PQ909!!ETY-ROOM!L2N7002WT1G_SC70-3!
S!PQ8!!ETY-ROOM!L2N7002WT1G_SC70-3!
S!PQ7!!ETY-ROOM!L2N7002WT1G_SC70-3!
S!PQ6!!ETY-ROOM!L2N7002WT1G_SC70-3!
S!PQ1216!!!L2N7002WT1G_SC70-3!
S!PQ1212!!ETY-ROOM!L2N7002WT1G_SC70-3!
S!PQ1205!!ETY-ROOM!L2N7002WT1G_SC70-3!
S!PL614!!!0.47UH_MMD05CZR47M_12A_20%!
S!PL1202!!ETY-ROOM!5A_Z120_25M_0805_2P!
S!PL1201!!ETY-ROOM!5A_Z120_25M_0805_2P!
S!PD5!!P_SELECTOR!5A_100V 15UA_0.88V_TO227-3!
S!PD1202!!P_SELECTOR!5A_100V 15UA_0.88V_TO227-3!
S!PC633!!ETY-ROOM!3300P_0402_25V7K!
S!PC1177!!ETY-ROOM!100P_0603_50V8!
S!PC1175!!ETY-ROOM!100P_0603_50V8!
S!PC1174!!ETY-ROOM!100P_0603_50V8!
S!PC1172!!ETY-ROOM!100P_0603_50V8!
S!PU301!!ETY-ROOM!SY8286RAC_QFN20_3X3!
S!PQ905!!ETY-ROOM!CSD87351Q5D_SON8-7!
S!PQ904!!ETY-ROOM!CSD87351Q5D_SON8-7!
S!DE1!!KBC!RB751S40T1G_SOD523-2!
S!DA8!!KBC!RB751S40T1G_SOD523-2!
S!DZ7!!USH!RB751S40T1G_SOD523-2!
S!DZ6!!WWAN!RB751S40T1G_SOD523-2!
S!DZ5!!WWAN!RB751S40T1G_SOD523-2!
S!DZ2!!WLAN!RB751S40T1G_SOD523-2!
S!DZ1!!WLAN!RB751S40T1G_SOD523-2!
S!RC137!!CPU XDP!3K_0402_5%!
S!PU901!!ETY-ROOM!ISL88738HRTZ REV.B-T TQFN 32P PWM!
S!PU200!!P_1.2V!SY8210AQVC_QFN19_4X3!
S!PR938!!ETY-ROOM!2.2_0402_1%!
S!PR937!!ETY-ROOM!2.2_0402_1%!
S!PR914!!CHARGER!3.3_0603_1%!
S!PR910!!ETY-ROOM!3.3_0402_1%!
S!PR909!!ETY-ROOM!3.3_0402_1%!
S!PJP8!!PD!PAD-OPEN 1X3M!
S!PJP601!!CHARGER!PAD-OPEN 4X4M!
S!PJP41!!UZ4!PAD-OPEN1X3M!
S!PJP39!!UZ3!PAD-OPEN1X3M!
S!PJP31!!SATA EXPRESS!PAD-OPEN1X3M!
S!PJP3!!+1.0V_MPHYGT!PAD-OPEN1X3M!
S!PJP40!!UZ4!PAD-OPEN1X2M!
S!PJP36!!UZ2!PAD-OPEN1X2M!
S!PJP34!!UZ4!PAD-OPEN1X2M!
S!PJP17!!UZ4!PAD-OPEN1X2M!
S!PJP14!!RTS5242!PAD-OPEN1X2M!
S!PJP602!!DDR_VTT_0.75V!PAD-OPEN 1X2M~D!
S!PJP301!!DDR_VTT_0.75V!PAD-OPEN 1X2M~D!
S!PJP202!!DDR_VTT_0.75V!PAD-OPEN 1X2M~D!
S!PJP101!!DDR_VTT_0.75V!PAD-OPEN 1X2M~D!
S!PJP100!!DDR_VTT_0.75V!PAD-OPEN 1X2M~D!
S!PJP501!!!PAD-OPEN1X1M!
S!PJP404!!!PAD-OPEN1X1M!
S!PJP403!!!PAD-OPEN1X1M!
S!PJP7!!PD!PAD-OPEN1X1M!
S!PJP603!!VGA_CORE!PAD-OPEN1X1M!
S!PJP506!!VGA_CORE!PAD-OPEN1X1M!
S!PJP505!!VGA_CORE!PAD-OPEN1X1M!
S!PJP502!!VGA_CORE!PAD-OPEN1X1M!
S!PJP42!!UZ8!PAD-OPEN1X1M!
S!PJP4!!UZ2!PAD-OPEN1X1M!
S!PJP391!!!PAD-OPEN1X1M!
S!PJP38!!UZ3!PAD-OPEN1X1M!
S!PJP37!!UZ2!PAD-OPEN1X1M!
S!PJP35!!KBTP!PAD-OPEN1X1M!
S!PJP33!!HDD!PAD-OPEN1X1M!
S!PJP32!!HDD!PAD-OPEN1X1M!
S!PJP22!!KBC!PAD-OPEN1X1M!
S!PJP21!!KBC!PAD-OPEN1X1M!
S!PJP20!!KBC!PAD-OPEN1X1M!
S!PJP2!!+1.0V_VCCSTG!PAD-OPEN1X1M!
S!PJP19!!UZ2!PAD-OPEN1X1M!
S!PJP18!!CODEC!PAD-OPEN1X1M!
S!PJP16!!CODEC!PAD-OPEN1X1M!
S!PJP15!!CODEC!PAD-OPEN1X1M!
S!PJP12!!LCD!PAD-OPEN1X1M!
S!PJP1!!+1.0V_VCCST!PAD-OPEN1X1M!
S!PR613!!ETY-ROOM!88.7K_0402_1%!
S!PR651!!ETY-ROOM!127K_0402_1%!
S!PR640!!ETY-ROOM!365_0402_1%!
S!PR638!!CPU_CORE!365_0402_1%!
S!LV1!!LCD!BLM15PX221SN1D_2P!
S!JIR1!!CAMERA!ACES_50208-0060N-P01!
S!CL22!!LAN!10P_1808_3KV8J!
S!CZ1!!LCD!100P_0201_25V7K!
S!CA7!!LCD!100P_0201_25V7K!
S!RA8!!CODEC!16.2_0402_1%!
S!RA7!!CODEC!16.2_0402_1%!
S!PR1219!!ETY-ROOM!23.2K_0402_1%!
S!PR10!!P_SELECTOR!300K_0402_1%!
S!PR1251!!P_SELECTOR!300K_0402_1%!
S!PR1202!!P_SELECTOR!300K_0402_1%!
S!PL301!!ETY-ROOM!0.68UH_7.9A_20%_5X5X3_M!
S!PL201!!ETY-ROOM!1UH_11A_20%_7X7X3_M!
S!PL101!!VDDCI!1.5UH_9A_20%_7X7X3_M!
S!PL100!!ETY-ROOM!1.5UH_9A_20%_7X7X3_M!
S!PD100!!!RB520SM-30T2R_EMD2-2!
S!PD903!!ETY-ROOM!RB520SM-30T2R_EMD2-2!
S!JUSH1!!USH!CVILU_CF5026FD0RK-05-NH!
S!JKBTP1!!KBTP!CVILU_CF5020FD0RK-05-NH!
S!H10!!LED!H_3P0!
S!UZ12!!ETY-ROOM!NPCT650JB2YX_QFN32_5X5!
S!UC8!!CPU XDP!74CBTLV3126BQ_DHVQFN14_2P5X3!
S!RZ130!!!0_0201_5%!
S!RZ129!!!0_0201_5%!
S!RZ128!!!0_0201_5%!
S!PU614!!!ISL95808HRZ-TS2778_DFN8_2X2~D!
S!PU602!!GPU_CORE!ISL95857AHRTZTS27_TQFN40_5X5~D!
S!PR648!!CPU_CORE!1.5K_0402_1%!
S!PR1201!!ETY-ROOM!240K_0402_1%!
S!PQ5!!P_CHARGER!AO3409_SOT23!
S!PQ1215!!P_CHARGER!AO3409_SOT23!
S!PQ1203!!P_CHARGER!AO3409_SOT23!
S!PC946!!CHARGER!1U_0402_25V6K!
S!PC942!!CHARGER!1U_0402_25V6K!
S!PC927!!CHARGER!1U_0402_25V6K!
S!PC926!!CHARGER!1U_0402_25V6K!
S!JUSB1!!JUSB3!C-K_26230A-8K1A-02!
S!H8!!LED!H_3P2!
S!H7!!LED!H_3P2!
S!H35!!LED!H_3P2!
S!H34!!LED!H_3P2!
S!H4!!LED!H_3P8!
S!H38!!!H_3P8!
S!H3!!LED!H_3P8!
S!H2!!LED!H_3P8!
S!H1!!LED!H_3P8!
S!CLIP1!!!CLIP_SH1506X616!
S!H32!!LED!H_2P6X3P6!
S!H25!!LED!H_2P2!
S!H9!!LED!H_2P3!
S!H26!!LED!H_2P3!
S!H16!!LED!H_2P3!
S!H29!!LED!H_2P5!
S!H28!!LED!H_2P5!
S!H24!!LED!H_2P5!
S!H23!!LED!H_2P5!
S!H18!!LED!H_2P5!
S!H12!!LED!H_2P5!
S!H22!!LED!H_4P0!
S!H20!!LED!H_4P0!
S!H17!!LED!H_4P0!
S!H15!!LED!H_4P0!
S!H14!!LED!H_4P0!
S!QZ3!!!DDTA114EUA-7-F_SOT323-3!
S!JDB1!!PD!JXT_FP241AH-006GAAM!
S!PC10!!ETY-ROOM!2.2U_0402_10V6M!
S!PR629!!ETY-ROOM!93.1K_0402_1%!
S!PQ906!!ETY-ROOM!AON7409_DFN8-5!
S!PQ9!!ETY-ROOM!AON7409_DFN8-5!
S!PQ4!!CHARGER!AON7409_DFN8-5!
S!PQ1213!!ETY-ROOM!AON7409_DFN8-5!
S!PQ1206!!ETY-ROOM!AON7409_DFN8-5!
S!PQ1202!!ETY-ROOM!AON7409_DFN8-5!
S!JUSB2!!JUSB3!LOTES_AUSB0014-P003A!
S!JCRT1!!CRT!CCM_C070546HR015M29CZR!
S!PU2!!ETY-ROOM!AP2204RA-3.3TRG1_SOT89-3!
S!PR917!!CHARGER!0.005_1206_1%!
S!PR1217!!ETY-ROOM!84.5K_0402_1%!
S!PC306!!ETY-ROOM!10U_0603_25V6M!
S!PC305!!ETY-ROOM!10U_0603_25V6M!
S!UV7!!PS8348!PS8348BQFN66GTR-A0_QFN66_5X10!
S!UN7!!!PI3EQX6741STZDEX_TQFN20_4X4!
S!UZ36!!!PS8558BTQFN24GTR2-A_TQFN24_4X4!
S!UN5!!SATA EXPRESS!PS8558BTQFN24GTR2-A_TQFN24_4X4!
S!UN4!!SATA EXPRESS!PS8558BTQFN24GTR2-A_TQFN24_4X4!
S!UL1!!LAN!WGI219LM-QREF- A0_QFN48_6X6~D!
S!RE300!!ETY-ROOM!130K_0402_5%!
S!PR916!!CHARGER!1_0805_5%~D!
S!PR311!!ETY-ROOM!31.6K_0402_1%!
S!PR1208!!ETY-ROOM!102K_0402_1%!
S!PR204!!P_1.2V!102K_0402_1%!
S!JHP1!!CODEC!SINGA_2SJ3095-136111F!
S!LC2!!ETY-ROOM!BLM15GA750SN1D_2P!
S!LC1!!ETY-ROOM!BLM15GA750SN1D_2P!
S!JUSBC1!!TBT!JAE_DX07BD24JJ2!
S!JSATA1!!ETY-ROOM!ACES_59003-02006-002!
S!JLOM1!!LAN!SANTA_130456-831!
S!RN15!!!7.87K_0402_1%!
S!PU102!!ETY-ROOM!SY8288CRAC_QFN20_3X3!
S!PU100!!ETY-ROOM!SY8288BRAC_QFN20_3X3!
S!PR944!!P_SELECTOR!442K_0402_1%!
S!PL612!!!0.15UH_MMD06CZER15MG_37A_20%!
S!PL610!!!0.15UH_MMD06CZER15MG_37A_20%!
S!JUSB3!!JUSB3!C-K_26210B-8K1A-02!
S!JSPK1!!CODEC!ACES_50278-00401-001!
S!JLED1!!LED!CVILU_CF5006FD0R0-05-NH!
S!JDIMM2!!ETY-ROOM!LCN_DAN05-Q0406-0103!
S!JDIMM1!!ETY-ROOM!LCN_DAN05-Q0406-0103!
S!H43!!!H_0P9N!
S!H42!!!H_0P7N!
S!JNGFF3!!SATA EXPRESS!LCN_DAN05-67356-0103!
S!UI5!!JUSB1!PS8713BTQFN24GTR2_TQFN24_4X4!
S!TL1!!LAN!350UH_IH-160!
S!JESPI!!ETY-ROOM!JXT_FP241AH-010GAAM!
S!JDEG1!!KBC!JXT_FP241AH-010GAAM!
S!DT9!!ETY-ROOM!ESD8011MUT5G_X3DFN2-2!
S!DT8!!ETY-ROOM!ESD8011MUT5G_X3DFN2-2!
S!DT7!!ETY-ROOM!ESD8011MUT5G_X3DFN2-2!
S!DT6!!ETY-ROOM!ESD8011MUT5G_X3DFN2-2!
S!DT5!!ETY-ROOM!ESD8011MUT5G_X3DFN2-2!
S!DT20!!ETY-ROOM!ESD8011MUT5G_X3DFN2-2!
S!DT19!!ETY-ROOM!ESD8011MUT5G_X3DFN2-2!
S!DT18!!ETY-ROOM!ESD8011MUT5G_X3DFN2-2!
S!DT17!!ETY-ROOM!ESD8011MUT5G_X3DFN2-2!
S!DT16!!ETY-ROOM!ESD8011MUT5G_X3DFN2-2!
S!DT15!!ETY-ROOM!ESD8011MUT5G_X3DFN2-2!
S!DT14!!ETY-ROOM!ESD8011MUT5G_X3DFN2-2!
S!DT13!!ETY-ROOM!ESD8011MUT5G_X3DFN2-2!
S!DT12!!ETY-ROOM!ESD8011MUT5G_X3DFN2-2!
S!DT11!!ETY-ROOM!ESD8011MUT5G_X3DFN2-2!
S!DT10!!ETY-ROOM!ESD8011MUT5G_X3DFN2-2!
S!UZ8!!UZ8!AOZ1336_DFN8_2X2!
S!UZ23!!HDD!AOZ1336_DFN8_2X2!
S!UV6!!CRT!RTD2166-CG_QFN32_4X4!
S!UZ5!!CODEC!EM5209VF_SON14_2X3!
S!UZ4!!UZ4!EM5209VF_SON14_2X3!
S!UZ3!!UZ3!EM5209VF_SON14_2X3!
S!UZ2!!UZ2!EM5209VF_SON14_2X3!
S!UR1!!RTS5242!RTS5242-GR_QFN32_4X4!
S!UA1!!ETY-ROOM!ALC3246-CG_MQFN48_6X6!
S!PC951!!!15U_B2_25VM_R100M!
S!PC910!!ETY-ROOM!15U_B2_25VM_R100M!
S!PC909!!ETY-ROOM!15U_B2_25VM_R100M!
S!LI9!!ETY-ROOM!MCM1012B900F06BP_4P!
S!LI8!!ETY-ROOM!MCM1012B900F06BP_4P!
S!LI17!!ETY-ROOM!HCM1012GH900BP_4P!
S!LI16!!ETY-ROOM!HCM1012GH900BP_4P!
S!YL1!!LAN!25MHZ_18PF_7V25000034!
S!YE1!!ETY-ROOM!32.768KHZ_9PF_X1A000141000200!
S!YC2!!CPU!32.768KHZ_12.5PF_9H03200042!
S!YC1!!CPU!24MHZ_12PF_X3G024000DC1H!
S!UZ26!!+VCC_SFR_OC!TPS22961DNYR_WSON8!
S!UZ21!!+1.0V_VCCST!TPS22961DNYR_WSON8!
S!UZ19!!+1.0V_VCCSTG!TPS22961DNYR_WSON8!
S!UV24!!LCD!G524B1T11U_SOT23-5!
S!UV4!!CRT!AP2330W-7_SC59-3!
S!UV2!!HDMI!AP2330W-7_SC59-3!
S!UT9!!ETY-ROOM!TUSB546_QFN40_4X6!
S!UT8!!PD!AP2204R-5.0TRG1_SOT89-3!
S!UT7!!PD!AP2112K-3.3TRG1_SOT23-5!
S!UT5!!PD!TPS65982_BGA96!
S!LGA1!!!LNG2DMTR_LGA12_2X2!
S!UI3!!JUSB1!SLGC55544CVTR_TQFN16_3X3!
S!UI2!!JUSB3!SY6288D20AAC_SOT23-5!
S!UI1!!JUSB2!SY6288D20AAC_SOT23-5!
S!UT6!!PD!W25Q80DVSSIG_SO8!
S!UE9!!PD!W25Q80DVSSIG_SO8!
S!UE7!!ETY-ROOM!RT9826-30GB!
S!UE1!!ETY-ROOM!MEC5105_WFBGA169_11X11!
S!UE6!!ETY-ROOM!74AUP1G07GW_TSSOP5!
S!UE4!!ETY-ROOM!74AUP1G07GW_TSSOP5!
S!UD1!!MEMORY!74AUP1G07GW_TSSOP5!
S!UC6!!SPI ROM!W25Q128FVSIQ_SO8!
S!UC5!!SPI ROM!W25Q128FVSIQ_SO8!
S!UC12!!CPU!74AHC1G09GW_TSSOP5!
S!UC1!!CPU!SKL-U_BGA1356!
S!T283!!!PAD~D!
S!T282!!!PAD~D!
S!T281!!!PAD~D!
S!PT1!!!PAD~D!
S!T268!!!PAD~D!
S!T267!!!PAD~D!
S!T258!!!PAD~D!
S!T9!!CPU!PAD~D!
S!T89!!LAN!PAD~D!
S!T88!!LAN!PAD~D!
S!T87!!CRT!PAD~D!
S!T6!!CPU!PAD~D!
S!T55!!MEMORY!PAD~D!
S!T54!!MEMORY!PAD~D!
S!T51!!MEMORY!PAD~D!
S!T50!!MEMORY!PAD~D!
S!T5!!CPU!PAD~D!
S!T4!!CPU!PAD~D!
S!T3!!CPU!PAD~D!
S!T225!!MEMORY!PAD~D!
S!T224!!PS8348!PAD~D!
S!T223!!PS8348!PAD~D!
S!T220!!PD!PAD~D!
S!T219!!PD!PAD~D!
S!T204!!PS8348!PAD~D!
S!T2!!CPU!PAD~D!
S!T19!!CPU!PAD~D!
S!T18!!CPU!PAD~D!
S!T17!!CPU!PAD~D!
S!T16!!CPU!PAD~D!
S!T15!!CPU!PAD~D!
S!T14!!CPU!PAD~D!
S!T132!!CPU!PAD~D!
S!T130!!CPU!PAD~D!
S!T13!!CPU!PAD~D!
S!T129!!CPU!PAD~D!
S!T128!!CPU!PAD~D!
S!T127!!CPU!PAD~D!
S!T126!!CPU!PAD~D!
S!T123!!CPU!PAD~D!
S!T122!!CPU!PAD~D!
S!T120!!CPU!PAD~D!
S!T12!!CPU!PAD~D!
S!T115!!CPU!PAD~D!
S!T114!!CPU!PAD~D!
S!T113!!CPU!PAD~D!
S!T11!!CPU!PAD~D!
S!T10!!CPU!PAD~D!
S!T1!!CPU!PAD~D!
S!SW3!!LED!SKRBAAE010_4P!
S!SW1!!CPU!SS3-CMFTQR9_3P!
S!RZ335!!ETY-ROOM!15K_0402_5%!
S!RZ32!!LED!330_0402_5%!
S!RZ28!!LED!330_0402_5%!
S!RZ43!!ETY-ROOM!47K_0402_5%!
S!RV6!!TOUCH!47K_0402_5%!
S!RV5!!LCD!47K_0402_5%!
S!RV4!!LCD!270K_0402_5%!
S!RV35!!HDMI!200_0402_5%!
S!RV32!!HDMI!200_0402_5%!
S!RV29!!HDMI!200_0402_5%!
S!RV26!!HDMI!200_0402_5%!
S!RV34!!HDMI!5.6_0402_5%!
S!RV33!!HDMI!5.6_0402_5%!
S!RV31!!HDMI!5.6_0402_5%!
S!RV30!!HDMI!5.6_0402_5%!
S!RV28!!HDMI!5.6_0402_5%!
S!RV27!!HDMI!5.6_0402_5%!
S!RV25!!HDMI!5.6_0402_5%!
S!RV24!!HDMI!5.6_0402_5%!
S!RT67!!PD!3.3K_0402_5%!
S!RT66!!PD!3.3K_0402_5%!
S!RT53!!PD!3.3K_0402_5%!
S!RT52!!PD!3.3K_0402_5%!
S!RT51!!PD!3.3K_0402_5%!
S!RT50!!PD!3.3K_0402_5%!
S!RR4!!RTS5242!6.2K_0402_1%!
S!RPE12!!KBC!2.2K_0804_8P4R_5%!
S!RPE9!!SIO!100K_0804_8P4R_5%!
S!RPE11!!SIO!100K_0804_8P4R_5%!
S!RPE10!!KBC!100K_0804_8P4R_5%!
S!RPE7!!KBC!10K_8P4R_5%!
S!RPC4!!CPU!10K_8P4R_5%!
S!RPC3!!CPU!10K_8P4R_5%!
S!RPC1!!SPI ROM!33_0804_8P4R_5%!
S!RL13!!LAN!3.01K_0402_1%!
S!RZ348!!!4.99K_0402_1%!
S!RV97!!PS8348!4.99K_0402_1%!
S!RN31!!SATA EXPRESS!4.99K_0402_1%!
S!RN30!!SATA EXPRESS!4.99K_0402_1%!
S!RI36!!JUSB1!4.99K_0402_1%!
S!RI14!!JUSB1!22.1K_0402_1%!
S!RE94!!SIO!75_0402_5%!
S!RE93!!SIO!100K_0201_5%!
S!RE343!!KBC!240K_0402_5%!
S!RE60!!KBC!43_0402_5%!
S!RT377!!!43K_0402_1%!
S!RE349!!CPU!43K_0402_1%!
S!RE64!!KBC!300_0402_5%!
S!RE312!!KBC!300_0402_5%!
S!RE539!!!100_0402_5%!
S!RZ113!!!100_0402_5%!
S!RC82!!CPU!100_0402_5%!
S!RC135!!CPU XDP!100_0402_5%!
S!PR940!!CHARGER!100_0402_5%!
S!RE288!!SIO!100_0402_5%!
S!RE26!!SIO!10_0402_5%!
S!RD30!!MEMORY!2_0402_1%!
S!RD17!!MEMORY!2_0402_1%!
S!RV17!!HDMI!470_0402_1%!
S!RV16!!HDMI!470_0402_1%!
S!RV15!!HDMI!470_0402_1%!
S!RV14!!HDMI!470_0402_1%!
S!RV13!!HDMI!470_0402_1%!
S!RV12!!HDMI!470_0402_1%!
S!RV11!!HDMI!470_0402_1%!
S!RV10!!HDMI!470_0402_1%!
S!RD11!!MEMORY!470_0402_1%!
S!RC78!!CPU!60.4_0402_1%!
S!RC6!!CPU!80.6_0402_1%!
S!RV21!!HDMI!20K_0402_5%!
S!RT307!!PS8740!20K_0402_5%!
S!RT306!!PS8740!20K_0402_5%!
S!RT305!!PS8740!20K_0402_5%!
S!RT304!!PS8740!20K_0402_5%!
S!RT303!!PS8740!20K_0402_5%!
S!RT302!!PS8740!20K_0402_5%!
S!RT301!!PS8740!20K_0402_5%!
S!RC57!!CPU!20K_0402_5%!
S!RC56!!CPU!20K_0402_5%!
S!RC54!!CPU!10M_0402_5%!
S!RC52!!CPU!2.7K_0402_1%!
S!RC5!!CPU!121_0402_1%!
S!RC44!!CPU!113_0402_1%!
S!RC96!!CPU!200_0402_1%!
S!RC4!!CPU!200_0402_1%!
S!PR18!!P_DCIN!49.9K_0402_1%!
S!PR16!!P_DCIN!49.9K_0402_1%!
S!PR1229!!P_DCIN!49.9K_0402_1%!
S!PR1213!!P_SELECTOR!49.9K_0402_1%!
S!PR1212!!P_SELECTOR!49.9K_0402_1%!
S!RE361!!ETY-ROOM!49.9K_0402_1%!
S!RC403!!CPU!49.9K_0402_1%!
S!RC402!!CPU!49.9K_0402_1%!
S!RC331!!CPU!49.9K_0402_1%!
S!RC330!!CPU!49.9K_0402_1%!
S!RC324!!CPU!59_0402_1%!
S!RC317!!CPU!150K_0402_5%!
S!RC216!!CPU XDP!0_0603_1%!
S!RC21!!CPU!8.2K_0402_1%!
S!PR934!!ETY-ROOM!499_0402_1%!
S!RC84!!CPU!499_0402_1%!
S!RC348!!CPU!499_0402_1%!
S!RC347!!CPU!499_0402_1%!
S!RC20!!CPU!499_0402_1%!
S!RC19!!CPU!499_0402_1%!
S!RE69!!KBC!8.2K_0402_5%!
S!RC72!!CPU!8.2K_0402_5%!
S!RC27!!CPU!8.2K_0402_5%!
S!RC227!!CPU!8.2K_0402_5%!
S!RC225!!CPU!8.2K_0402_5%!
S!RC184!!CPU!8.2K_0402_5%!
S!RC183!!CPU!8.2K_0402_5%!
S!RC369!!CPU!15_0402_5%!
S!RC368!!CPU!15_0402_5%!
S!RC367!!CPU!15_0402_5%!
S!RC366!!CPU!15_0402_5%!
S!RC16!!CPU!15_0402_5%!
S!RC153!!CPU!220_0402_5%!
S!RC152!!CPU!56_0402_1%!
S!RZ361!!!150_0402_5%!
S!RZ25!!LED!150_0402_5%!
S!RL20!!LAN!150_0402_5%!
S!RL19!!LAN!150_0402_5%!
S!RL14!!LAN!150_0402_5%!
S!RC218!!CPU XDP!150_0402_5%!
S!RC132!!CPU XDP!150_0402_5%!
S!RZ334!!ETY-ROOM!51_0402_5%!
S!RC86!!CPU!51_0402_5%!
S!RC81!!CPU!51_0402_5%!
S!RC139!!CPU XDP!51_0402_5%!
S!RC138!!CPU XDP!51_0402_5%!
S!RC136!!CPU XDP!51_0402_5%!
S!RC134!!CPU XDP!51_0402_5%!
S!RC131!!CPU XDP!51_0402_5%!
S!RC130!!CPU!51_0402_5%!
S!RC241!!CPU XDP!1.5K_0402_5%!
S!RC133!!CPU XDP!1.5K_0402_5%!
S!RC115!!CPU!1.5K_0402_5%!
S!RE374!!SPI ROM!24.9_0402_1%!
S!RE372!!SPI ROM!24.9_0402_1%!
S!RE370!!SPI ROM!24.9_0402_1%!
S!RE368!!SPI ROM!24.9_0402_1%!
S!RE366!!SPI ROM!24.9_0402_1%!
S!RD31!!MEMORY!24.9_0402_1%!
S!RD18!!MEMORY!24.9_0402_1%!
S!RC2!!CPU!24.9_0402_1%!
S!RE532!!!4.7K_0402_5%!
S!RN9!!!4.7K_0402_5%!
S!RN8!!!4.7K_0402_5%!
S!RN7!!!4.7K_0402_5%!
S!RN6!!!4.7K_0402_5%!
S!RN21!!!4.7K_0402_5%!
S!RN20!!!4.7K_0402_5%!
S!RN19!!!4.7K_0402_5%!
S!RN18!!!4.7K_0402_5%!
S!RN17!!!4.7K_0402_5%!
S!RN16!!!4.7K_0402_5%!
S!RN14!!!4.7K_0402_5%!
S!RN13!!!4.7K_0402_5%!
S!RN12!!!4.7K_0402_5%!
S!RN11!!!4.7K_0402_5%!
S!RN10!!!4.7K_0402_5%!
S!RZ19!!KBTP!4.7K_0402_5%!
S!RZ18!!KBTP!4.7K_0402_5%!
S!RV96!!PS8348!4.7K_0402_5%!
S!RV95!!PS8348!4.7K_0402_5%!
S!RV94!!PS8348!4.7K_0402_5%!
S!RV93!!PS8348!4.7K_0402_5%!
S!RV92!!PS8348!4.7K_0402_5%!
S!RV91!!PS8348!4.7K_0402_5%!
S!RV90!!PS8348!4.7K_0402_5%!
S!RV89!!PS8348!4.7K_0402_5%!
S!RV88!!PS8348!4.7K_0402_5%!
S!RV87!!PS8348!4.7K_0402_5%!
S!RV86!!PS8348!4.7K_0402_5%!
S!RV85!!PS8348!4.7K_0402_5%!
S!RV84!!PS8348!4.7K_0402_5%!
S!RV83!!PS8348!4.7K_0402_5%!
S!RV82!!PS8348!4.7K_0402_5%!
S!RV81!!PS8348!4.7K_0402_5%!
S!RV80!!PS8348!4.7K_0402_5%!
S!RV79!!PS8348!4.7K_0402_5%!
S!RV2!!LCD!4.7K_0402_5%!
S!RV124!!CRT!4.7K_0402_5%!
S!RV123!!CRT!4.7K_0402_5%!
S!RV107!!CRT!4.7K_0402_5%!
S!RV106!!CRT!4.7K_0402_5%!
S!RV1!!LCD!4.7K_0402_5%!
S!RT308!!PS8740!4.7K_0402_5%!
S!RL6!!LAN!4.7K_0402_5%!
S!RL4!!LAN!4.7K_0402_5%!
S!RI58!!JUSB1!4.7K_0402_5%!
S!RI57!!JUSB1!4.7K_0402_5%!
S!RI56!!JUSB1!4.7K_0402_5%!
S!RI55!!JUSB1!4.7K_0402_5%!
S!RI54!!JUSB1!4.7K_0402_5%!
S!RI53!!JUSB1!4.7K_0402_5%!
S!RI52!!JUSB1!4.7K_0402_5%!
S!RI51!!JUSB1!4.7K_0402_5%!
S!RI45!!JUSB1!4.7K_0402_5%!
S!RI44!!JUSB1!4.7K_0402_5%!
S!RI43!!JUSB1!4.7K_0402_5%!
S!RI42!!JUSB1!4.7K_0402_5%!
S!RI41!!JUSB1!4.7K_0402_5%!
S!RI40!!JUSB1!4.7K_0402_5%!
S!RI39!!JUSB1!4.7K_0402_5%!
S!RI38!!JUSB1!4.7K_0402_5%!
S!RI34!!JUSB1!4.7K_0402_5%!
S!RE98!!SPI ROM!4.7K_0402_5%!
S!RC25!!CPU!4.7K_0402_5%!
S!RC187!!CPU!4.7K_0402_5%!
S!RC186!!CPU!4.7K_0402_5%!
S!RA58!!UZ8!4.7K_0402_5%!
S!RA57!!UZ8!4.7K_0402_5%!
S!RC22!!CPU!22_0402_5%!
S!RA14!!CODEC!22_0402_5%!
S!PR943!!CHARGER!0_0603_5%!
S!PR304!!ETY-ROOM!0_0603_5%!
S!PR203!!P_1.2V!0_0603_5%!
S!PR111!!ETY-ROOM!0_0603_5%!
S!PR100!!ETY-ROOM!0_0603_5%!
S!RT398!!!0_0603_5%!
S!RL8!!LAN!0_0603_5%!
S!RI80!!!0_0603_5%!
S!RD26!!MEMORY!0_0603_5%!
S!RD10!!MEMORY!0_0603_5%!
S!RC310!!ETY-ROOM!0_0603_5%!
S!RC309!!ETY-ROOM!0_0603_5%!
S!RC299!!ETY-ROOM!0_0603_5%!
S!RC169!!ETY-ROOM!0_0603_5%!
S!RA3!!ETY-ROOM!0_0603_5%!
S!RC143!!CPU!0_0603_5%!
S!R274!!ETY-ROOM!0_0603_5%!
S!QZ9!!!LP2301ALT1G_SOT23-3!
S!QZ1!!CAMERA!LP2301ALT1G_SOT23-3!
S!QV8!!TOUCH!LP2301ALT1G_SOT23-3!
S!QV1!!LCD!AO6405_TSOP6!
S!PQ1211!!P_USBB!DMN65D8LDW-7_SOT363-6!
S!PQ1210!!P_USBB!DMN65D8LDW-7_SOT363-6!
S!PQ1208!!P_USBB!DMN65D8LDW-7_SOT363-6!
S!PQ1207!!P_USBB!DMN65D8LDW-7_SOT363-6!
S!QN5!!CODEC!DMN65D8LDW-7_SOT363-6!
S!QN4!!CODEC!DMN65D8LDW-7_SOT363-6!
S!QE7!!KBC!LMBT3904WT1G SC70-3!
S!QE6!!KBC!LMBT3904WT1G SC70-3!
S!QE5!!KBC!LMBT3904WT1G SC70-3!
S!QE4!!KBC!LMBT3904WT1G SC70-3!
S!QE3!!KBC!LMBT3904WT1G SC70-3!
S!QZ8!!!L2N7002WT1G_SC-70-3!
S!QV7!!TOUCH!L2N7002WT1G_SC-70-3!
S!QV5!!HDMI!L2N7002WT1G_SC-70-3!
S!QV4!!HDMI!L2N7002WT1G_SC-70-3!
S!QV2!!LCD!L2N7002WT1G_SC-70-3!
S!QR1!!RTS5242!L2N7002WT1G_SC-70-3!
S!QE12!!ETY-ROOM!L2N7002WT1G_SC-70-3!
S!QE11!!ETY-ROOM!L2N7002WT1G_SC-70-3!
S!PU503!!ETY-ROOM!AP7361C-FGE-7_U-DFN3030-8_3X3!
S!PU501!!ETY-ROOM!RT8097ALGE_SOT23-6!
S!PU1201!!ETY-ROOM!LM393DGKR_VSSOP8!
S!UZ6!!RSMRST!TC7SH08FU_SSOP5~D!
S!UZ35!!+1.0V_VCCSTG!TC7SH08FU_SSOP5~D!
S!UZ34!!+VCC_SFR_OC!TC7SH08FU_SSOP5~D!
S!UZ10!!LED!TC7SH08FU_SSOP5~D!
S!UL2!!LAN!TC7SH08FU_SSOP5~D!
S!UE5!!CPU!TC7SH08FU_SSOP5~D!
S!UE3!!CPU!TC7SH08FU_SSOP5~D!
S!UC7!!CPU!TC7SH08FU_SSOP5~D!
S!PRP1!!ETY-ROOM!100_0804_8P4R_5%!
S!PR925!!CHARGER!154K_0402_1%!
S!PR915!!CHARGER!4.7_0402_5%!
S!PR901!!CHARGER!0.01_1206_1%!
S!RT100!!PD!15K_0402_1%!
S!PR8!!P_DCIN!15K_0402_1%!
S!RI37!!JUSB1!2K_0402_5%!
S!PR682!!!5.11K_0402_1%!
S!PR681!!!5.11K_0402_1%!
S!PR680!!ETY-ROOM!5.11K_0402_1%!
S!PR662!!ETY-ROOM!5.11K_0402_1%!
S!PR649!!CPU_CORE!1.62K_0402_1%!
S!PR642!!CPU_CORE!2.61K_0402_1%!
S!PR639!!ETY-ROOM!3.6K_0402_1%!
S!PR656!!CPU_CORE!11K_0402_1%!
S!PR643!!CPU_CORE!11K_0402_1%!
S!PR633!!CPU_CORE!11K_0402_1%!
S!PR1206!!P_SELECTOR!1K_0402_1%!
S!RD29!!MEMORY!1K_0402_1%!
S!RD28!!MEMORY!1K_0402_1%!
S!RD16!!MEMORY!1K_0402_1%!
S!RD15!!MEMORY!1K_0402_1%!
S!RC11!!CPU!1K_0402_1%!
S!RC10!!CPU!1K_0402_1%!
S!PR644!!ETY-ROOM!1K_0402_1%!
S!PR641!!CPU_CORE!1K_0402_1%!
S!PR632!!CPU_CORE!1K_0402_1%!
S!PR647!!CPU_CORE!27.4K_0402_1%!
S!PR631!!ETY-ROOM!27.4K_0402_1%!
S!PR657!!CPU_CORE!4.42K_0402_1%!
S!PR628!!CPU_CORE!4.42K_0402_1%!
S!PR626!!ETY-ROOM!10_0402_1%!
S!PR674!!CPU_CORE!3.65K_0603_1%!
S!PR661!!CPU_CORE!3.65K_0603_1%!
S!PR624!!CPU_CORE!3.65K_0603_1%!
S!PR652!!CPU_CORE!2K_0402_1%!
S!PR650!!CPU_CORE!2K_0402_1%!
S!PR623!!CPU_CORE!2K_0402_1%!
S!PR646!!CPU_CORE!316_0402_1%!
S!PR645!!CPU_CORE!316_0402_1%!
S!PR621!!ETY-ROOM!316_0402_1%!
S!RL78!!LAN!2.2_0603_5%!
S!RL77!!LAN!2.2_0603_5%!
S!RL76!!LAN!2.2_0603_5%!
S!RL75!!LAN!2.2_0603_5%!
S!RL74!!LAN!2.2_0603_5%!
S!RL73!!LAN!2.2_0603_5%!
S!RL72!!LAN!2.2_0603_5%!
S!RL71!!LAN!2.2_0603_5%!
S!PR672!!CPU_CORE!2.2_0603_5%!
S!PR660!!CPU_CORE!2.2_0603_5%!
S!PR619!!CPU_CORE!2.2_0603_5%!
S!RE71!!KBC!49.9_0402_1%!
S!RC91!!CPU!49.9_0402_1%!
S!RC90!!CPU!49.9_0402_1%!
S!RC89!!CPU!49.9_0402_1%!
S!RC88!!CPU!49.9_0402_1%!
S!RC79!!CPU!49.9_0402_1%!
S!RC114!!CPU!49.9_0402_1%!
S!PR618!!ETY-ROOM!49.9_0402_1%!
S!PR617!!ETY-ROOM!3.92K_0402_1%!
S!PR622!!ETY-ROOM!1.91K_0402_1%!
S!PR612!!CPU_CORE!1.91K_0402_1%!
S!PR611!!ETY-ROOM!48.7K_0402_1%!
S!PR608!!ETY-ROOM!78.7K_0402_1%!
S!RV118!!CRT!75_0402_1%!
S!RV117!!CRT!75_0402_1%!
S!RV116!!CRT!75_0402_1%!
S!RL18!!LAN!75_0402_1%!
S!RL17!!LAN!75_0402_1%!
S!RL16!!LAN!75_0402_1%!
S!RL15!!LAN!75_0402_1%!
S!PR604!!ETY-ROOM!75_0402_1%!
S!RE373!!SPI ROM!45.3_0402_1%!
S!RE371!!SPI ROM!45.3_0402_1%!
S!RE369!!SPI ROM!45.3_0402_1%!
S!RE367!!SPI ROM!45.3_0402_1%!
S!PR601!!ETY-ROOM!45.3_0402_1%!
S!PR306!!ETY-ROOM!21.5K_0402_1%!
S!PR515!!ETY-ROOM!21.5K_0402_1%!
S!PR516!!ETY-ROOM!10.2K_0402_1%!
S!PR501!!1.8V!20K_0402_1%!
S!RC417!!!33_0402_5%!
S!RC295!!CPU!33_0402_5%!
S!RZ60!!ETY-ROOM!33_0402_5%!
S!RZ63!!TPM!33_0402_5%!
S!RZ59!!TPM!33_0402_5%!
S!RZ58!!TPM!33_0402_5%!
S!RE350!!SPI ROM!33_0402_5%!
S!RC95!!CPU!33_0402_5%!
S!RC94!!CPU!33_0402_5%!
S!RC93!!CPU!33_0402_5%!
S!RC92!!CPU!33_0402_5%!
S!RC43!!SPI ROM!33_0402_5%!
S!RC410!!SPI ROM!33_0402_5%!
S!RC409!!SPI ROM!33_0402_5%!
S!RC408!!SPI ROM!33_0402_5%!
S!RC407!!SPI ROM!33_0402_5%!
S!RC39!!SPI ROM!33_0402_5%!
S!RC29!!SPI ROM!33_0402_5%!
S!RC28!!SPI ROM!33_0402_5%!
S!RA9!!CODEC!33_0402_5%!
S!RA17!!CODEC!33_0402_5%!
S!PR5!!P_DCIN!33_0402_5%!
S!RE65!!KBC!100_0402_1%!
S!RE314!!KBC!100_0402_1%!
S!RC7!!CPU!100_0402_1%!
S!RC45!!CPU!100_0402_1%!
S!RC349!!CPU!100_0402_1%!
S!RC3!!CPU!100_0402_1%!
S!RC168!!CPU!100_0402_1%!
S!RC167!!CPU!100_0402_1%!
S!RC166!!CPU!100_0402_1%!
S!RC165!!CPU!100_0402_1%!
S!RC163!!CPU!100_0402_1%!
S!RC161!!CPU!100_0402_1%!
S!RC157!!CPU!100_0402_1%!
S!RC141!!CPU!100_0402_1%!
S!RC140!!CPU!100_0402_1%!
S!PR678!!ETY-ROOM!100_0402_1%!
S!PR605!!ETY-ROOM!100_0402_1%!
S!PR921!!CHARGER!4.7_0603_5%!
S!PR502!!1.8V!4.7_0603_5%!
S!PR409!!1.8V!4.7_0603_5%!
S!PR405!!1.8V!4.7_0603_5%!
S!RE525!!!2.2K_0402_5%!
S!RE524!!!2.2K_0402_5%!
S!RZ21!!KBTP!2.2K_0402_5%!
S!RZ20!!KBTP!2.2K_0402_5%!
S!RZ9!!USH!2.2K_0402_5%!
S!RZ8!!USH!2.2K_0402_5%!
S!RV23!!HDMI!2.2K_0402_5%!
S!RV22!!HDMI!2.2K_0402_5%!
S!RV120!!CRT!2.2K_0402_5%!
S!RV119!!CRT!2.2K_0402_5%!
S!RE70!!KBC!2.2K_0402_5%!
S!RE43!!KBC!2.2K_0402_5%!
S!RE37!!KBC!2.2K_0402_5%!
S!RE303!!KBC!2.2K_0402_5%!
S!RE302!!KBC!2.2K_0402_5%!
S!RC319!!CPU!2.2K_0402_5%!
S!RC318!!CPU!2.2K_0402_5%!
S!RC23!!CPU!2.2K_0402_5%!
S!RC178!!CPU!2.2K_0402_5%!
S!RC177!!CPU!2.2K_0402_5%!
S!RC176!!CPU!2.2K_0402_5%!
S!RC175!!CPU!2.2K_0402_5%!
S!RA6!!CODEC!2.2K_0402_5%!
S!RA5!!CODEC!2.2K_0402_5%!
S!PR4!!P_DCIN!2.2K_0402_5%!
S!RT76!!PD!10K_0402_1%!
S!RC113!!CPU!10K_0402_1%!
S!RC112!!CPU!10K_0402_1%!
S!RC110!!CPU!10K_0402_1%!
S!PR7!!P_DCIN!10K_0402_1%!
S!PR635!!ETY-ROOM!10K_0402_1%!
S!PR610!!ETY-ROOM!10K_0402_1%!
S!PR506!!1.8V!10K_0402_1%!
S!PR420!!CHARGER!10K_0402_1%!
S!PR419!!CHARGER!10K_0402_1%!
S!PR418!!CHARGER!10K_0402_1%!
S!PR417!!CHARGER!10K_0402_1%!
S!PR416!!CHARGER!10K_0402_1%!
S!PR415!!CHARGER!10K_0402_1%!
S!PR414!!CHARGER!10K_0402_1%!
S!PR413!!CHARGER!10K_0402_1%!
S!PR13!!P_DCIN!4.7K_0805_5%!
S!PR953!!!100K_0402_1%!
S!PR1247!!ETY-ROOM!100K_0402_1%!
S!RA61!!!100K_0402_1%!
S!RA59!!!100K_0402_1%!
S!RC220!!CPU!100K_0402_1%!
S!PR933!!ETY-ROOM!100K_0402_1%!
S!PR931!!CHARGER!100K_0402_1%!
S!PR930!!CHARGER!100K_0402_1%!
S!PR918!!CHARGER!100K_0402_1%!
S!PR6!!P_DCIN!100K_0402_1%!
S!PR424!!CHARGER!100K_0402_1%!
S!PR206!!P_1.2V!100K_0402_1%!
S!PR1246!!ETY-ROOM!100K_0402_1%!
S!PR1240!!ETY-ROOM!100K_0402_1%!
S!PR1237!!ETY-ROOM!100K_0402_1%!
S!PR1203!!CHARGER!1.8M_0402_1%!
S!RA60!!!200K_0402_1%!
S!RC46!!CPU!1M_0402_1%!
S!PR927!!ETY-ROOM!1M_0402_1%!
S!PR514!!ETY-ROOM!1M_0402_1%!
S!PR505!!1.8V!1M_0402_1%!
S!PR428!!ETY-ROOM!1M_0402_1%!
S!PR407!!ETY-ROOM!1M_0402_1%!
S!PR403!!ETY-ROOM!1M_0402_1%!
S!PR302!!ETY-ROOM!1M_0402_1%!
S!PR116!!ETY-ROOM!1M_0402_1%!
S!RE530!!!1M_0402_5%!
S!PR1210!!P_DCIN!1M_0402_5%!
S!RT71!!PD!1M_0402_5%!
S!RV75!!PS8348!1M_0402_5%!
S!RV74!!PS8348!1M_0402_5%!
S!RV73!!PS8348!1M_0402_5%!
S!RV20!!HDMI!1M_0402_5%!
S!RT86!!PD!1M_0402_5%!
S!RT82!!PD!1M_0402_5%!
S!RL30!!LAN!1M_0402_5%!
S!RL29!!LAN!1M_0402_5%!
S!RL11!!LAN!1M_0402_5%!
S!RC69!!CPU!1M_0402_5%!
S!PR212!!P_1.2V!1M_0402_5%!
S!PR209!!P_1.2V!1M_0402_5%!
S!PR1255!!!150K_0402_1%!
S!PR1239!!ETY-ROOM!150K_0402_1%!
S!RE33!!KBC!1K_0402_5%!
S!RE377!!!1K_0402_5%!
S!RE376!!!1K_0402_5%!
S!RV122!!CRT!1K_0402_5%!
S!RV121!!CRT!1K_0402_5%!
S!RT300!!PS8740!1K_0402_5%!
S!RT248!!PS8740!1K_0402_5%!
S!RT247!!PS8740!1K_0402_5%!
S!RT145!!PS8740!1K_0402_5%!
S!RT144!!PS8740!1K_0402_5%!
S!RT143!!PS8740!1K_0402_5%!
S!RT142!!PS8740!1K_0402_5%!
S!RT141!!PS8740!1K_0402_5%!
S!RT140!!PS8740!1K_0402_5%!
S!RT139!!PS8740!1K_0402_5%!
S!RT138!!PS8740!1K_0402_5%!
S!RT137!!PS8740!1K_0402_5%!
S!RT136!!PS8740!1K_0402_5%!
S!RT135!!PS8740!1K_0402_5%!
S!RL12!!LAN!1K_0402_5%!
S!RE57!!KBC!1K_0402_5%!
S!RD27!!MEMORY!1K_0402_5%!
S!RD14!!MEMORY!1K_0402_5%!
S!RC87!!CPU!1K_0402_5%!
S!RC83!!CPU!1K_0402_5%!
S!RC80!!CPU!1K_0402_5%!
S!RC77!!CPU!1K_0402_5%!
S!RC71!!CPU!1K_0402_5%!
S!RC67!!CPU!1K_0402_5%!
S!RC48!!CPU!1K_0402_5%!
S!RC363!!CPU!1K_0402_5%!
S!RC362!!CPU!1K_0402_5%!
S!RC338!!CPU!1K_0402_5%!
S!RC316!!SPI ROM!1K_0402_5%!
S!RC31!!SPI ROM!1K_0402_5%!
S!RC30!!SPI ROM!1K_0402_5%!
S!RC224!!CPU!1K_0402_5%!
S!RC223!!CPU!1K_0402_5%!
S!RC222!!CPU!1K_0402_5%!
S!RC17!!CPU!1K_0402_5%!
S!RC15!!CPU!1K_0402_5%!
S!RC14!!CPU!1K_0402_5%!
S!RC126!!CPU XDP!1K_0402_5%!
S!RC124!!CPU XDP!1K_0402_5%!
S!RC123!!CPU XDP!1K_0402_5%!
S!RC12!!CPU!1K_0402_5%!
S!RC109!!CPU!1K_0402_5%!
S!RA13!!CODEC!1K_0402_5%!
S!RA12!!CODEC!1K_0402_5%!
S!PR308!!ETY-ROOM!1K_0402_5%!
S!PR2!!P_DCIN!1K_0402_5%!
S!PR117!!ETY-ROOM!1K_0402_5%!
S!PR108!!ETY-ROOM!1K_0402_5%!
S!PR924!!ETY-ROOM!4.7_1206_5%!
S!PR923!!ETY-ROOM!4.7_1206_5%!
S!PR676!!CPU_CORE!4.7_1206_5%!
S!PR663!!CPU_CORE!4.7_1206_5%!
S!PR627!!CPU_CORE!4.7_1206_5%!
S!PR303!!ETY-ROOM!4.7_1206_5%!
S!PR202!!P_1.2V!4.7_1206_5%!
S!PR112!!1.5V!4.7_1206_5%!
S!PR106!!1.5V!4.7_1206_5%!
S!PR421!!CPU!0_0402_5%!
S!RE536!!!0_0402_5%!
S!RE514!!!0_0402_5%!
S!RZ132!!!0_0402_5%!
S!RZ131!!!0_0402_5%!
S!RZ112!!!0_0402_5%!
S!PR950!!!0_0402_5%!
S!PR1261!!!0_0402_5%!
S!PR1260!!!0_0402_5%!
S!PR1258!!!0_0402_5%!
S!PR1254!!!0_0402_5%!
S!RN101!!!0_0402_5%!
S!RN100!!!0_0402_5%!
S!RT376!!!0_0402_5%!
S!RT375!!!0_0402_5%!
S!RZ81!!WLAN!0_0402_5%!
S!RZ80!!WLAN!0_0402_5%!
S!RZ79!!WLAN!0_0402_5%!
S!RZ78!!WLAN!0_0402_5%!
S!RZ77!!WWAN!0_0402_5%!
S!RZ76!!WWAN!0_0402_5%!
S!RZ71!!UZ2!0_0402_5%!
S!RZ65!!UZ3!0_0402_5%!
S!RZ326!!WWAN!0_0402_5%!
S!RZ320!!+1.0V_VCCSTG!0_0402_5%!
S!RZ23!!ETY-ROOM!0_0402_5%!
S!RZ22!!ETY-ROOM!0_0402_5%!
S!RZ119!!+VCC_SFR_OC!0_0402_5%!
S!RZ114!!USH!0_0402_5%!
S!RT98!!PD!0_0402_5%!
S!RT97!!PD!0_0402_5%!
S!RT88!!PD!0_0402_5%!
S!RT87!!PD!0_0402_5%!
S!RT85!!PD!0_0402_5%!
S!RT84!!PD!0_0402_5%!
S!RT75!!PD!0_0402_5%!
S!RT74!!TBT!0_0402_5%!
S!RT65!!PD!0_0402_5%!
S!RT64!!PD!0_0402_5%!
S!RT339!!TBT!0_0402_5%!
S!RT133!!PS8740!0_0402_5%!
S!RT132!!PS8740!0_0402_5%!
S!RT110!!PD!0_0402_5%!
S!RT103!!PD!0_0402_5%!
S!RN225!!ETY-ROOM!0_0402_5%!
S!RN224!!ETY-ROOM!0_0402_5%!
S!RN223!!ETY-ROOM!0_0402_5%!
S!RN192!!ETY-ROOM!0_0402_5%!
S!RN189!!ETY-ROOM!0_0402_5%!
S!RN187!!ETY-ROOM!0_0402_5%!
S!RN186!!ETY-ROOM!0_0402_5%!
S!RN184!!ETY-ROOM!0_0402_5%!
S!RN182!!ETY-ROOM!0_0402_5%!
S!RI35!!JUSB1!0_0402_5%!
S!RE375!!KBC!0_0402_5%!
S!RE363!!ETY-ROOM!0_0402_5%!
S!RE341!!ETY-ROOM!0_0402_5%!
S!RE339!!ETY-ROOM!0_0402_5%!
S!RE338!!ETY-ROOM!0_0402_5%!
S!RE337!!ETY-ROOM!0_0402_5%!
S!RE308!!KBC!0_0402_5%!
S!RE306!!KBC!0_0402_5%!
S!RE304!!KBC!0_0402_5%!
S!RE292!!KBC!0_0402_5%!
S!RE280!!KBC!0_0402_5%!
S!RE274!!SIO!0_0402_5%!
S!RD8!!MEMORY!0_0402_5%!
S!RD6!!MEMORY!0_0402_5%!
S!RD4!!MEMORY!0_0402_5%!
S!RD24!!MEMORY!0_0402_5%!
S!RD23!!MEMORY!0_0402_5%!
S!RD20!!MEMORY!0_0402_5%!
S!RC60!!CPU!0_0402_5%!
S!RC42!!SPI ROM!0_0402_5%!
S!RC32!!SPI ROM!0_0402_5%!
S!RC313!!CPU!0_0402_5%!
S!RC298!!CPU!0_0402_5%!
S!RC297!!CPU!0_0402_5%!
S!RC240!!CPU XDP!0_0402_5%!
S!RC239!!CPU XDP!0_0402_5%!
S!RC234!!CPU!0_0402_5%!
S!RC217!!CPU XDP!0_0402_5%!
S!RC215!!CPU!0_0402_5%!
S!RC211!!ETY-ROOM!0_0402_5%!
S!RC129!!CPU XDP!0_0402_5%!
S!RC128!!CPU XDP!0_0402_5%!
S!RC122!!CPU XDP!0_0402_5%!
S!RC121!!CPU XDP!0_0402_5%!
S!RA53!!UZ8!0_0402_5%!
S!RA50!!UZ8!0_0402_5%!
S!PR919!!ETY-ROOM!0_0402_5%!
S!PR427!!ETY-ROOM!0_0402_5%!
S!PR422!!ETY-ROOM!0_0402_5%!
S!PR412!!ETY-ROOM!0_0402_5%!
S!PR411!!ETY-ROOM!0_0402_5%!
S!PR410!!ETY-ROOM!0_0402_5%!
S!PR408!!ETY-ROOM!0_0402_5%!
S!PR404!!ETY-ROOM!0_0402_5%!
S!PR310!!1P5V!0_0402_5%!
S!PR307!!1P5V!0_0402_5%!
S!PR3!!P_DCIN!0_0402_5%!
S!PR207!!ETY-ROOM!0_0402_5%!
S!PR205!!ETY-ROOM!0_0402_5%!
S!PR1248!!P_DCIN!0_0402_5%!
S!PR1228!!P_DCIN!499K_0402_1%!
S!PR1207!!P_DCIN!499K_0402_1%!
S!PR1205!!P_SELECTOR!499K_0402_1%!
S!PR12!!P_DCIN!499K_0402_1%!
S!PR11!!P_DCIN!499K_0402_1%!
S!PR103!!3_5V!499K_0402_1%!
S!PR102!!ETY-ROOM!499K_0402_1%!
S!RT397!!!0_0603_5%!
S!RI79!!!0_0603_5%!
S!RZ151!!+1.0V_VCCSTG!0_0603_5%!
S!RE505!!!100K_0402_5%!
S!RZ10!!USH!100K_0402_5%!
S!RT393!!!100K_0402_5%!
S!RT111!!PD!100K_0402_5%!
S!RE95!!CPU!100K_0402_5%!
S!RE513!!!100K_0402_5%!
S!RZ360!!!100K_0402_5%!
S!PR1259!!!100K_0402_5%!
S!RE512!!!100K_0402_5%!
S!RE508!!!100K_0402_5%!
S!RE507!!!100K_0402_5%!
S!RZ40!!UZ4!100K_0402_5%!
S!RZ38!!UZ2!100K_0402_5%!
S!RV78!!PS8348!100K_0402_5%!
S!RV77!!PS8348!100K_0402_5%!
S!RV76!!PS8348!100K_0402_5%!
S!RV72!!PS8348!100K_0402_5%!
S!RV71!!PS8348!100K_0402_5%!
S!RV70!!PS8348!100K_0402_5%!
S!RV7!!CPU!100K_0402_5%!
S!RV3!!LCD!100K_0402_5%!
S!RV102!!CRT!100K_0402_5%!
S!RT96!!PD!100K_0402_5%!
S!RT95!!PD!100K_0402_5%!
S!RT81!!PD!100K_0402_5%!
S!RT131!!PS8740!100K_0402_5%!
S!RT130!!PS8740!100K_0402_5%!
S!RT101!!PD!100K_0402_5%!
S!RN2!!HDD!100K_0402_5%!
S!RN188!!ETY-ROOM!100K_0402_5%!
S!RN185!!ETY-ROOM!100K_0402_5%!
S!RN183!!ETY-ROOM!100K_0402_5%!
S!RN171!!ETY-ROOM!100K_0402_5%!
S!RN1!!HDD!100K_0402_5%!
S!RE92!!SIO!100K_0402_5%!
S!RE91!!SIO!100K_0402_5%!
S!RE85!!SIO!100K_0402_5%!
S!RE84!!SIO!100K_0402_5%!
S!RE83!!SIO!100K_0402_5%!
S!RE8!!SIO!100K_0402_5%!
S!RE75!!KBC!100K_0402_5%!
S!RE68!!KBC!100K_0402_5%!
S!RE63!!KBC!100K_0402_5%!
S!RE58!!KBC!100K_0402_5%!
S!RE55!!KBC!100K_0402_5%!
S!RE365!!SIO!100K_0402_5%!
S!RE362!!ETY-ROOM!100K_0402_5%!
S!RE324!!SIO!100K_0402_5%!
S!RE31!!KBC!100K_0402_5%!
S!RE25!!SIO!100K_0402_5%!
S!RE20!!SIO!100K_0402_5%!
S!RE12!!SIO!100K_0402_5%!
S!RE11!!SIO!100K_0402_5%!
S!RE10!!SIO!100K_0402_5%!
S!RD19!!MEMORY!100K_0402_5%!
S!RC65!!CPU!100K_0402_5%!
S!RC405!!CPU!100K_0402_5%!
S!RC345!!CPU!100K_0402_5%!
S!RC287!!CPU!100K_0402_5%!
S!RC282!!CPU!100K_0402_5%!
S!RC120!!CPU!100K_0402_5%!
S!RC1!!CPU!100K_0402_5%!
S!RA52!!CODEC!100K_0402_5%!
S!RA44!!CODEC!100K_0402_5%!
S!PR945!!P_SELECTOR!100K_0402_5%!
S!PR517!!P_1.2V!100K_0402_5%!
S!PR28!!P_SELECTOR!100K_0402_5%!
S!PR27!!P_DCIN!100K_0402_5%!
S!PR24!!P_DCIN!100K_0402_5%!
S!PR17!!P_SELECTOR!100K_0402_5%!
S!PR15!!P_SELECTOR!100K_0402_5%!
S!PR14!!P_DCIN!100K_0402_5%!
S!PR1253!!P_SELECTOR!100K_0402_5%!
S!PR1252!!P_SELECTOR!100K_0402_5%!
S!PR1236!!P_SELECTOR!100K_0402_5%!
S!PR1235!!P_SELECTOR!100K_0402_5%!
S!PR1234!!P_SELECTOR!100K_0402_5%!
S!PR1233!!P_SELECTOR!100K_0402_5%!
S!PR1232!!P_SELECTOR!100K_0402_5%!
S!PR1231!!P_SELECTOR!100K_0402_5%!
S!PR1230!!P_SELECTOR!100K_0402_5%!
S!PR1227!!P_DCIN!100K_0402_5%!
S!PR1226!!P_SELECTOR!100K_0402_5%!
S!PR1224!!P_DCIN!100K_0402_5%!
S!PR1222!!P_DCIN!100K_0402_5%!
S!PR1214!!P_SELECTOR!100K_0402_5%!
S!PR1209!!P_SELECTOR!100K_0402_5%!
S!PR113!!1P5V!100K_0402_5%!
S!PR107!!1P5V!100K_0402_5%!
S!PR1!!P_DCIN!100K_0402_5%!
S!PQ501!!ETY-ROOM!AON7934_DFN3X3A-8-10!
S!PQ3!!P_DCIN!MMST3904-7-F_SOT323~D!
S!PQ2!!P_DCIN!FDV301N-G_SOT23-3!
S!QT1!!PD!DMN66D0LDW-7_SOT363-6!
S!QE13!!!DMN65D8LDW-7_SOT363-6!
S!QZ2!!!DMN65D8LDW-7_SOT363-6!
S!QZ7!!LED!DMN65D8LDW-7_SOT363-6!
S!QV3!!HDMI!DMN65D8LDW-7_SOT363-6!
S!QN1!!HDD!DMN65D8LDW-7_SOT363-6!
S!QL2!!LAN!DMN65D8LDW-7_SOT363-6!
S!QL1!!LAN!DMN65D8LDW-7_SOT363-6!
S!QE2!!ETY-ROOM!DMN65D8LDW-7_SOT363-6!
S!QC2!!CPU!DMN65D8LDW-7_SOT363-6!
S!PQ1214!!ETY-ROOM!DMN65D8LDW-7_SOT363-6!
S!PQ1209!!ETY-ROOM!DMN65D8LDW-7_SOT363-6!
S!PQ1204!!ETY-ROOM!DMN65D8LDW-7_SOT363-6!
S!PQ1201!!ETY-ROOM!DMN65D8LDW-7_SOT363-6!
S!PQ1!!ETY-ROOM!DMN65D8LDW-7_SOT363-6!
S!PL902!!ETY-ROOM!2.2UH_PCMB103T-2R2MS_13A_20%!
S!PL501!!ETY-ROOM!1UH_1277AS-H-1R0N-P2_3.3A_30%!
S!PL404!!ETY-ROOM!1UH_1277AS-H-1R0N-P2_3.3A_30%!
S!PL402!!ETY-ROOM!1UH_1277AS-H-1R0N-P2_3.3A_30%!
S!PL3!!P_DCIN!BLM15AG102SN1D_2P!
S!PL4!!P_DCIN!FBMJ4516HS720NT_2P!
S!PL2!!P_DCIN!FBMJ4516HS720NT_2P!
S!PL1!!P_DCIN!FBMJ4516HS720NT_2P!
S!PJPDC1!!ETY-ROOM!CVILU_CI0805M1HRC-NH!
S!PJP402!!1.5V!JUMP_43X79!
S!PJP401!!1.5V!JUMP_43X79!
S!PJP201!!P_1.2V!JUMP_43X39!
S!PJP302!!ETY-ROOM!JUMP_43X118!
S!PJP200!!P_1.2V!JUMP_43X118!
S!PJP1202!!1.5V!JUMP_43X118!
S!PJP103!!1.5V!JUMP_43X118!
S!PJP102!!1.5V!JUMP_43X118!
S!PH605!!CPU_CORE!10KB_0402_5%!
S!PH604!!CPU_CORE!10KB_0402_5%!
S!RE537!!!10K_0402_5%!
S!RE526!!!10K_0402_5%!
S!RE18!!KBC!10K_0402_5%!
S!RE15!!KBC!10K_0402_5%!
S!RE14!!KBC!10K_0402_5%!
S!RN179!!ETY-ROOM!10K_0402_5%!
S!RN176!!ETY-ROOM!10K_0402_5%!
S!RN174!!ETY-ROOM!10K_0402_5%!
S!RZ62!!!10K_0402_5%!
S!RZ362!!!10K_0402_5%!
S!RZ111!!!10K_0402_5%!
S!RT379!!!10K_0402_5%!
S!RT378!!!10K_0402_5%!
S!RZ359!!!10K_0402_5%!
S!RZ358!!!10K_0402_5%!
S!RZ357!!!10K_0402_5%!
S!RZ356!!!10K_0402_5%!
S!RZ355!!!10K_0402_5%!
S!RZ354!!!10K_0402_5%!
S!RZ167!!!10K_0402_5%!
S!RZ166!!!10K_0402_5%!
S!RZ165!!!10K_0402_5%!
S!RZ164!!!10K_0402_5%!
S!RZ163!!!10K_0402_5%!
S!RZ162!!!10K_0402_5%!
S!RZ161!!!10K_0402_5%!
S!RZ160!!!10K_0402_5%!
S!RZ159!!!10K_0402_5%!
S!RZ158!!!10K_0402_5%!
S!RZ157!!!10K_0402_5%!
S!RZ156!!!10K_0402_5%!
S!RZ155!!!10K_0402_5%!
S!RZ154!!!10K_0402_5%!
S!RC414!!!10K_0402_5%!
S!RC413!!!10K_0402_5%!
S!RZ69!!TPM!10K_0402_5%!
S!RZ117!!KBTP!10K_0402_5%!
S!RZ116!!KBTP!10K_0402_5%!
S!RV8!!TOUCH!10K_0402_5%!
S!RV19!!HDMI!10K_0402_5%!
S!RV18!!HDMI!10K_0402_5%!
S!RT68!!PD!10K_0402_5%!
S!RT107!!PD!10K_0402_5%!
S!RT106!!PD!10K_0402_5%!
S!RR3!!RTS5242!10K_0402_5%!
S!RR19!!RTS5242!10K_0402_5%!
S!RN74!!SATA EXPRESS!10K_0402_5%!
S!RN73!!SATA EXPRESS!10K_0402_5%!
S!RN72!!SATA EXPRESS!10K_0402_5%!
S!RN71!!SATA EXPRESS!10K_0402_5%!
S!RN70!!SATA EXPRESS!10K_0402_5%!
S!RN69!!SATA EXPRESS!10K_0402_5%!
S!RN65!!SATA EXPRESS!10K_0402_5%!
S!RN64!!SATA EXPRESS!10K_0402_5%!
S!RN63!!SATA EXPRESS!10K_0402_5%!
S!RN62!!SATA EXPRESS!10K_0402_5%!
S!RN61!!SATA EXPRESS!10K_0402_5%!
S!RN60!!SATA EXPRESS!10K_0402_5%!
S!RN59!!SATA EXPRESS!10K_0402_5%!
S!RN58!!SATA EXPRESS!10K_0402_5%!
S!RN57!!SATA EXPRESS!10K_0402_5%!
S!RN56!!SATA EXPRESS!10K_0402_5%!
S!RN55!!SATA EXPRESS!10K_0402_5%!
S!RN54!!SATA EXPRESS!10K_0402_5%!
S!RN53!!SATA EXPRESS!10K_0402_5%!
S!RN52!!SATA EXPRESS!10K_0402_5%!
S!RN51!!SATA EXPRESS!10K_0402_5%!
S!RN50!!SATA EXPRESS!10K_0402_5%!
S!RN5!!HDD!10K_0402_5%!
S!RN49!!SATA EXPRESS!10K_0402_5%!
S!RN44!!SATA EXPRESS!10K_0402_5%!
S!RN43!!SATA EXPRESS!10K_0402_5%!
S!RN42!!SATA EXPRESS!10K_0402_5%!
S!RN41!!SATA EXPRESS!10K_0402_5%!
S!RN40!!SATA EXPRESS!10K_0402_5%!
S!RN4!!HDD!10K_0402_5%!
S!RN39!!SATA EXPRESS!10K_0402_5%!
S!RN38!!SATA EXPRESS!10K_0402_5%!
S!RN37!!SATA EXPRESS!10K_0402_5%!
S!RN3!!HDD!10K_0402_5%!
S!RN28!!SATA EXPRESS!10K_0402_5%!
S!RN27!!SATA EXPRESS!10K_0402_5%!
S!RN26!!SATA EXPRESS!10K_0402_5%!
S!RN25!!SATA EXPRESS!10K_0402_5%!
S!RL9!!LAN!10K_0402_5%!
S!RL70!!CPU!10K_0402_5%!
S!RL5!!LAN!10K_0402_5%!
S!RL2!!LAN!10K_0402_5%!
S!RL1!!LAN!10K_0402_5%!
S!RI13!!JUSB1!10K_0402_5%!
S!RE86!!KBC!10K_0402_5%!
S!RE74!!KBC!10K_0402_5%!
S!RE73!!KBC!10K_0402_5%!
S!RE72!!KBC!10K_0402_5%!
S!RE67!!KBC!10K_0402_5%!
S!RE6!!KBC!10K_0402_5%!
S!RE56!!KBC!10K_0402_5%!
S!RE51!!KBC!10K_0402_5%!
S!RE5!!SIO!10K_0402_5%!
S!RE48!!KBC!10K_0402_5%!
S!RE38!!SIO!10K_0402_5%!
S!RE35!!SIO!10K_0402_5%!
S!RE348!!KBC!10K_0402_5%!
S!RE342!!KBC!10K_0402_5%!
S!RE340!!KBC!10K_0402_5%!
S!RE313!!KBC!10K_0402_5%!
S!RE301!!KBC!10K_0402_5%!
S!RE21!!SIO!10K_0402_5%!
S!RE17!!SIO!10K_0402_5%!
S!RE16!!SIO!10K_0402_5%!
S!RE13!!SIO!10K_0402_5%!
S!RC75!!CPU!10K_0402_5%!
S!RC74!!CPU!10K_0402_5%!
S!RC73!!CPU!10K_0402_5%!
S!RC68!!CPU!10K_0402_5%!
S!RC59!!CPU!10K_0402_5%!
S!RC51!!CPU!10K_0402_5%!
S!RC50!!CPU!10K_0402_5%!
S!RC47!!CPU!10K_0402_5%!
S!RC411!!CPU!10K_0402_5%!
S!RC404!!CPU!10K_0402_5%!
S!RC401!!KBC!10K_0402_5%!
S!RC400!!KBC!10K_0402_5%!
S!RC387!!CPU!10K_0402_5%!
S!RC372!!KBC!10K_0402_5%!
S!RC371!!KBC!10K_0402_5%!
S!RC370!!CPU!10K_0402_5%!
S!RC346!!CPU!10K_0402_5%!
S!RC344!!CPU!10K_0402_5%!
S!RC323!!CPU!10K_0402_5%!
S!RC311!!CPU!10K_0402_5%!
S!RC292!!CPU!10K_0402_5%!
S!RC291!!CPU!10K_0402_5%!
S!RC288!!CPU!10K_0402_5%!
S!RC283!!CPU!10K_0402_5%!
S!RC279!!CPU!10K_0402_5%!
S!RC278!!CPU!10K_0402_5%!
S!RC272!!CPU!10K_0402_5%!
S!RC268!!CPU!10K_0402_5%!
S!RC267!!CPU!10K_0402_5%!
S!RC243!!CPU!10K_0402_5%!
S!RC237!!CPU!10K_0402_5%!
S!RC219!!CPU XDP!10K_0402_5%!
S!RC190!!CPU!10K_0402_5%!
S!RC189!!CPU!10K_0402_5%!
S!RC13!!CPU!10K_0402_5%!
S!RA51!!CODEC!10K_0402_5%!
S!RA45!!CODEC!10K_0402_5%!
S!RA18!!CODEC!10K_0402_5%!
S!PR1249!!P_SELECTOR!10K_0402_5%!
S!PH602!!ETY-ROOM!10K_0402_5%!
S!PH603!!CPU_CORE!470K_0402_5%!
S!PH601!!CPU_CORE!470K_0402_5%!
S!PD4!!ETY-ROOM!PESD5V0U2BT_SOT23-3!
S!PD3!!ETY-ROOM!BAS40CW SOT-323!
S!PD1205!!P_SELECTOR!SDMK0340L-7-F_SOD323-2!
S!PD904!!ETY-ROOM!SDMK0340L-7-F_SOD323-2~D!
S!PD901!!ETY-ROOM!SDMK0340L-7-F_SOD323-2~D!
S!PD2!!ETY-ROOM!TVNST52302AB0_SOT523-3!
S!PD1!!ETY-ROOM!TVNST52302AB0_SOT523-3!
S!PC943!!CHARGER!560P_0402_50V7K!
S!PC931!!PWR_CHARGER!1U_0603_25V6!
S!PC688!!ETY-ROOM!10P_0402_50V8K!
S!PC686!!ETY-ROOM!10P_0402_50V8K!
S!PC646!!ETY-ROOM!0.047U_0402_25V7K!
S!PC626!!CPU_CORE!0.047U_0402_25V7K!
S!PC642!!CPU_CORE!0.033U_0402_16V7K!
S!PC637!!CPU_CORE!0.033U_0402_16V7K!
S!PC624!!ETY-ROOM!0.033U_0402_16V7K!
S!PC653!!CPU_CORE!0.082U_0402_16V7K!
S!PC650!!CPU_CORE!0.082U_0402_16V7K!
S!PC620!!CPU_CORE!0.082U_0402_16V7K!
S!PC671!!CPU_CORE!0.22U_0603_16V7K!
S!PC655!!CPU_CORE!0.22U_0603_16V7K!
S!PC611!!CPU_CORE!0.22U_0603_16V7K!
S!PC606!!ETY-ROOM!100U_D_20VM_R55M!
S!PC605!!CPU_CORE!47P_0402_50V8J~D!
S!PC934!!CHARGER!0.22U_0603_25V7K!
S!PC930!!CHARGER!0.22U_0603_25V7K!
S!PC604!!CPU_CORE!0.22U_0603_25V7K!
S!PC505!!1.8V!0.1U_0402_16V7K!
S!PC5!!P_DCIN!1000P_0603_50V7K!
S!PC6!!P_DCIN!0.022U_0603_50V7K!
S!PC4!!P_DCIN!0.022U_0603_50V7K!
S!PC613!!ETY-ROOM!330P_0402_50V7K!
S!PC652!!CPU_CORE!330P_0402_50V7K!
S!PC651!!CPU_CORE!330P_0402_50V7K!
S!PC643!!ETY-ROOM!330P_0402_50V7K!
S!PC625!!ETY-ROOM!330P_0402_50V7K!
S!PC618!!CPU_CORE!330P_0402_50V7K!
S!PC307!!ETY-ROOM!330P_0402_50V7K!
S!PC208!!P_1.2V!330P_0402_50V7K!
S!PC205!!P_1.2V!0.1U_0603_16V7K!
S!PC617!!ETY-ROOM!1200P_0402_50V7K!
S!PC1213!!CHARGER!1200P_0402_50V7K!
S!PC1207!!CHARGER!1200P_0402_50V7K!
S!PC1206!!CHARGER!220P_0402_50V8J~D!
S!PC1205!!CHARGER!100P_0402_50V8J~D!
S!PC1217!!!1500P_0402_50V7K!
S!PC1210!!P_DCIN!1500P_0402_50V7K!
S!PC1203!!P_DCIN!1500P_0402_50V7K!
S!PC1202!!P_DCIN!2200P 50V K X7R 0603!
S!PC1201!!CHARGER!0.01U_0402_25V7K~D!
S!PC941!!ETY-ROOM!680P_0603_50V7K!
S!PC940!!ETY-ROOM!680P_0603_50V7K!
S!PC678!!CPU_CORE!680P_0603_50V7K!
S!PC662!!CPU_CORE!680P_0603_50V7K!
S!PC622!!CPU_CORE!680P_0603_50V7K!
S!PC302!!ETY-ROOM!680P_0603_50V7K!
S!PC204!!P_1.2V!680P_0603_50V7K!
S!PC125!!ETY-ROOM!680P_0603_50V7K!
S!PC112!!ETY-ROOM!680P_0603_50V7K!
S!PC1128!!CPU!330U_D2_2.5VM_R9M!
S!PC1127!!CPU!330U_D2_2.5VM_R9M!
S!PC1063!!CPU!330U_D2_2.5VM_R9M!
S!PC1062!!CPU!330U_D2_2.5VM_R9M!
S!PC130!!ETY-ROOM!22UF_0805_6.3V6M!
S!PC129!!ETY-ROOM!22UF_0805_6.3V6M!
S!PC124!!ETY-ROOM!22UF_0805_6.3V6M!
S!PC123!!ETY-ROOM!22UF_0805_6.3V6M!
S!PC122!!ETY-ROOM!22UF_0805_6.3V6M!
S!PC121!!ETY-ROOM!22UF_0805_6.3V6M!
S!PC120!!ETY-ROOM!22UF_0805_6.3V6M!
S!PC110!!ETY-ROOM!22UF_0805_6.3V6M!
S!PC109!!ETY-ROOM!22UF_0805_6.3V6M!
S!PC108!!ETY-ROOM!22UF_0805_6.3V6M!
S!PC107!!ETY-ROOM!22UF_0805_6.3V6M!
S!PC106!!ETY-ROOM!22UF_0805_6.3V6M!
S!PC663!!!10U_0805_25V6K!
S!PC665!!!10U_0805_25V6K!
S!PC664!!!10U_0805_25V6K!
S!PC658!!CPU_CORE!10U_0805_25V6K!
S!PC936!!CHARGER!10U_0805_25V6K!
S!PC935!!CHARGER!10U_0805_25V6K!
S!PC920!!PWR_CHARGER!10U_0805_25V6K!
S!PC919!!PWR_CHARGER!10U_0805_25V6K!
S!PC918!!PWR_CHARGER!10U_0805_25V6K!
S!PC917!!PWR_CHARGER!10U_0805_25V6K!
S!PC916!!PWR_CHARGER!10U_0805_25V6K!
S!PC915!!PWR_CHARGER!10U_0805_25V6K!
S!PC914!!PWR_CHARGER!10U_0805_25V6K!
S!PC913!!PWR_CHARGER!10U_0805_25V6K!
S!PC8!!ETY-ROOM!10U_0805_25V6K!
S!PC673!!CPU_CORE!10U_0805_25V6K!
S!PC672!!CPU_CORE!10U_0805_25V6K!
S!PC657!!CPU_CORE!10U_0805_25V6K!
S!PC656!!CPU_CORE!10U_0805_25V6K!
S!PC612!!CPU_CORE!10U_0805_25V6K!
S!PC608!!CPU_CORE!10U_0805_25V6K!
S!PC201!!ETY-ROOM!10U_0805_25V6K!
S!PC200!!ETY-ROOM!10U_0805_25V6K!
S!PC118!!3_5V!10U_0805_25V6K!
S!PC117!!3_5V!10U_0805_25V6K!
S!PC105!!3_5V!10U_0805_25V6K!
S!PC104!!3_5V!10U_0805_25V6K!
S!PC1164!!ETY-ROOM!1U_0201_6.3V6M!
S!PC1153!!ETY-ROOM!1U_0201_6.3V6M!
S!PC1152!!ETY-ROOM!1U_0201_6.3V6M!
S!PC1151!!ETY-ROOM!1U_0201_6.3V6M!
S!PC1150!!ETY-ROOM!1U_0201_6.3V6M!
S!PC1149!!ETY-ROOM!1U_0201_6.3V6M!
S!PC1148!!ETY-ROOM!1U_0201_6.3V6M!
S!PC1147!!ETY-ROOM!1U_0201_6.3V6M!
S!PC1126!!ETY-ROOM!1U_0201_6.3V6M!
S!PC1125!!ETY-ROOM!1U_0201_6.3V6M!
S!PC1099!!ETY-ROOM!1U_0201_6.3V6M!
S!PC1098!!ETY-ROOM!1U_0201_6.3V6M!
S!PC1097!!ETY-ROOM!1U_0201_6.3V6M!
S!PC1096!!ETY-ROOM!1U_0201_6.3V6M!
S!PC1095!!ETY-ROOM!1U_0201_6.3V6M!
S!PC1094!!ETY-ROOM!1U_0201_6.3V6M!
S!PC1093!!ETY-ROOM!1U_0201_6.3V6M!
S!PC1092!!ETY-ROOM!1U_0201_6.3V6M!
S!PC1091!!ETY-ROOM!1U_0201_6.3V6M!
S!PC1090!!ETY-ROOM!1U_0201_6.3V6M!
S!PC1089!!ETY-ROOM!1U_0201_6.3V6M!
S!PC1088!!ETY-ROOM!1U_0201_6.3V6M!
S!PC1087!!ETY-ROOM!1U_0201_6.3V6M!
S!PC1086!!ETY-ROOM!1U_0201_6.3V6M!
S!PC1085!!ETY-ROOM!1U_0201_6.3V6M!
S!PC1084!!ETY-ROOM!1U_0201_6.3V6M!
S!PC1083!!ETY-ROOM!1U_0201_6.3V6M!
S!PC1056!!ETY-ROOM!1U_0201_6.3V6M!
S!PC1055!!ETY-ROOM!1U_0201_6.3V6M!
S!PC1054!!ETY-ROOM!1U_0201_6.3V6M!
S!PC1053!!ETY-ROOM!1U_0201_6.3V6M!
S!PC1052!!ETY-ROOM!1U_0201_6.3V6M!
S!PC1051!!ETY-ROOM!1U_0201_6.3V6M!
S!PC1050!!ETY-ROOM!1U_0201_6.3V6M!
S!PC1049!!ETY-ROOM!1U_0201_6.3V6M!
S!PC1048!!ETY-ROOM!1U_0201_6.3V6M!
S!PC1047!!ETY-ROOM!1U_0201_6.3V6M!
S!PC1046!!ETY-ROOM!1U_0201_6.3V6M!
S!PC1045!!ETY-ROOM!1U_0201_6.3V6M!
S!PC1044!!ETY-ROOM!1U_0201_6.3V6M!
S!PC1043!!ETY-ROOM!1U_0201_6.3V6M!
S!PC1042!!ETY-ROOM!1U_0201_6.3V6M!
S!PC1041!!ETY-ROOM!1U_0201_6.3V6M!
S!PC1040!!ETY-ROOM!1U_0201_6.3V6M!
S!PC1039!!ETY-ROOM!1U_0201_6.3V6M!
S!PC1038!!ETY-ROOM!1U_0201_6.3V6M!
S!PC1037!!ETY-ROOM!1U_0201_6.3V6M!
S!PC1036!!ETY-ROOM!1U_0201_6.3V6M!
S!PC1035!!ETY-ROOM!1U_0201_6.3V6M!
S!PC1034!!ETY-ROOM!1U_0201_6.3V6M!
S!PC1033!!ETY-ROOM!1U_0201_6.3V6M!
S!PC1032!!ETY-ROOM!1U_0201_6.3V6M!
S!PC1031!!ETY-ROOM!1U_0201_6.3V6M!
S!PC1030!!ETY-ROOM!1U_0201_6.3V6M!
S!PC7!!P_DCIN!0.1U_0603_25V7K!
S!PC304!!ETY-ROOM!0.1U_0603_25V7K!
S!PC114!!3_5V!0.1U_0603_25V7K!
S!PC102!!3_5V!0.1U_0603_25V7K!
S!PBATT1!!ETY-ROOM!DEREN_40-42251-01001RHF!
S!LV20!!CRT!BLM15AG121SN1D_L0402_2P!
S!LV19!!CRT!BLM15AG121SN1D_L0402_2P!
S!LV18!!CRT!BLM15BB470SN1D_2P!
S!LV17!!CRT!BLM15BB470SN1D_2P!
S!LV16!!CRT!BLM15BB470SN1D_2P!
S!LL1!!LAN!4.7UH_BRC2012T4R7MD_20%!
S!LZ1!!CAMERA!EXC24CQ900U_4P!
S!LV27!!TOUCH!EXC24CQ900U_4P!
S!LI7!!JUSB1!EXC24CQ900U_4P!
S!LI4!!JUSB3!EXC24CQ900U_4P!
S!LI3!!JUSB2!EXC24CQ900U_4P!
S!LED3!!LED!LTW-C193DC-C_WHITE!
S!LA13!!CODEC!HCB2012VF-601T20_2P!
S!LV30!!CRT!BLM15PX600SN1D_2P!
S!LV14!!CRT!BLM15PX600SN1D_2P!
S!LT11!!CRT!BLM15PX600SN1D_2P!
S!LA5!!CODEC!BLM15PX600SN1D_2P!
S!LA14!!CODEC!BLM15PX600SN1D_2P!
S!LA12!!CODEC!BLM15PX600SN1D_2P!
S!LA16!!!BLM15PX330SN1D_2P!
S!LA15!!!BLM15PX330SN1D_2P!
S!LA11!!CODEC!BLM15PX330SN1D_2P!
S!LA10!!CODEC!BLM15PX330SN1D_2P!
S!JXDP1!!CPU XDP!SAMTE_BSH-030-01-L-D-A!
S!JUART1!!ETY-ROOM!CVILU_CI1804M1VRA-NH!
S!JTAG1!!KBC!@SHORT PADS~D!
S!JSPI1!!ETY-ROOM!E-T_6705K-Y20N-00L!
S!JSIM1!!SIM!T-SOL_5-991503004000-6!
S!JSD1!!RTS5242!T-SOL_156-2000302608_NR!
S!JRTC1!!ETY-ROOM!ACES_50271-0020N-001!
S!JNGFF2!!WWAN!BELLW_80149-4221!
S!JNGFF1!!WLAN!BELLW_80148-4221!
S!JHDMI1!!HDMI!CONCR_099BKAC19YBLCNF!
S!JFAN1!!KBC!ACES_50271-0040N-001!
S!JEDP1!!LCD!ACES_50398-04041-001!
S!H6!!LED!H_1P1N!
S!H5!!LED!H_1P1N!
S!FD4!!LED!FIDUCIAL MARK~D!
S!FD3!!LED!FIDUCIAL MARK~D!
S!FD2!!LED!FIDUCIAL MARK~D!
S!FD1!!LED!FIDUCIAL MARK~D!
S!DV6!!CRT!PJDLC05C_SOT23-3!
S!DV5!!CRT!PJDLC05C_SOT23-3!
S!DV3!!LCD!BAT54CW_SOT323-3!
S!DV2!!LCD!BAT54CW_SOT323-3!
S!DV1!!LCD!BAT54CW_SOT323-3!
S!DT4!!ETY-ROOM!L30ESD24VC3-2_SOT23-3!
S!DT3!!PD!1N4148WS-7-F_SOD323-2!
S!DT2!!PD!1N4148WS-7-F_SOD323-2!
S!DT1!!PD!1N4148WS-7-F_SOD323-2!
S!DV4!!TOUCH!AZC199-02SPR7G_SOT23-3!
S!DI5!!JUSB1!AZC199-02SPR7G_SOT23-3!
S!DI3!!JUSB3!AZC199-02SPR7G_SOT23-3!
S!DI2!!JUSB2!AZC199-02SPR7G_SOT23-3!
S!DI6!!JUSB3!L05ESDL5V0NA-4_SLP2510P8-10-9!
S!DI4!!JUSB1!L05ESDL5V0NA-4_SLP2510P8-10-9!
S!DI1!!JUSB2!L05ESDL5V0NA-4_SLP2510P8-10-9!
S!DA7!!CODEC!L03ESDL5V0CC3-2_SOT23-3!
S!DA6!!CODEC!L03ESDL5V0CC3-2_SOT23-3!
S!DA2!!CODEC!L03ESDL5V0CC3-2_SOT23-3!
S!DA3!!CODEC!AZ5123-02S.R7G_SOT23-3!
S!DA1!!CODEC!AZ5123-02S.R7G_SOT23-3!
S!CA3!!CODEC!330P_0402_50V8J!
S!CA2!!CODEC!330P_0402_50V8J!
S!CZ26!!WWAN!100U_B2_6.3VM_R35M!
S!CZ25!!WWAN!2000P_0402_50V7K!
S!CC27!!CPU!47P_0402_50V8J!
S!CZ38!!SIM!47P_0402_50V8J!
S!CZ23!!WWAN!47P_0402_50V8J!
S!CZ126!!CODEC!220P_0402_50V7K!
S!CV14!!LCD!0.01U_0402_50V7K!
S!CV131!!CRT!3.3P_0402_50V8C!
S!CV130!!CRT!3.3P_0402_50V8C!
S!CV129!!CRT!3.3P_0402_50V8C!
S!CV15!!LCD!0.1U_0603_50V7K!
S!CV11!!LCD!0.1U_0603_50V7K!
S!PC945!!CHARGER!4.7U_0402_6.3V6M!
S!PC925!!CHARGER!4.7U_0402_6.3V6M!
S!CZ75!!!4.7U_0402_6.3V6M!
S!CR1!!RTS5242!4.7U_0402_6.3V6M!
S!PC128!!ETY-ROOM!4.7U_0402_6.3V6M!
S!CZ37!!SIM!4.7U_0402_6.3V6M!
S!CV102!!CRT!4.7U_0402_6.3V6M!
S!CT98!!TBT!0.22U_0201_6.3V6K!
S!CT97!!TBT!0.22U_0201_6.3V6K!
S!CT96!!TBT!0.22U_0201_6.3V6K!
S!CT95!!TBT!0.22U_0201_6.3V6K!
S!PC11!!UPD!1U_0603_50V6K!
S!CT94!!PD!1U_0603_50V6K!
S!CT91!!PD!2.2U_0603_25V6K!
S!CT90!!PD!1U_0402_10V6K!
S!PC685!!CPU_CORE!1U_0402_10V6K!
S!PC677!!CPU_CORE!1U_0402_10V6K!
S!PC661!!CPU_CORE!1U_0402_10V6K!
S!PC218!!P_1.2V!1U_0402_10V6K!
S!CT93!!PD!1U_0402_10V6K!
S!CT89!!PD!1U_0402_10V6K!
S!PC3!!P_DCIN!1U_0603_25V6K!
S!CT82!!PD!1U_0603_25V6K!
S!PC911!!CHARGER!22U_0805_25V6M!
S!PC906!!CHARGER!22U_0805_25V6M!
S!PC905!!CHARGER!22U_0805_25V6M!
S!PC904!!CHARGER!22U_0805_25V6M!
S!CT78!!PD!22U_0805_25V6M!
S!CT77!!PD!22U_0805_25V6M!
S!CT76!!PD!22U_0805_25V6M!
S!CT75!!PD!22U_0805_25V6M!
S!CT83!!PD!1U_0402_16V6K!
S!CT74!!PD!1U_0402_16V6K!
S!CV105!!CRT!2.2U_0402_16V6K!
S!CT73!!PD!2.2U_0402_16V6K!
S!CT72!!PD!2.2U_0402_16V6K!
S!CT71!!PD!2.2U_0402_16V6K!
S!PC645!!CPU_CORE!.1U_0402_16V7K!
S!PC644!!CPU_CORE!.1U_0402_16V7K!
S!PC641!!CPU_CORE!.1U_0402_16V7K!
S!PC513!!ETY-ROOM!.1U_0402_16V7K!
S!CT70!!PD!.1U_0402_16V7K!
S!CT99!!TBT!0.47U_0201_25V!
S!CT102!!TBT!0.47U_0201_25V!
S!CT101!!TBT!0.47U_0201_25V!
S!CT100!!TBT!0.47U_0201_25V!
S!CR21!!RTS5242!5P_0402_50V8C!
S!PC514!!ETY-ROOM!4.7U_0603_6.3V6K!
S!PC313!!ETY-ROOM!4.7U_0603_6.3V6K!
S!PC312!!ETY-ROOM!4.7U_0603_6.3V6K!
S!PC126!!3_5V!4.7U_0603_6.3V6K!
S!PC119!!3_5V!4.7U_0603_6.3V6K!
S!PC111!!3_5V!4.7U_0603_6.3V6K!
S!CZ32!!WLAN!4.7U_0603_6.3V6K!
S!CR5!!RTS5242!4.7U_0603_6.3V6K!
S!CR20!!RTS5242!4.7U_0603_6.3V6K!
S!CR18!!RTS5242!4.7U_0603_6.3V6K!
S!CZ142!!!0.22U_0402_10V6K!
S!CZ141!!!0.22U_0402_10V6K!
S!CZ136!!!0.22U_0402_10V6K!
S!CZ135!!!0.22U_0402_10V6K!
S!CN72!!SATA EXPRESS!0.22U_0402_10V6K!
S!CN71!!SATA EXPRESS!0.22U_0402_10V6K!
S!CN70!!SATA EXPRESS!0.22U_0402_10V6K!
S!CN69!!SATA EXPRESS!0.22U_0402_10V6K!
S!CN37!!SATA EXPRESS!0.22U_0402_10V6K!
S!CN36!!SATA EXPRESS!0.22U_0402_10V6K!
S!CN33!!SATA EXPRESS!0.22U_0402_10V6K!
S!CN32!!SATA EXPRESS!0.22U_0402_10V6K!
S!CN27!!SATA EXPRESS!0.22U_0402_10V6K!
S!CN26!!SATA EXPRESS!0.22U_0402_10V6K!
S!CN23!!SATA EXPRESS!0.22U_0402_10V6K!
S!CN22!!SATA EXPRESS!0.22U_0402_10V6K!
S!PC660!!CPU_CORE!82P_0402_50V8J!
S!PC314!!!82P_0402_50V8J!
S!PC132!!!82P_0402_50V8J!
S!PC131!!!82P_0402_50V8J!
S!CV25!!TBT!82P_0402_50V8J!
S!CV23!!TBT!82P_0402_50V8J!
S!CV21!!TBT!82P_0402_50V8J!
S!CV19!!TBT!82P_0402_50V8J!
S!CT190!!TBT!82P_0402_50V8J!
S!CR28!!TBT!82P_0402_50V8J!
S!CR26!!TBT!82P_0402_50V8J!
S!CL30!!TBT!82P_0402_50V8J!
S!CL28!!LAN!22U_0805_6.3V6M!
S!CT86!!PD!470P_0402_50V7K!
S!CT85!!PD!470P_0402_50V7K!
S!PC420!!ETY-ROOM!470P_0402_50V7K!
S!PC419!!ETY-ROOM!470P_0402_50V7K!
S!PC410!!ETY-ROOM!470P_0402_50V7K!
S!PC401!!ETY-ROOM!470P_0402_50V7K!
S!CZ197!!UZ8!470P_0402_50V7K!
S!CZ130!!HDD!470P_0402_50V7K!
S!CZ121!!UZ8!470P_0402_50V7K!
S!CZ118!!UZ4!470P_0402_50V7K!
S!CZ117!!UZ4!470P_0402_50V7K!
S!CZ113!!UZ3!470P_0402_50V7K!
S!CZ110!!UZ2!470P_0402_50V7K!
S!CZ109!!UZ2!470P_0402_50V7K!
S!CL18!!LAN!470P_0402_50V7K!
S!CL14!!LAN!27P_0402_50V8J!
S!CL13!!LAN!27P_0402_50V8J!
S!PC949!!CPU_CORE!0.1U_0402_10V7K!
S!PC9!!CPU_CORE!0.1U_0402_10V7K!
S!PC222!!P_1.2V!0.1U_0402_10V7K!
S!PC221!!P_1.2V!0.1U_0402_10V7K!
S!PC1204!!CPU_CORE!0.1U_0402_10V7K!
S!CZ104!!+VCC_SFR_OC!0.1U_0402_10V7K!
S!CV112!!CRT!0.1U_0402_10V7K!
S!CV111!!CRT!0.1U_0402_10V7K!
S!CV110!!CRT!0.1U_0402_10V7K!
S!CV109!!CRT!0.1U_0402_10V7K!
S!CV108!!CRT!0.1U_0402_10V7K!
S!CV107!!CRT!0.1U_0402_10V7K!
S!CI42!!JUSB1!0.1U_0402_10V7K!
S!CI41!!JUSB1!0.1U_0402_10V7K!
S!CI40!!JUSB1!0.1U_0402_10V7K!
S!CI39!!JUSB1!0.1U_0402_10V7K!
S!CV135!!CRT!0.1U_0402_16V4Z!
S!CI37!!JUSB1!0.1U_0402_16V4Z!
S!CI34!!JUSB1!47U_0603_6.3V6M!
S!CI33!!JUSB1!47U_0603_6.3V6M!
S!CI8!!JUSB3!100U_1206_6.3V6M!
S!CI14!!JUSB1!100U_1206_6.3V6M!
S!CI1!!JUSB2!100U_1206_6.3V6M!
S!CZ61!!USH!.047U_0402_16V7K!
S!CZ18!!WWAN!.047U_0402_16V7K!
S!CZ17!!WWAN!.047U_0402_16V7K!
S!CE8!!SIO!.047U_0402_16V7K!
S!CE5!!KBC!3300P_0402_50V7-K!
S!PC631!!ETY-ROOM!4700P_0402_25V7K!
S!PC937!!CHARGER!4700P_0402_25V7K!
S!CE62!!!4700P_0402_25V7K!
S!CE47!!KBC!4700P_0402_25V7K!
S!CE40!!KBC!4700P_0402_25V7K!
S!PC223!!!10U_0603_6.3V6M!
S!PC214!!P_1.2V!10U_0603_6.3V6M!
S!CT84!!PD!10U_0603_6.3V6M!
S!CE32!!KBC!10U_0603_6.3V6M!
S!CE16!!KBC!10U_0603_6.3V6M!
S!CT92!!PD!0.1U_0402_25V6K!
S!CE6!!PCH!0.1U_0402_25V6K!
S!CE53!!PCH!0.1U_0402_25V6K!
S!CE52!!PCH!0.1U_0402_25V6K!
S!CE1!!PCH!0.1U_0402_25V6K!
S!CD62!!MEMORY!0.022U_0402_16V7K!
S!CD31!!MEMORY!0.022U_0402_16V7K!
S!CD57!!MEMORY!0.1U_0402_10V6K!
S!CD25!!MEMORY!0.1U_0402_10V6K!
S!CD49!!MEMORY!330U_D3_2.5VY_R6M!
S!CD17!!MEMORY!330U_D3_2.5VY_R6M!
S!CT87!!PD!0.22U_0402_16V7K!
S!CC333!!!2.2P_0402_50V8C!
S!CC332!!!2.2P_0402_50V8C!
S!CC331!!!2.2P_0402_50V8C!
S!CC325!!CPU!2.2P_0402_50V8C!
S!CC324!!CPU!2.2P_0402_50V8C!
S!CC323!!CPU!2.2P_0402_50V8C!
S!CC322!!CPU!2.2P_0402_50V8C!
S!PC516!!ETY-ROOM!22U_0603_6.3V6M!
S!PC311!!ETY-ROOM!22U_0603_6.3V6M!
S!PC310!!ETY-ROOM!22U_0603_6.3V6M!
S!PC309!!ETY-ROOM!22U_0603_6.3V6M!
S!PC308!!ETY-ROOM!22U_0603_6.3V6M!
S!PC504!!ETY-ROOM!22U_0603_6.3V6M!
S!PC502!!ETY-ROOM!22U_0603_6.3V6M!
S!PC501!!ETY-ROOM!22U_0603_6.3V6M!
S!PC424!!ETY-ROOM!22U_0603_6.3V6M!
S!PC422!!ETY-ROOM!22U_0603_6.3V6M!
S!PC416!!ETY-ROOM!22U_0603_6.3V6M!
S!PC415!!ETY-ROOM!22U_0603_6.3V6M!
S!PC407!!ETY-ROOM!22U_0603_6.3V6M!
S!PC406!!ETY-ROOM!22U_0603_6.3V6M!
S!PC219!!P_1.2V!22U_0603_6.3V6M!
S!PC213!!P_1.2V!22U_0603_6.3V6M!
S!PC212!!P_1.2V!22U_0603_6.3V6M!
S!PC211!!P_1.2V!22U_0603_6.3V6M!
S!PC210!!P_1.2V!22U_0603_6.3V6M!
S!PC209!!P_1.2V!22U_0603_6.3V6M!
S!PC1181!!ETY-ROOM!22U_0603_6.3V6M!
S!PC1180!!ETY-ROOM!22U_0603_6.3V6M!
S!PC1179!!ETY-ROOM!22U_0603_6.3V6M!
S!PC1178!!ETY-ROOM!22U_0603_6.3V6M!
S!PC1176!!ETY-ROOM!22U_0603_6.3V6M!
S!PC1173!!ETY-ROOM!22U_0603_6.3V6M!
S!PC1171!!ETY-ROOM!22U_0603_6.3V6M!
S!PC1170!!ETY-ROOM!22U_0603_6.3V6M!
S!PC1146!!ETY-ROOM!22U_0603_6.3V6M!
S!PC1145!!ETY-ROOM!22U_0603_6.3V6M!
S!PC1144!!ETY-ROOM!22U_0603_6.3V6M!
S!PC1143!!ETY-ROOM!22U_0603_6.3V6M!
S!PC1142!!ETY-ROOM!22U_0603_6.3V6M!
S!PC1141!!ETY-ROOM!22U_0603_6.3V6M!
S!PC1140!!ETY-ROOM!22U_0603_6.3V6M!
S!PC1139!!ETY-ROOM!22U_0603_6.3V6M!
S!PC1138!!ETY-ROOM!22U_0603_6.3V6M!
S!PC1137!!ETY-ROOM!22U_0603_6.3V6M!
S!PC1136!!ETY-ROOM!22U_0603_6.3V6M!
S!PC1135!!ETY-ROOM!22U_0603_6.3V6M!
S!PC1134!!ETY-ROOM!22U_0603_6.3V6M!
S!PC1133!!ETY-ROOM!22U_0603_6.3V6M!
S!PC1132!!ETY-ROOM!22U_0603_6.3V6M!
S!PC1131!!ETY-ROOM!22U_0603_6.3V6M!
S!PC1130!!ETY-ROOM!22U_0603_6.3V6M!
S!PC1129!!ETY-ROOM!22U_0603_6.3V6M!
S!PC1082!!ETY-ROOM!22U_0603_6.3V6M!
S!PC1081!!ETY-ROOM!22U_0603_6.3V6M!
S!PC1080!!ETY-ROOM!22U_0603_6.3V6M!
S!PC1079!!ETY-ROOM!22U_0603_6.3V6M!
S!PC1078!!ETY-ROOM!22U_0603_6.3V6M!
S!PC1077!!ETY-ROOM!22U_0603_6.3V6M!
S!PC1076!!ETY-ROOM!22U_0603_6.3V6M!
S!PC1075!!ETY-ROOM!22U_0603_6.3V6M!
S!PC1074!!ETY-ROOM!22U_0603_6.3V6M!
S!PC1073!!ETY-ROOM!22U_0603_6.3V6M!
S!PC1072!!ETY-ROOM!22U_0603_6.3V6M!
S!PC1071!!ETY-ROOM!22U_0603_6.3V6M!
S!PC1070!!ETY-ROOM!22U_0603_6.3V6M!
S!PC1069!!ETY-ROOM!22U_0603_6.3V6M!
S!PC1068!!ETY-ROOM!22U_0603_6.3V6M!
S!PC1067!!ETY-ROOM!22U_0603_6.3V6M!
S!PC1066!!ETY-ROOM!22U_0603_6.3V6M!
S!PC1065!!ETY-ROOM!22U_0603_6.3V6M!
S!PC1064!!ETY-ROOM!22U_0603_6.3V6M!
S!PC1061!!ETY-ROOM!22U_0603_6.3V6M!
S!PC1060!!ETY-ROOM!22U_0603_6.3V6M!
S!PC1059!!ETY-ROOM!22U_0603_6.3V6M!
S!PC1058!!ETY-ROOM!22U_0603_6.3V6M!
S!PC1057!!ETY-ROOM!22U_0603_6.3V6M!
S!PC1029!!ETY-ROOM!22U_0603_6.3V6M!
S!PC1028!!ETY-ROOM!22U_0603_6.3V6M!
S!PC1027!!ETY-ROOM!22U_0603_6.3V6M!
S!PC1026!!ETY-ROOM!22U_0603_6.3V6M!
S!PC1025!!ETY-ROOM!22U_0603_6.3V6M!
S!PC1024!!ETY-ROOM!22U_0603_6.3V6M!
S!PC1023!!ETY-ROOM!22U_0603_6.3V6M!
S!PC1022!!ETY-ROOM!22U_0603_6.3V6M!
S!PC1021!!ETY-ROOM!22U_0603_6.3V6M!
S!PC1020!!ETY-ROOM!22U_0603_6.3V6M!
S!PC1019!!ETY-ROOM!22U_0603_6.3V6M!
S!PC1018!!ETY-ROOM!22U_0603_6.3V6M!
S!PC1017!!ETY-ROOM!22U_0603_6.3V6M!
S!PC1016!!ETY-ROOM!22U_0603_6.3V6M!
S!PC1015!!ETY-ROOM!22U_0603_6.3V6M!
S!PC1014!!ETY-ROOM!22U_0603_6.3V6M!
S!PC1013!!ETY-ROOM!22U_0603_6.3V6M!
S!PC1012!!ETY-ROOM!22U_0603_6.3V6M!
S!PC1011!!ETY-ROOM!22U_0603_6.3V6M!
S!PC1010!!ETY-ROOM!22U_0603_6.3V6M!
S!PC1009!!ETY-ROOM!22U_0603_6.3V6M!
S!PC1008!!ETY-ROOM!22U_0603_6.3V6M!
S!PC1007!!ETY-ROOM!22U_0603_6.3V6M!
S!PC1006!!ETY-ROOM!22U_0603_6.3V6M!
S!PC1005!!ETY-ROOM!22U_0603_6.3V6M!
S!PC1004!!ETY-ROOM!22U_0603_6.3V6M!
S!PC1003!!ETY-ROOM!22U_0603_6.3V6M!
S!PC1002!!ETY-ROOM!22U_0603_6.3V6M!
S!PC1001!!ETY-ROOM!22U_0603_6.3V6M!
S!CZ20!!WWAN!22U_0603_6.3V6M!
S!CN64!!SATA EXPRESS!22U_0603_6.3V6M!
S!CN63!!SATA EXPRESS!22U_0603_6.3V6M!
S!CL12!!LAN!22U_0603_6.3V6M!
S!CE17!!KBC!22U_0603_6.3V6M!
S!CC296!!CPU!22U_0603_6.3V6M!
S!CC295!!CPU!22U_0603_6.3V6M!
S!CC294!!CPU!22U_0603_6.3V6M!
S!CC280!!CPU!22U_0603_6.3V6M!
S!CC279!!CPU!22U_0603_6.3V6M!
S!CV133!!CRT!22P_0402_50V8J!
S!CV132!!CRT!22P_0402_50V8J!
S!PC944!!ETY-ROOM!0.01UF_0402_25V7K!
S!CZ29!!WLAN!0.01UF_0402_25V7K!
S!CZ28!!WLAN!0.01UF_0402_25V7K!
S!CV82!!PS8348!0.01UF_0402_25V7K!
S!CV81!!PS8348!0.01UF_0402_25V7K!
S!CV80!!PS8348!0.01UF_0402_25V7K!
S!CN16!!!0.01UF_0402_25V7K!
S!CN15!!!0.01UF_0402_25V7K!
S!CN14!!!0.01UF_0402_25V7K!
S!CN13!!!0.01UF_0402_25V7K!
S!CN12!!!0.01UF_0402_25V7K!
S!CI38!!JUSB1!0.01UF_0402_25V7K!
S!CZ134!!!0.01UF_0402_25V7K!
S!PC654!!CPU_CORE!0.01UF_0402_25V7K!
S!PC649!!CPU_CORE!0.01UF_0402_25V7K!
S!PC619!!CPU_CORE!0.01UF_0402_25V7K!
S!PC515!!ETY-ROOM!0.01UF_0402_25V7K!
S!PC1214!!ETY-ROOM!0.01UF_0402_25V7K!
S!CV17!!LCD!0.01UF_0402_25V7K!
S!CN7!!HDD!0.01UF_0402_25V7K!
S!CN6!!HDD!0.01UF_0402_25V7K!
S!CN5!!HDD!0.01UF_0402_25V7K!
S!CN4!!HDD!0.01UF_0402_25V7K!
S!CN31!!SATA EXPRESS!0.01UF_0402_25V7K!
S!CN21!!SATA EXPRESS!0.01UF_0402_25V7K!
S!CC266!!CPU!0.01UF_0402_25V7K!
S!CC226!!CPU!47U_0805_6.3V6M!
S!CC225!!CPU!47U_0805_6.3V6M!
S!CC221!!CPU!47U_0805_6.3V6M!
S!CC220!!CPU!47U_0805_6.3V6M!
S!CC219!!CPU!47U_0805_6.3V6M!
S!CC210!!CPU!47U_0805_6.3V6M!
S!CZ36!!WLAN!15P_0402_50V8J!
S!CZ35!!WLAN!15P_0402_50V8J!
S!CZ34!!WLAN!15P_0402_50V8J!
S!CZ33!!WLAN!15P_0402_50V8J!
S!CC22!!CPU!15P_0402_50V8J!
S!CC21!!CPU!15P_0402_50V8J!
S!CE503!!!1U_0402_6.3V6K!
S!CE500!!!1U_0402_6.3V6K!
S!PC933!!CHARGER!1U_0402_6.3V6K!
S!PC932!!CHARGER!1U_0402_6.3V6K!
S!PC206!!P_1.2V!1U_0402_6.3V6K!
S!CZ105!!+1.0V_VCCSTG!1U_0402_6.3V6K!
S!CZ102!!+VCC_SFR_OC!1U_0402_6.3V6K!
S!CZ100!!+1.0V_VCCST!1U_0402_6.3V6K!
S!CV134!!CRT!1U_0402_6.3V6K!
S!CR22!!RTS5242!1U_0402_6.3V6K!
S!CR15!!RTS5242!1U_0402_6.3V6K!
S!CE31!!KBC!1U_0402_6.3V6K!
S!CE30!!KBC!1U_0402_6.3V6K!
S!CE2!!KBC!1U_0402_6.3V6K!
S!CE14!!KBC!1U_0402_6.3V6K!
S!CE10!!KBC!1U_0402_6.3V6K!
S!CD9!!MEMORY!1U_0402_6.3V6K!
S!CD56!!MEMORY!1U_0402_6.3V6K!
S!CD55!!MEMORY!1U_0402_6.3V6K!
S!CD51!!MEMORY!1U_0402_6.3V6K!
S!CD50!!MEMORY!1U_0402_6.3V6K!
S!CD48!!MEMORY!1U_0402_6.3V6K!
S!CD47!!MEMORY!1U_0402_6.3V6K!
S!CD46!!MEMORY!1U_0402_6.3V6K!
S!CD45!!MEMORY!1U_0402_6.3V6K!
S!CD44!!MEMORY!1U_0402_6.3V6K!
S!CD43!!MEMORY!1U_0402_6.3V6K!
S!CD42!!MEMORY!1U_0402_6.3V6K!
S!CD41!!MEMORY!1U_0402_6.3V6K!
S!CD24!!MEMORY!1U_0402_6.3V6K!
S!CD23!!MEMORY!1U_0402_6.3V6K!
S!CD19!!MEMORY!1U_0402_6.3V6K!
S!CD18!!MEMORY!1U_0402_6.3V6K!
S!CD16!!MEMORY!1U_0402_6.3V6K!
S!CD15!!MEMORY!1U_0402_6.3V6K!
S!CD14!!MEMORY!1U_0402_6.3V6K!
S!CD13!!MEMORY!1U_0402_6.3V6K!
S!CD12!!MEMORY!1U_0402_6.3V6K!
S!CD11!!MEMORY!1U_0402_6.3V6K!
S!CD10!!MEMORY!1U_0402_6.3V6K!
S!CC326!!CPU!1U_0402_6.3V6K!
S!CC288!!CPU!1U_0402_6.3V6K!
S!CC265!!CPU!1U_0402_6.3V6K!
S!CC264!!CPU!1U_0402_6.3V6K!
S!CC253!!CPU!1U_0402_6.3V6K!
S!CC252!!CPU!1U_0402_6.3V6K!
S!CC251!!CPU!1U_0402_6.3V6K!
S!CC250!!CPU!1U_0402_6.3V6K!
S!CC25!!CPU!1U_0402_6.3V6K!
S!CC24!!CPU!1U_0402_6.3V6K!
S!CC224!!CPU!1U_0402_6.3V6K!
S!CC222!!CPU!1U_0402_6.3V6K!
S!CC218!!CPU!1U_0402_6.3V6K!
S!CC217!!CPU!1U_0402_6.3V6K!
S!CC216!!CPU!1U_0402_6.3V6K!
S!CC215!!CPU!1U_0402_6.3V6K!
S!CC213!!CPU!1U_0402_6.3V6K!
S!CC212!!CPU!1U_0402_6.3V6K!
S!CC211!!CPU!1U_0402_6.3V6K!
S!CC209!!CPU!1U_0402_6.3V6K!
S!CC208!!CPU!1U_0402_6.3V6K!
S!CC207!!CPU!1U_0402_6.3V6K!
S!CC206!!CPU!1U_0402_6.3V6K!
S!CC205!!CPU!1U_0402_6.3V6K!
S!CC204!!CPU!1U_0402_6.3V6K!
S!CC203!!CPU!1U_0402_6.3V6K!
S!CC202!!CPU!1U_0402_6.3V6K!
S!CC199!!CPU!1U_0402_6.3V6K!
S!CC195!!CPU!1U_0402_6.3V6K!
S!CT117!!PS8740!10U_0402_6.3V6M!
S!CR4!!RTS5242!10U_0402_6.3V6M!
S!CI31!!JUSB1!10U_0402_6.3V6M!
S!CC297!!CPU!10U_0402_6.3V6M!
S!CC179!!CPU!10U_0402_6.3V6M!
S!CC178!!CPU!10U_0402_6.3V6M!
S!CC177!!CPU!10U_0402_6.3V6M!
S!CC176!!CPU!10U_0402_6.3V6M!
S!PC628!!ETY-ROOM!33P_0402_50V8J!
S!CZ40!!SIM!33P_0402_50V8J!
S!CZ39!!SIM!33P_0402_50V8J!
S!CZ21!!WWAN!33P_0402_50V8J!
S!CZ19!!WWAN!33P_0402_50V8J!
S!CE57!!SPI ROM!33P_0402_50V8J!
S!CC8!!SPI ROM!33P_0402_50V8J!
S!CC7!!SPI ROM!33P_0402_50V8J!
S!CC321!!SPI ROM!33P_0402_50V8J!
S!CC320!!SPI ROM!33P_0402_50V8J!
S!CC319!!SPI ROM!33P_0402_50V8J!
S!CC318!!SPI ROM!33P_0402_50V8J!
S!CC316!!SPI ROM!33P_0402_50V8J!
S!CA69!!CODEC!33P_0402_50V8J!
S!CZ60!!!68P_0402_50V8J!
S!CZ58!!!68P_0402_50V8J!
S!PC636!!ETY-ROOM!68P_0402_50V8J!
S!PC616!!ETY-ROOM!68P_0402_50V8J!
S!PC503!!1.8V!68P_0402_50V8J!
S!CZ89!!TBT!68P_0402_50V8J!
S!CZ88!!TBT!68P_0402_50V8J!
S!CZ87!!TBT!68P_0402_50V8J!
S!CZ86!!TBT!68P_0402_50V8J!
S!CZ85!!TBT!68P_0402_50V8J!
S!CZ84!!TBT!68P_0402_50V8J!
S!CZ83!!TBT!68P_0402_50V8J!
S!CZ73!!USH!68P_0402_50V8J!
S!CZ72!!USH!68P_0402_50V8J!
S!CZ71!!USH!68P_0402_50V8J!
S!CZ69!!USH!68P_0402_50V8J!
S!CZ63!!TBT!68P_0402_50V8J!
S!CZ62!!TBT!68P_0402_50V8J!
S!CN60!!USH!68P_0402_50V8J!
S!CI48!!TBT!68P_0402_50V8J!
S!CI46!!TBT!68P_0402_50V8J!
S!CI44!!TBT!68P_0402_50V8J!
S!CE61!!CPU!68P_0402_50V8J!
S!CE60!!TBT!68P_0402_50V8J!
S!CA68!!TBT!68P_0402_50V8J!
S!CA66!!TBT!68P_0402_50V8J!
S!CA64!!TBT!68P_0402_50V8J!
S!CC23!!CPU!12P_0402_50V8J!
S!CZ59!!!12P_0402_50V8J!
S!CZ57!!!12P_0402_50V8J!
S!CV24!!TBT!12P_0402_50V8J!
S!CV22!!TBT!12P_0402_50V8J!
S!CV20!!TBT!12P_0402_50V8J!
S!CV18!!TBT!12P_0402_50V8J!
S!CV128!!CRT!12P_0402_50V8J!
S!CV127!!CRT!12P_0402_50V8J!
S!CV126!!CRT!12P_0402_50V8J!
S!CT189!!TBT!12P_0402_50V8J!
S!CR27!!TBT!12P_0402_50V8J!
S!CR25!!TBT!12P_0402_50V8J!
S!CL29!!TBT!12P_0402_50V8J!
S!CI47!!TBT!12P_0402_50V8J!
S!CI45!!TBT!12P_0402_50V8J!
S!CI43!!TBT!12P_0402_50V8J!
S!CE59!!TBT!12P_0402_50V8J!
S!CC26!!CPU!12P_0402_50V8J!
S!CA67!!TBT!12P_0402_50V8J!
S!CA65!!TBT!12P_0402_50V8J!
S!CA63!!TBT!12P_0402_50V8J!
S!PC659!!CPU_CORE!100P_0402_50V8J!
S!PC409!!ETY-ROOM!100P_0402_50V8J!
S!PC303!!ETY-ROOM!100P_0402_50V8J!
S!PC301!!ETY-ROOM!100P_0402_50V8J!
S!PC116!!3_5V!100P_0402_50V8J!
S!PC115!!3_5V!100P_0402_50V8J!
S!PC103!!3_5V!100P_0402_50V8J!
S!PC100!!3_5V!100P_0402_50V8J!
S!PC1216!!!100P_0402_50V8J!
S!PC1215!!!100P_0402_50V8J!
S!PC217!!P_1.2V!100P_0402_50V8J!
S!PC1212!!ETY-ROOM!100P_0402_50V8J!
S!PC1211!!ETY-ROOM!100P_0402_50V8J!
S!CZ3!!TBT!100P_0402_50V8J!
S!CZ24!!WWAN!100P_0402_50V8J!
S!CZ198!!WWAN!100P_0402_50V8J!
S!CE46!!KBC!100P_0402_50V8J!
S!CE39!!KBC!100P_0402_50V8J!
S!CE37!!KBC!100P_0402_50V8J!
S!CE35!!KBC!100P_0402_50V8J!
S!CC301!!CPU!100P_0402_50V8J!
S!CC300!!CPU!100P_0402_50V8J!
S!CA72!!CAMERA!100P_0402_50V8J!
S!CA62!!CAMERA!100P_0402_50V8J!
S!CA6!!CAMERA!100P_0402_50V8J!
S!CA5!!CAMERA!100P_0402_50V8J!
S!CE12!!KBC!2.2U_0402_6.3V6M!
S!PC207!!P_1.2V!2.2U_0402_6.3V6M!
S!CV96!!PS8348!2.2U_0402_6.3V6M!
S!CT122!!PS8740!2.2U_0402_6.3V6M!
S!CD59!!MEMORY!2.2U_0402_6.3V6M!
S!CD58!!MEMORY!2.2U_0402_6.3V6M!
S!CD27!!MEMORY!2.2U_0402_6.3V6M!
S!CD26!!MEMORY!2.2U_0402_6.3V6M!
S!CA35!!CODEC!2.2U_0402_6.3V6M!
S!CZ81!!KBTP!10P_0402_50V8J!
S!CZ80!!KBTP!10P_0402_50V8J!
S!CE505!!!10P_0402_50V8J!
S!CE504!!!10P_0402_50V8J!
S!PC938!!CHARGER!10P_0402_50V8J!
S!CE54!!KBC!10P_0402_50V8J!
S!CE29!!KBC!10P_0402_50V8J!
S!CE28!!KBC!10P_0402_50V8J!
S!CA54!!CODEC!10P_0402_50V8J!
S!CA33!!CODEC!10P_0402_50V8J!
S!PC603!!CPU_CORE!1U_0603_10V6K!
S!CA49!!CODEC!1U_0603_10V6K!
S!CA31!!CODEC!1U_0603_10V6K!
S!CA29!!CODEC!1U_0603_10V6K!
S!PC1286!!!0.1U_0402_25V6!
S!CZ11!!!0.1U_0402_25V6!
S!CZ10!!!0.1U_0402_25V6!
S!PC928!!PWR_CHARGER!0.1U_0402_25V6!
S!PC1209!!P_DCIN!0.1U_0402_25V6!
S!PC950!!CHARGER!0.1U_0402_25V6!
S!PC947!!CHARGER!0.1U_0402_25V6!
S!PC939!!CHARGER!0.1U_0402_25V6!
S!PC902!!CHARGER!0.1U_0402_25V6!
S!PC602!!ETY-ROOM!0.1U_0402_25V6!
S!PC417!!ETY-ROOM!0.1U_0402_25V6!
S!PC411!!ETY-ROOM!0.1U_0402_25V6!
S!PC408!!ETY-ROOM!0.1U_0402_25V6!
S!PC402!!ETY-ROOM!0.1U_0402_25V6!
S!PC202!!P_1.2V!0.1U_0402_25V6!
S!CZ56!!TPM!0.1U_0402_25V6!
S!CZ41!!TBT!0.1U_0402_25V6!
S!CZ15!!WLAN!0.1U_0402_25V6!
S!CZ14!!WLAN!0.1U_0402_25V6!
S!CZ13!!WLAN!0.1U_0402_25V6!
S!CZ12!!WLAN!0.1U_0402_25V6!
S!CV6!!LCD!0.1U_0402_25V6!
S!CV5!!LCD!0.1U_0402_25V6!
S!CV4!!LCD!0.1U_0402_25V6!
S!CV38!!HDMI!0.1U_0402_25V6!
S!CV37!!HDMI!0.1U_0402_25V6!
S!CV36!!HDMI!0.1U_0402_25V6!
S!CV35!!HDMI!0.1U_0402_25V6!
S!CV34!!HDMI!0.1U_0402_25V6!
S!CV33!!HDMI!0.1U_0402_25V6!
S!CV32!!HDMI!0.1U_0402_25V6!
S!CV31!!HDMI!0.1U_0402_25V6!
S!CV3!!LCD!0.1U_0402_25V6!
S!CV2!!LCD!0.1U_0402_25V6!
S!CV157!!WLAN!0.1U_0402_25V6!
S!CV156!!WLAN!0.1U_0402_25V6!
S!CV153!!WLAN!0.1U_0402_25V6!
S!CV152!!WLAN!0.1U_0402_25V6!
S!CV150!!WLAN!0.1U_0402_25V6!
S!CV149!!WLAN!0.1U_0402_25V6!
S!CV148!!WLAN!0.1U_0402_25V6!
S!CV147!!WLAN!0.1U_0402_25V6!
S!CV146!!WLAN!0.1U_0402_25V6!
S!CV145!!WLAN!0.1U_0402_25V6!
S!CV106!!CRT!0.1U_0402_25V6!
S!CV104!!CRT!0.1U_0402_25V6!
S!CV103!!CRT!0.1U_0402_25V6!
S!CV101!!CRT!0.1U_0402_25V6!
S!CV100!!CRT!0.1U_0402_25V6!
S!CV1!!LCD!0.1U_0402_25V6!
S!CT116!!PS8740!0.1U_0402_25V6!
S!CT115!!PS8740!0.1U_0402_25V6!
S!CT114!!PS8740!0.1U_0402_25V6!
S!CT113!!PS8740!0.1U_0402_25V6!
S!CT112!!PS8740!0.1U_0402_25V6!
S!CT111!!PS8740!0.1U_0402_25V6!
S!CT110!!PS8740!0.1U_0402_25V6!
S!CT109!!PS8740!0.1U_0402_25V6!
S!CT108!!PS8740!0.1U_0402_25V6!
S!CT107!!PS8740!0.1U_0402_25V6!
S!CT106!!PS8740!0.1U_0402_25V6!
S!CT105!!PS8740!0.1U_0402_25V6!
S!CT104!!PS8740!0.1U_0402_25V6!
S!CT103!!PS8740!0.1U_0402_25V6!
S!CR14!!RTS5242!0.1U_0402_25V6!
S!CR13!!RTS5242!0.1U_0402_25V6!
S!CR12!!RTS5242!0.1U_0402_25V6!
S!CR11!!RTS5242!0.1U_0402_25V6!
S!CL6!!LAN!0.1U_0402_25V6!
S!CL5!!LAN!0.1U_0402_25V6!
S!CL2!!LAN!0.1U_0402_25V6!
S!CL1!!LAN!0.1U_0402_25V6!
S!CI5!!JUSB2!0.1U_0402_25V6!
S!CI4!!JUSB2!0.1U_0402_25V6!
S!CI30!!WWAN!0.1U_0402_25V6!
S!CI29!!WWAN!0.1U_0402_25V6!
S!CI28!!JUSB3!0.1U_0402_25V6!
S!CI27!!JUSB3!0.1U_0402_25V6!
S!CI16!!JUSB1!0.1U_0402_25V6!
S!CI13!!JUSB1!0.1U_0402_25V6!
S!CE38!!KBC!0.1U_0402_25V6!
S!CE36!!KBC!0.1U_0402_25V6!
S!CD61!!MEMORY!0.1U_0402_25V6!
S!CD29!!MEMORY!0.1U_0402_25V6!
S!CC33!!CPU XDP!0.1U_0402_25V6!
S!CC32!!CPU XDP!0.1U_0402_25V6!
S!CC312!!CPU!0.1U_0402_25V6!
S!CC310!!CPU!0.1U_0402_25V6!
S!CC308!!CPU XDP!0.1U_0402_25V6!
S!CC307!!CPU XDP!0.1U_0402_25V6!
S!CC306!!CPU XDP!0.1U_0402_25V6!
S!CC305!!CPU!0.1U_0402_25V6!
S!CC304!!CPU!0.1U_0402_25V6!
S!CC303!!CPU!0.1U_0402_25V6!
S!CC302!!CPU!0.1U_0402_25V6!
S!CC269!!CPU XDP!0.1U_0402_25V6!
S!CA41!!CODEC!0.1U_0402_25V6!
S!CA28!!CODEC!0.1U_0402_25V6!
S!CA27!!CODEC!0.1U_0402_25V6!
S!CZ55!!!10U_0603_10V6M!
S!CZ52!!!10U_0603_10V6M!
S!CZ27!!WLAN!10U_0603_10V6M!
S!PC413!!ETY-ROOM!10U_0603_10V6M!
S!PC412!!ETY-ROOM!10U_0603_10V6M!
S!PC404!!ETY-ROOM!10U_0603_10V6M!
S!PC403!!ETY-ROOM!10U_0603_10V6M!
S!CV41!!HDMI!10U_0603_10V6M!
S!CV16!!LCD!10U_0603_10V6M!
S!CN1!!HDD!10U_0603_10V6M!
S!CL4!!LAN!10U_0603_10V6M!
S!CI6!!JUSB2!10U_0603_10V6M!
S!CI11!!JUSB3!10U_0603_10V6M!
S!CD8!!MEMORY!10U_0603_10V6M!
S!CD7!!MEMORY!10U_0603_10V6M!
S!CD6!!MEMORY!10U_0603_10V6M!
S!CD54!!MEMORY!10U_0603_10V6M!
S!CD53!!MEMORY!10U_0603_10V6M!
S!CD52!!MEMORY!10U_0603_10V6M!
S!CD5!!MEMORY!10U_0603_10V6M!
S!CD40!!MEMORY!10U_0603_10V6M!
S!CD4!!MEMORY!10U_0603_10V6M!
S!CD39!!MEMORY!10U_0603_10V6M!
S!CD38!!MEMORY!10U_0603_10V6M!
S!CD37!!MEMORY!10U_0603_10V6M!
S!CD36!!MEMORY!10U_0603_10V6M!
S!CD35!!MEMORY!10U_0603_10V6M!
S!CD34!!MEMORY!10U_0603_10V6M!
S!CD33!!MEMORY!10U_0603_10V6M!
S!CD3!!MEMORY!10U_0603_10V6M!
S!CD22!!MEMORY!10U_0603_10V6M!
S!CD21!!MEMORY!10U_0603_10V6M!
S!CD20!!MEMORY!10U_0603_10V6M!
S!CD2!!MEMORY!10U_0603_10V6M!
S!CD1!!MEMORY!10U_0603_10V6M!
S!CA9!!CODEC!10U_0603_10V6M!
S!CA61!!CODEC!10U_0603_10V6M!
S!CA59!!CODEC!10U_0603_10V6M!
S!CA58!!CODEC!10U_0603_10V6M!
S!CA56!!CODEC!10U_0603_10V6M!
S!CA53!!CODEC!10U_0603_10V6M!
S!CA52!!CODEC!10U_0603_10V6M!
S!CA51!!CODEC!10U_0603_10V6M!
S!CA48!!CODEC!10U_0603_10V6M!
S!CA46!!CODEC!10U_0603_10V6M!
S!CA44!!CODEC!10U_0603_10V6M!
S!CA43!!CODEC!10U_0603_10V6M!
S!CA25!!CODEC!10U_0603_10V6M!
S!PC929!!PWR_CHARGER!2200P_0402_50V7K!
S!PC903!!CHARGER!2200P_0402_50V7K!
S!PC640!!ETY-ROOM!2200P_0402_50V7K!
S!PC639!!CPU_CORE!2200P_0402_50V7K!
S!PC630!!ETY-ROOM!2200P_0402_50V7K!
S!PC629!!ETY-ROOM!2200P_0402_50V7K!
S!PC627!!CPU_CORE!2200P_0402_50V7K!
S!PC614!!ETY-ROOM!2200P_0402_50V7K!
S!PC418!!ETY-ROOM!2200P_0402_50V7K!
S!PC216!!P_1.2V!2200P_0402_50V7K!
S!PC203!!P_1.2V!2200P_0402_50V7K!
S!PC2!!P_DCIN!2200P_0402_50V7K!
S!PC1!!P_DCIN!2200P_0402_50V7K!
S!CZ124!!UZ4!2200P_0402_50V7K!
S!CE4!!KBC!2200P_0402_50V7K!
S!CE3!!KBC!2200P_0402_50V7K!
S!CE27!!KBC!2200P_0402_50V7K!
S!CE26!!KBC!2200P_0402_50V7K!
S!CE24!!KBC!2200P_0402_50V7K!
S!PC632!!CPU_CORE!1000P_0402_50V7K!
S!PC680!!ETY-ROOM!1000P_0402_50V7K!
S!PC679!!ETY-ROOM!1000P_0402_50V7K!
S!PC127!!ETY-ROOM!1000P_0402_50V7K!
S!PC1208!!P_DCIN!1000P_0402_50V7K!
S!PC113!!ETY-ROOM!1000P_0402_50V7K!
S!CZ127!!CODEC!1000P_0402_50V7K!
S!CZ114!!UZ3!1000P_0402_50V7K!
S!CV13!!LCD!1000P_0402_50V7K!
S!CN8!!HDD!1000P_0402_50V7K!
S!CA24!!CODEC!1000P_0402_50V7K!
S!CA23!!CODEC!1000P_0402_50V7K!
S!CA22!!CODEC!1000P_0402_50V7K!
S!CA19!!CODEC!1000P_0402_50V7K!
S!CZ54!!!0.1U_0201_10V6K!
S!CZ51!!!0.1U_0201_10V6K!
S!CZ50!!!0.1U_0201_10V6K!
S!CZ133!!!0.1U_0201_10V6K!
S!CN17!!!0.1U_0201_10V6K!
S!CZ93!!LED!0.1U_0201_10V6K!
S!CZ92!!KBTP!0.1U_0201_10V6K!
S!CZ91!!KBTP!0.1U_0201_10V6K!
S!CZ90!!KBTP!0.1U_0201_10V6K!
S!CZ82!!RSMRST!0.1U_0201_10V6K!
S!CZ68!!USH!0.1U_0201_10V6K!
S!CZ67!!USH!0.1U_0201_10V6K!
S!CZ66!!USH!0.1U_0201_10V6K!
S!CZ64!!USH!0.1U_0201_10V6K!
S!CZ53!!TPM!0.1U_0201_10V6K!
S!CZ31!!WLAN!0.1U_0201_10V6K!
S!CZ30!!WLAN!0.1U_0201_10V6K!
S!CZ2!!LCD!0.1U_0201_10V6K!
S!CZ129!!HDD!0.1U_0201_10V6K!
S!CZ128!!CODEC!0.1U_0201_10V6K!
S!CZ125!!CODEC!0.1U_0201_10V6K!
S!CZ122!!UZ2!0.1U_0201_10V6K!
S!CZ120!!UZ8!0.1U_0201_10V6K!
S!CZ119!!UZ4!0.1U_0201_10V6K!
S!CZ116!!UZ4!0.1U_0201_10V6K!
S!CZ115!!UZ3!0.1U_0201_10V6K!
S!CZ112!!UZ3!0.1U_0201_10V6K!
S!CZ111!!UZ2!0.1U_0201_10V6K!
S!CZ106!!+1.0V_VCCSTG!0.1U_0201_10V6K!
S!CZ103!!+VCC_SFR_OC!0.1U_0201_10V6K!
S!CZ101!!+1.0V_VCCST!0.1U_0201_10V6K!
S!CV95!!PS8348!0.1U_0201_10V6K!
S!CV94!!PS8348!0.1U_0201_10V6K!
S!CV93!!PS8348!0.1U_0201_10V6K!
S!CV92!!PS8348!0.1U_0201_10V6K!
S!CV91!!PS8348!0.1U_0201_10V6K!
S!CV90!!PS8348!0.1U_0201_10V6K!
S!CV89!!PS8348!0.1U_0201_10V6K!
S!CV88!!PS8348!0.1U_0201_10V6K!
S!CV87!!PS8348!0.1U_0201_10V6K!
S!CV86!!PS8348!0.1U_0201_10V6K!
S!CV85!!PS8348!0.1U_0201_10V6K!
S!CV84!!PS8348!0.1U_0201_10V6K!
S!CV83!!PS8348!0.1U_0201_10V6K!
S!CV40!!HDMI!0.1U_0201_10V6K!
S!CV39!!HDMI!0.1U_0201_10V6K!
S!CV12!!LCD!0.1U_0201_10V6K!
S!CT88!!PD!0.1U_0201_10V6K!
S!CT81!!PD!0.1U_0201_10V6K!
S!CT80!!PD!0.1U_0201_10V6K!
S!CT121!!PS8740!0.1U_0201_10V6K!
S!CT120!!PS8740!0.1U_0201_10V6K!
S!CT119!!PS8740!0.1U_0201_10V6K!
S!CT118!!PS8740!0.1U_0201_10V6K!
S!CR7!!RTS5242!0.1U_0201_10V6K!
S!CR6!!RTS5242!0.1U_0201_10V6K!
S!CR3!!RTS5242!0.1U_0201_10V6K!
S!CR2!!RTS5242!0.1U_0201_10V6K!
S!CR19!!RTS5242!0.1U_0201_10V6K!
S!CR17!!RTS5242!0.1U_0201_10V6K!
S!CN9!!HDD!0.1U_0201_10V6K!
S!CN62!!SATA EXPRESS!0.1U_0201_10V6K!
S!CN61!!SATA EXPRESS!0.1U_0201_10V6K!
S!CN30!!SATA EXPRESS!0.1U_0201_10V6K!
S!CN3!!HDD!0.1U_0201_10V6K!
S!CN20!!SATA EXPRESS!0.1U_0201_10V6K!
S!CN2!!HDD!0.1U_0201_10V6K!
S!CN11!!HDD!0.1U_0201_10V6K!
S!CN10!!HDD!0.1U_0201_10V6K!
S!CL9!!LAN!0.1U_0201_10V6K!
S!CL8!!LAN!0.1U_0201_10V6K!
S!CL7!!LAN!0.1U_0201_10V6K!
S!CL3!!LAN!0.1U_0201_10V6K!
S!CL21!!LAN!0.1U_0201_10V6K!
S!CL20!!LAN!0.1U_0201_10V6K!
S!CL19!!LAN!0.1U_0201_10V6K!
S!CL17!!LAN!0.1U_0201_10V6K!
S!CL16!!LAN!0.1U_0201_10V6K!
S!CL15!!LAN!0.1U_0201_10V6K!
S!CL11!!LAN!0.1U_0201_10V6K!
S!CL10!!LAN!0.1U_0201_10V6K!
S!CI7!!JUSB2!0.1U_0201_10V6K!
S!CI3!!JUSB2!0.1U_0201_10V6K!
S!CI19!!JUSB1!0.1U_0201_10V6K!
S!CI17!!JUSB1!0.1U_0201_10V6K!
S!CI12!!JUSB3!0.1U_0201_10V6K!
S!CI10!!JUSB3!0.1U_0201_10V6K!
S!CE25!!KBC!0.1U_0201_10V6K!
S!CE23!!KBC!0.1U_0201_10V6K!
S!CE22!!KBC!0.1U_0201_10V6K!
S!CE21!!KBC!0.1U_0201_10V6K!
S!CE20!!KBC!0.1U_0201_10V6K!
S!CE19!!KBC!0.1U_0201_10V6K!
S!CE18!!KBC!0.1U_0201_10V6K!
S!CE15!!KBC!0.1U_0201_10V6K!
S!CE13!!KBC!0.1U_0201_10V6K!
S!CE11!!KBC!0.1U_0201_10V6K!
S!CD60!!MEMORY!0.1U_0201_10V6K!
S!CD32!!MEMORY!0.1U_0201_10V6K!
S!CD28!!MEMORY!0.1U_0201_10V6K!
S!CC9!!SPI ROM!0.1U_0201_10V6K!
S!CC314!!CPU!0.1U_0201_10V6K!
S!CC313!!CPU!0.1U_0201_10V6K!
S!CC30!!CPU XDP!0.1U_0201_10V6K!
S!CC29!!CPU XDP!0.1U_0201_10V6K!
S!CC281!!CPU!0.1U_0201_10V6K!
S!CC28!!CPU XDP!0.1U_0201_10V6K!
S!CC270!!CPU!0.1U_0201_10V6K!
S!CC223!!CPU!0.1U_0201_10V6K!
S!CC214!!CPU!0.1U_0201_10V6K!
S!CC10!!SPI ROM!0.1U_0201_10V6K!
S!CA8!!ETY-ROOM!0.1U_0201_10V6K!
S!CA60!!CODEC!0.1U_0201_10V6K!
S!CA57!!CODEC!0.1U_0201_10V6K!
S!CA55!!CODEC!0.1U_0201_10V6K!
S!CA47!!CODEC!0.1U_0201_10V6K!
S!CA45!!CODEC!0.1U_0201_10V6K!
S!CA10!!CODEC!0.1U_0201_10V6K!
S!PC647!!CPU_CORE!680P_0402_50V7K!
S!PC621!!ETY-ROOM!680P_0402_50V7K!
S!PC601!!ETY-ROOM!680P_0402_50V7K!
S!PC506!!1.8V!680P_0402_50V7K!
S!CA4!!CODEC!680P_0402_50V7K!
S!CA13!!CODEC!680P_0402_50V7K!
S!CA12!!CODEC!680P_0402_50V7K!
S!CA1!!CODEC!680P_0402_50V7K!
