Importer Log Report
Project : AXKU5.PrjPcb

Section : Document - D:\AXKU5\AXKU5.brd
    Section : Load Messages
        File Version: Allegro V16.6

        Warning : Added new obj type - TRIANGLE_1
        Warning : Missing PinName or PinNumber values in Package Geometry view. Record:170 1
        Warning : Missing PinName or PinNumber values in Package Geometry view. Record:171 1
        Warning : Missing PinName or PinNumber values in Package Geometry view. Record:173 1
        Warning : Missing PinName or PinNumber values in Package Geometry view. Record:174 1
        Warning : Missing PinName or PinNumber values in Package Geometry view. Record:176 1
        Warning : Missing PinName or PinNumber values in Package Geometry view. Record:177 1
        Warning : Missing PinName or PinNumber values in Package Geometry view. Record:179 1
        Warning : Missing PinName or PinNumber values in Package Geometry view. Record:180 1
        Warning : Missing PinName or PinNumber values in Package Geometry view. Record:182 1
        Warning : Missing PinName or PinNumber values in Package Geometry view. Record:183 1
        Warning : Missing PinName or PinNumber values in Package Geometry view. Record:185 1
        Warning : Missing PinName or PinNumber values in Package Geometry view. Record:186 1
        Warning : Missing PinName or PinNumber values in Package Geometry view. Record:27149 1
        Warning : Missing PinName or PinNumber values in Package Geometry view. Record:27150 1
        Warning : Missing PinName or PinNumber values in Package Geometry view. Record:27151 1
        Warning : Missing PinName or PinNumber values in Package Geometry view. Record:27153 1
        Warning : Missing PinName or PinNumber values in Package Geometry view. Record:27154 1
        Warning : Missing PinName or PinNumber values in Package Geometry view. Record:27155 1
        Warning : Missing PinName or PinNumber values in Package Geometry view. Record:27156 1
        Warning : Missing PinName or PinNumber values in Package Geometry view. Record:27157 1
        Warning : Missing PinName or PinNumber values in Package Geometry view. Record:27158 1
        Warning : Missing PinName or PinNumber values in Package Geometry view. Record:27159 1
        Warning : Missing PinName or PinNumber values in Package Geometry view. Record:27160 1
        Warning : Missing PinName or PinNumber values in Package Geometry view. Record:27161 1
        Warning : Missing PinName or PinNumber values in Package Geometry view. Record:27162 1
        Warning : Missing PinName or PinNumber values in Package Geometry view. Record:27163 1
        Warning : Missing PinName or PinNumber values in Package Geometry view. Record:27164 1
        Warning : Missing PinName or PinNumber values in Package Geometry view. Record:27166 1
        Warning : Missing PinName or PinNumber values in Package Geometry view. Record:27167 1
        Warning : Missing PinName or PinNumber values in Package Geometry view. Record:27168 1
        Warning : Missing PinName or PinNumber values in Package Geometry view. Record:27169 1
        Warning : Missing PinName or PinNumber values in Package Geometry view. Record:27170 1
        Warning : Missing PinName or PinNumber values in Package Geometry view. Record:27171 1
        Warning : Missing PinName or PinNumber values in Package Geometry view. Record:27172 1
        Warning : Missing PinName or PinNumber values in Package Geometry view. Record:27173 1
        Warning : Missing PinName or PinNumber values in Package Geometry view. Record:27174 1
        Warning : Missing PinName or PinNumber values in Package Geometry view. Record:27175 1
        Warning : Missing PinName or PinNumber values in Package Geometry view. Record:27176 1
        Warning : Missing PinName or PinNumber values in Package Geometry view. Record:27177 1
        Warning : Missing PinName or PinNumber values in Package Geometry view. Record:27179 1
        Warning : Missing PinName or PinNumber values in Package Geometry view. Record:27180 1
        Warning : Missing PinName or PinNumber values in Package Geometry view. Record:27181 1
        Warning : Missing PinName or PinNumber values in Package Geometry view. Record:27182 1
        Warning : Missing PinName or PinNumber values in Package Geometry view. Record:27183 1
        Warning : Missing PinName or PinNumber values in Package Geometry view. Record:27184 1
        Warning : Missing PinName or PinNumber values in Package Geometry view. Record:27185 1
        Warning : Missing PinName or PinNumber values in Package Geometry view. Record:27186 1
        Warning : Missing PinName or PinNumber values in Package Geometry view. Record:27187 1
        Warning : Missing PinName or PinNumber values in Package Geometry view. Record:27188 1
        Warning : Missing PinName or PinNumber values in Package Geometry view. Record:27189 1
        Warning : Missing PinName or PinNumber values in Package Geometry view. Record:27190 1
        Warning : Missing PinName or PinNumber values in Package Geometry view. Record:27192 1
        Warning : Missing PinName or PinNumber values in Package Geometry view. Record:27193 1
        Warning : Missing PinName or PinNumber values in Package Geometry view. Record:27194 1
        Warning : Missing PinName or PinNumber values in Package Geometry view. Record:27195 1
        Warning : Missing PinName or PinNumber values in Package Geometry view. Record:27196 1
        Warning : Missing PinName or PinNumber values in Package Geometry view. Record:27197 1
        Warning : Missing PinName or PinNumber values in Package Geometry view. Record:27198 1
        Warning : Missing PinName or PinNumber values in Package Geometry view. Record:27199 1
        Warning : Missing PinName or PinNumber values in Package Geometry view. Record:27200 1
        Warning : Missing PinName or PinNumber values in Package Geometry view. Record:27201 1
        Warning : Missing PinName or PinNumber values in Package Geometry view. Record:27202 1
        Warning : Missing PinName or PinNumber values in Package Geometry view. Record:27203 1
        Warning : Missing PinName or PinNumber values in Package Geometry view. Record:49710 1
        Warning : Missing PinName or PinNumber values in Package Geometry view. Record:49711 1
        Warning : Missing PinName or PinNumber values in Package Geometry view. Record:49712 1
        Warning : Missing PinName or PinNumber values in Package Geometry view. Record:49713 1
        Warning : Missing PinName or PinNumber values in Package Geometry view. Record:49714 1
        Warning : Missing PinName or PinNumber values in Package Geometry view. Record:49715 1
        Warning : Missing PinName or PinNumber values in Package Geometry view. Record:49716 1
        Warning : Missing PinName or PinNumber values in Package Geometry view. Record:49717 1
        Warning : Missing PinName or PinNumber values in Package Geometry view. Record:49718 1
        Warning : Missing PinName or PinNumber values in Package Geometry view. Record:49719 1
        Warning : Missing PinName or PinNumber values in Package Geometry view. Record:49720 1
        Warning : Missing PinName or PinNumber values in Package Geometry view. Record:49721 1
        Warning : Missing PinName or PinNumber values in Package Geometry view. Record:49723 1
        Warning : Missing PinName or PinNumber values in Package Geometry view. Record:49724 1
        Warning : Missing PinName or PinNumber values in Package Geometry view. Record:49725 1
        Warning : Missing PinName or PinNumber values in Package Geometry view. Record:49726 1
        Warning : Missing PinName or PinNumber values in Package Geometry view. Record:49727 1
        Warning : Missing PinName or PinNumber values in Package Geometry view. Record:49728 1
        Warning : Missing PinName or PinNumber values in Package Geometry view. Record:49729 1
        Warning : Missing PinName or PinNumber values in Package Geometry view. Record:49730 1
        Warning : Missing PinName or PinNumber values in Package Geometry view. Record:49731 1
        Warning : Missing PinName or PinNumber values in Package Geometry view. Record:49732 1
        Warning : Missing PinName or PinNumber values in Package Geometry view. Record:49733 1
        Warning : Missing PinName or PinNumber values in Package Geometry view. Record:49734 1
        Warning : Missing PinName or PinNumber values in Package Geometry view. Record:49736 1
        Warning : Missing PinName or PinNumber values in Package Geometry view. Record:49737 1
        Warning : Missing PinName or PinNumber values in Package Geometry view. Record:49738 1
        Warning : Missing PinName or PinNumber values in Package Geometry view. Record:49739 1
        Warning : Missing PinName or PinNumber values in Package Geometry view. Record:49740 1
        Warning : Missing PinName or PinNumber values in Package Geometry view. Record:49741 1
        Warning : Missing PinName or PinNumber values in Package Geometry view. Record:49742 1
        Warning : Missing PinName or PinNumber values in Package Geometry view. Record:49743 1
        Warning : Missing PinName or PinNumber values in Package Geometry view. Record:49744 1
        Warning : Missing PinName or PinNumber values in Package Geometry view. Record:49745 1
        Warning : Missing PinName or PinNumber values in Package Geometry view. Record:49746 1
        Warning : Missing PinName or PinNumber values in Package Geometry view. Record:49747 1
        Warning : Missing PinName or PinNumber values in Package Geometry view. Record:49749 1
        Warning : Missing PinName or PinNumber values in Package Geometry view. Record:49750 1
        Warning : Missing PinName or PinNumber values in Package Geometry view. Record:49751 1
        Warning : Missing PinName or PinNumber values in Package Geometry view. Record:49752 1
        Warning : Missing PinName or PinNumber values in Package Geometry view. Record:49753 1
        Warning : Missing PinName or PinNumber values in Package Geometry view. Record:49754 1
        Warning : Missing PinName or PinNumber values in Package Geometry view. Record:49755 1
        Warning : Missing PinName or PinNumber values in Package Geometry view. Record:49756 1
        Warning : Missing PinName or PinNumber values in Package Geometry view. Record:49757 1
        Warning : Missing PinName or PinNumber values in Package Geometry view. Record:49758 1
        Warning : Missing PinName or PinNumber values in Package Geometry view. Record:49759 1
        Warning : Missing PinName or PinNumber values in Package Geometry view. Record:49760 1
        Warning : Missing PinName or PinNumber values in Package Geometry view. Record:49762 1
        Warning : Missing PinName or PinNumber values in Package Geometry view. Record:49763 1
        Warning : Missing PinName or PinNumber values in Package Geometry view. Record:49764 1
        Warning : Missing PinName or PinNumber values in Package Geometry view. Record:49765 1
        Warning : Missing PinName or PinNumber values in Package Geometry view. Record:49766 1
        Warning : Missing PinName or PinNumber values in Package Geometry view. Record:49767 1
        Warning : Missing PinName or PinNumber values in Package Geometry view. Record:49768 1
        Warning : Missing PinName or PinNumber values in Package Geometry view. Record:49769 1
        Warning : Missing PinName or PinNumber values in Package Geometry view. Record:49770 1
        Warning : Missing PinName or PinNumber values in Package Geometry view. Record:49771 1
        Warning : Missing PinName or PinNumber values in Package Geometry view. Record:49772 1
        Warning : Missing PinName or PinNumber values in Package Geometry view. Record:49773 1
        Warning : Missing PinName or PinNumber values in Package Geometry view. Record:49775 1
        Warning : Missing PinName or PinNumber values in Package Geometry view. Record:49776 1
        Warning : Missing PinName or PinNumber values in Package Geometry view. Record:49777 1
        Warning : Missing PinName or PinNumber values in Package Geometry view. Record:49778 1
        Warning : Missing PinName or PinNumber values in Package Geometry view. Record:49779 1
        Warning : Missing PinName or PinNumber values in Package Geometry view. Record:49780 1
        Warning : Missing PinName or PinNumber values in Package Geometry view. Record:49781 1
        Warning : Missing PinName or PinNumber values in Package Geometry view. Record:49782 1
        Warning : Missing PinName or PinNumber values in Package Geometry view. Record:49783 1
        Warning : Missing PinName or PinNumber values in Package Geometry view. Record:49784 1
        Warning : Missing PinName or PinNumber values in Package Geometry view. Record:49785 1
        Warning : Missing PinName or PinNumber values in Package Geometry view. Record:49786 1
        Warning : Missing PinName or PinNumber values in Package Geometry view. Record:49788 1
        Warning : Missing PinName or PinNumber values in Package Geometry view. Record:49789 1
        Warning : Missing PinName or PinNumber values in Package Geometry view. Record:49790 1
        Warning : Missing PinName or PinNumber values in Package Geometry view. Record:49791 1
        Warning : Missing PinName or PinNumber values in Package Geometry view. Record:49792 1
        Warning : Missing PinName or PinNumber values in Package Geometry view. Record:49793 1
        Warning : Missing PinName or PinNumber values in Package Geometry view. Record:49794 1
        Warning : Missing PinName or PinNumber values in Package Geometry view. Record:49795 1
        Warning : Missing PinName or PinNumber values in Package Geometry view. Record:49796 1
        Warning : Missing PinName or PinNumber values in Package Geometry view. Record:49797 1
        Warning : Missing PinName or PinNumber values in Package Geometry view. Record:49798 1
        Warning : Missing PinName or PinNumber values in Package Geometry view. Record:49799 1
        Warning : Missing PinName or PinNumber values in Package Geometry view. Record:49801 1
        Warning : Missing PinName or PinNumber values in Package Geometry view. Record:49802 1
        Warning : Missing PinName or PinNumber values in Package Geometry view. Record:49803 1
        Warning : Missing PinName or PinNumber values in Package Geometry view. Record:49804 1
        Warning : Missing PinName or PinNumber values in Package Geometry view. Record:49805 1
        Warning : Missing PinName or PinNumber values in Package Geometry view. Record:49806 1
        Warning : Missing PinName or PinNumber values in Package Geometry view. Record:49807 1
        Warning : Missing PinName or PinNumber values in Package Geometry view. Record:49808 1
        Warning : Missing PinName or PinNumber values in Package Geometry view. Record:49809 1
        Warning : Missing PinName or PinNumber values in Package Geometry view. Record:49810 1
        Warning : Missing PinName or PinNumber values in Package Geometry view. Record:49811 1
        Warning : Missing PinName or PinNumber values in Package Geometry view. Record:49812 1
    EndSection
EndSection
