(---------------------------------------------------------------------)
(                                                                     )
(    DRC Update                                                       )
(                                                                     )
(    Drawing          : AlpineBay_Fab1_Rev1p5.brd                     )
(    Software Version : 23.1S006                                      )
(    Date/Time        : Tue Aug 27 12:13:45 2024                      )
(                                                                     )
(---------------------------------------------------------------------)


 ========= check shapes                       0:00:00
 ========= check standalone pins              0:00:00
 ========= check symbols (pins,lines,text)    0:00:00
 ========= check xnets                        0:00:00
 ========= check nets                         0:00:00
 ========= check standalone branches          0:00:00
 ========= check standalone filled rectangles 0:00:00
 ========= check standalone lines             0:00:00
 ========= check standalone text              0:00:00
 ========= check standalone rectangles        0:00:00

 ..... Total number of DRC errors  260

 ..... DRC update completed, total CPU time   0:00:08
 *************************************************************************

