(---------------------------------------------------------------------)
(                                                                     )
(    DBDOCTOR                                                         )
(                                                                     )
(    Drawing          : AlpineBay_Fab1_Rev1p5.brd                     )
(    Software Version : 23.1S006                                      )
(    Date/Time        : Tue Aug 27 12:13:42 2024                      )
(                                                                     )
(---------------------------------------------------------------------)



ERROR: in VOID location = (7213.36 -1813.55)
  class = BOUNDARY
  subclass = TOP 
  ERROR(SPMHDB-187): VOID boundary may not cross itself.
   Error was fixed.
       By deleting object with first point location at (7213.36 -1813.55).

 Purging all unused user-defined subclasses:
  BOARD GEOMETRY / SCALPEL
  BOARD GEOMETRY / NCROUTE_PATH
  BOARD GEOMETRY / VTT_FSB
  BOARD GEOMETRY / GND_BROWN
  BOARD GEOMETRY / PIN_NUMBER_MATRIX
  BOARD GEOMETRY / PWROK_DK_BLUE
  BOARD GEOMETRY / AD_PURPLE
  BOARD GEOMETRY / VCCA_PINK
  BOARD GEOMETRY / DMI_GREEN
  BOARD GEOMETRY / GP_GRAY
  BOARD GEOMETRY / SER_DK_GREEN
  BOARD GEOMETRY / USB_LT_YELLOW
  BOARD GEOMETRY / DD_LT_BU
  BOARD GEOMETRY / VCC_CORE_DK_RED
  BOARD GEOMETRY / VCCUS_RED
  BOARD GEOMETRY / FERR_DK_PURPLE
  BOARD GEOMETRY / SCRATCH_BOTTOM
  BOARD GEOMETRY / TMP_SPACE
  BOARD GEOMETRY / LCA
  BOARD GEOMETRY / EPG_UTILITIES
  BOARD GEOMETRY / SHADOW_TXT
  BOARD GEOMETRY / BAD_SHAPE
  BOARD GEOMETRY / PPV
  BOARD GEOMETRY / HS
  BOARD GEOMETRY / TEKSKT
  BOARD GEOMETRY / CPV
  BOARD GEOMETRY / ISOTHERM220_SKEW
  BOARD GEOMETRY / E8054A
  BOARD GEOMETRY / ISOTHERM220
  BOARD GEOMETRY / USTC
  BOARD GEOMETRY / DRCLAY6
  BOARD GEOMETRY / DRCLAY3
  BOARD GEOMETRY / DRCLAY7
  BOARD GEOMETRY / DRCLAY2
  BOARD GEOMETRY / COOKIE
  BOARD GEOMETRY / DRCLAY8
  BOARD GEOMETRY / DRCLAY1
  BOARD GEOMETRY / VREG_OUTLINE
  BOARD GEOMETRY / DRCLAY5
  BOARD GEOMETRY / DRCLAY4
  BOARD GEOMETRY / GALBRAITH
  BOARD GEOMETRY / STEELCLIFF
  BOARD GEOMETRY / SHORTING_RESISTORS
  BOARD GEOMETRY / ROUTING_OUTLINE
  BOARD GEOMETRY / VCC
  BOARD GEOMETRY / GND
  BOARD GEOMETRY / PACKAGE_DIMENSION
  BOARD GEOMETRY / MULTIPAK
  DRAWING FORMAT / CONSTRUCTION
  DRAWING FORMAT / FAB_SHT3
  DRAWING FORMAT / MULTIPAK_SHT1
  MANUFACTURING / CUTLINE
  MANUFACTURING / NCLEGEND-1-1
  MANUFACTURING / NCLEGEND-8-8
  MANUFACTURING / DETAILS
  MANUFACTURING / BALANCE
  MANUFACTURING / MARKUP
  ANALYSIS / LAY5_GND_PWR
  ANALYSIS / LAY7_GNDWBO
  ANALYSIS / LAY4_GND_PWR
  ANALYSIS / LAY3_HS_SIG
  ANALYSIS / LAY6_HS_SIG
  ANALYSIS / LAY2_GNDWBO
  ANALYSIS / LAY3
  ANALYSIS / LAY6
  ANALYSIS / BOTTOM
  ANALYSIS / TOP
  PACKAGE GEOMETRY / NOTES
  PACKAGE GEOMETRY / LIBRARY REVISION
  PACKAGE GEOMETRY / ASSISTANT_LINE
  PACKAGE GEOMETRY / REFERENCE
  PACKAGE GEOMETRY / SYMDIMS
  PACKAGE GEOMETRY / HEIGHT_472_PRIM
  PACKAGE GEOMETRY / HEIGHT_157_PRIM
  PACKAGE GEOMETRY / HEIGHT_98_PRIM
  PACKAGE GEOMETRY / HEIGHT_47_PRIM
  PACKAGE GEOMETRY / HEIGHT_70_SEC
  PACKAGE GEOMETRY / HEIGHT_500_PRIM
  PACKAGE GEOMETRY / HEIGHT_70_PRIM
  PACKAGE GEOMETRY / HEIGHT_0_PRIM
  PACKAGE GEOMETRY / HEIGHT_0_SEC
  PACKAGE GEOMETRY / HEIGHT_0_PRI
  PACKAGE GEOMETRY / SCRATCH4
  PACKAGE GEOMETRY / SCRATCH3
  PACKAGE GEOMETRY / SCRATCH2
  PACKAGE GEOMETRY / SCRATCH
  PACKAGE GEOMETRY / PELTIER
  PACKAGE GEOMETRY / SOCKET
  PACKAGE GEOMETRY / REWORK_NOZ
  PACKAGE GEOMETRY / HS
  PACKAGE GEOMETRY / Z_CLIP
  PACKAGE GEOMETRY / PERTIERBOT
  PACKAGE GEOMETRY / PELTIERTOP
  PACKAGE GEOMETRY / HSBOT
  PACKAGE GEOMETRY / HSTOP
  PACKAGE GEOMETRY / SOLDER_PASTE_REAR (Films: secpaste)
  PACKAGE GEOMETRY / BGA2SM
  PACKAGE GEOMETRY / BOT_CHIP2CHIP_SP
  PACKAGE GEOMETRY / UNUSED-SILK
  PACKAGE GEOMETRY / SOLDER_PASTE_TOP (Films: pripaste)
  PACKAGE GEOMETRY / DRC_UTILITIES
  PACKAGE GEOMETRY / ALPHANUMERIC
  PACKAGE GEOMETRY / DIMENSION
  PACKAGE GEOMETRY / DIMENSIONS
  REF DES / REFDES_BOTTOM
  REF DES / REFDES_BOT
  REF DES / REFDES_TOP
  REF DES / UNUSED-SILK-TOP
 Number of empty subclasses deleted : 108.

Regenerating DRC
  Original DRC errors:   239
  Updated DRC errors:    260
  DRC elapsed time:      00:00:01

0 warnings, 1 errors detected, 1 errors  fixed.

Number of Xnets before update: 0        after update: 0
Number of Diff Pairs before update: 55   after update: 55

Saved drawing Z:/Books/Проектирование аппаратного обеспечения (Электроника)/Справочная документация по устройствам/AlpineBay Rev1P5/AlpineBay_v2310006.brd.


<<< Design Uprev Warnings >>>

Tue Aug 27 12:13:30 2024				Page     1


ERROR(SPMHDB-187): VOID boundary may not cross itself.
Performing DRC...
DRC done; 260 errors detected.
